Using pre-set license
Built from '2022.3/staging' branch; Version is '2022.3.21f1 (bf09ca542b87) revision 12519882'; Using compiler version '192829333'; Build Type 'Release'
OS: 'Windows 10  (10.0.19045) 64bit Professional' Language: 'en' Physical Memory: 16077 MB
BatchMode: 1, IsHumanControllingUs: 0, StartBugReporterOnCrash: 0, Is64bit: 1, IsPro: 1

COMMAND LINE ARGUMENTS:
C:\Program Files\Unity\Hub\Editor\2022.3.21f1\Editor\Unity.exe
-adb2
-batchMode
-noUpm
-name
AssetImportWorker0
-projectPath
D:/Learning/Unity-LPC-Character-Animator
-logFile
Logs/AssetImportWorker0.log
-srvPort
51947
Successfully changed project path to: D:/Learning/Unity-LPC-Character-Animator
D:/Learning/Unity-LPC-Character-Animator
[UnityMemory] Configuration Parameters - Can be set up in boot.config
    "memorysetup-bucket-allocator-granularity=16"
    "memorysetup-bucket-allocator-bucket-count=8"
    "memorysetup-bucket-allocator-block-size=33554432"
    "memorysetup-bucket-allocator-block-count=8"
    "memorysetup-main-allocator-block-size=16777216"
    "memorysetup-thread-allocator-block-size=16777216"
    "memorysetup-gfx-main-allocator-block-size=16777216"
    "memorysetup-gfx-thread-allocator-block-size=16777216"
    "memorysetup-cache-allocator-block-size=4194304"
    "memorysetup-typetree-allocator-block-size=2097152"
    "memorysetup-profiler-bucket-allocator-granularity=16"
    "memorysetup-profiler-bucket-allocator-bucket-count=8"
    "memorysetup-profiler-bucket-allocator-block-size=33554432"
    "memorysetup-profiler-bucket-allocator-block-count=8"
    "memorysetup-profiler-allocator-block-size=16777216"
    "memorysetup-profiler-editor-allocator-block-size=1048576"
    "memorysetup-temp-allocator-size-main=16777216"
    "memorysetup-job-temp-allocator-block-size=2097152"
    "memorysetup-job-temp-allocator-block-size-background=1048576"
    "memorysetup-job-temp-allocator-reduction-small-platforms=262144"
    "memorysetup-allocator-temp-initial-block-size-main=262144"
    "memorysetup-allocator-temp-initial-block-size-worker=262144"
    "memorysetup-temp-allocator-size-background-worker=32768"
    "memorysetup-temp-allocator-size-job-worker=262144"
    "memorysetup-temp-allocator-size-preload-manager=33554432"
    "memorysetup-temp-allocator-size-nav-mesh-worker=65536"
    "memorysetup-temp-allocator-size-audio-worker=65536"
    "memorysetup-temp-allocator-size-cloud-worker=32768"
    "memorysetup-temp-allocator-size-gi-baking-worker=262144"
    "memorysetup-temp-allocator-size-gfx=262144"
Player connection [19668] Host "[IP] 172.28.80.1 [Port] 0 [Flags] 2 [Guid] 4102416933 [EditorId] 4102416933 [Version] 1048832 [Id] WindowsEditor(7,Omac-Alexandr) [Debug] 1 [PackageName] WindowsEditor [ProjectName] Editor" joined multi-casting on [225.0.0.222:54997]...

Player connection [19668] Host "[IP] 172.28.80.1 [Port] 0 [Flags] 2 [Guid] 4102416933 [EditorId] 4102416933 [Version] 1048832 [Id] WindowsEditor(7,Omac-Alexandr) [Debug] 1 [PackageName] WindowsEditor [ProjectName] Editor" joined alternative multi-casting on [225.0.0.222:34997]...

[Physics::Module] Initialized MultithreadedJobDispatcher with 15 workers.
Refreshing native plugins compatible for Editor in 10.20 ms, found 2 plugins.
Preloading 0 native plugins for Editor in 0.00 ms.
Initialize engine version: 2022.3.21f1 (bf09ca542b87)
[Subsystems] Discovering subsystems at path C:/Program Files/Unity/Hub/Editor/2022.3.21f1/Editor/Data/Resources/UnitySubsystems
[Subsystems] Discovering subsystems at path D:/Learning/Unity-LPC-Character-Animator/Assets
GfxDevice: creating device client; threaded=0; jobified=0
Direct3D:
    Version:  Direct3D 11.0 [level 11.1]
    Renderer: Intel(R) Iris(R) Xe Graphics (ID=0x46a6)
    Vendor:   Intel
    VRAM:     8038 MB
    Driver:   31.0.101.5382
Initialize mono
Mono path[0] = 'C:/Program Files/Unity/Hub/Editor/2022.3.21f1/Editor/Data/Managed'
Mono path[1] = 'C:/Program Files/Unity/Hub/Editor/2022.3.21f1/Editor/Data/MonoBleedingEdge/lib/mono/unityjit-win32'
Mono config path = 'C:/Program Files/Unity/Hub/Editor/2022.3.21f1/Editor/Data/MonoBleedingEdge/etc'
Using monoOptions --debugger-agent=transport=dt_socket,embedding=1,server=y,suspend=n,address=127.0.0.1:56664
Begin MonoManager ReloadAssembly
Registering precompiled unity dll's ...
Register platform support module: C:/Program Files/Unity/Hub/Editor/2022.3.21f1/Editor/Data/PlaybackEngines/WindowsStandaloneSupport/UnityEditor.WindowsStandalone.Extensions.dll
Registered in 0.009417 seconds.
- Loaded All Assemblies, in  0.442 seconds
Native extension for WindowsStandalone target not found
Mono: successfully reloaded assembly
- Finished resetting the current domain, in  0.320 seconds
Domain Reload Profiling: 761ms
	BeginReloadAssembly (148ms)
		ExecutionOrderSort (0ms)
		DisableScriptedObjects (0ms)
		BackupInstance (0ms)
		ReleaseScriptingObjects (0ms)
		CreateAndSetChildDomain (1ms)
	RebuildCommonClasses (44ms)
	RebuildNativeTypeToScriptingClass (14ms)
	initialDomainReloadingComplete (75ms)
	LoadAllAssembliesAndSetupDomain (158ms)
		LoadAssemblies (145ms)
		RebuildTransferFunctionScriptingTraits (0ms)
		AnalyzeDomain (156ms)
			TypeCache.Refresh (155ms)
				TypeCache.ScanAssembly (140ms)
			ScanForSourceGeneratedMonoScriptInfo (0ms)
			ResolveRequiredComponents (1ms)
	FinalizeReload (321ms)
		ReleaseScriptCaches (0ms)
		RebuildScriptCaches (0ms)
		SetupLoadedEditorAssemblies (252ms)
			LogAssemblyErrors (0ms)
			InitializePlatformSupportModulesInManaged (11ms)
			SetLoadedEditorAssemblies (9ms)
			RefreshPlugins (0ms)
			BeforeProcessingInitializeOnLoad (2ms)
			ProcessInitializeOnLoadAttributes (171ms)
			ProcessInitializeOnLoadMethodAttributes (59ms)
			AfterProcessingInitializeOnLoad (0ms)
			EditorAssembliesLoaded (0ms)
		ExecutionOrderSort2 (0ms)
		AwakeInstancesAfterBackupRestoration (0ms)
========================================================================
Worker process is ready to serve import requests
Begin MonoManager ReloadAssembly
Symbol file LoadedFromMemory is not a mono symbol file
- Loaded All Assemblies, in  0.784 seconds
Refreshing native plugins compatible for Editor in 6.25 ms, found 2 plugins.
Native extension for WindowsStandalone target not found
Package Manager log level set to [2]
[Package Manager] Server::EnsureServerProcessIsRunning -- launch failed, reason: Unity was launched with the -noUpm command-line argument
[Package Manager] UpmClient::Send -- Unable to send message (not connected to UPM process).
[Package Manager] Cannot connect to Unity Package Manager local server
Mono: successfully reloaded assembly
- Finished resetting the current domain, in  1.723 seconds
Domain Reload Profiling: 2505ms
	BeginReloadAssembly (189ms)
		ExecutionOrderSort (0ms)
		DisableScriptedObjects (6ms)
		BackupInstance (0ms)
		ReleaseScriptingObjects (0ms)
		CreateAndSetChildDomain (25ms)
	RebuildCommonClasses (40ms)
	RebuildNativeTypeToScriptingClass (13ms)
	initialDomainReloadingComplete (51ms)
	LoadAllAssembliesAndSetupDomain (488ms)
		LoadAssemblies (431ms)
		RebuildTransferFunctionScriptingTraits (0ms)
		AnalyzeDomain (173ms)
			TypeCache.Refresh (142ms)
				TypeCache.ScanAssembly (120ms)
			ScanForSourceGeneratedMonoScriptInfo (26ms)
			ResolveRequiredComponents (4ms)
	FinalizeReload (1724ms)
		ReleaseScriptCaches (0ms)
		RebuildScriptCaches (0ms)
		SetupLoadedEditorAssemblies (1483ms)
			LogAssemblyErrors (0ms)
			InitializePlatformSupportModulesInManaged (9ms)
			SetLoadedEditorAssemblies (7ms)
			RefreshPlugins (0ms)
			BeforeProcessingInitializeOnLoad (89ms)
			ProcessInitializeOnLoadAttributes (1099ms)
			ProcessInitializeOnLoadMethodAttributes (267ms)
			AfterProcessingInitializeOnLoad (12ms)
			EditorAssembliesLoaded (0ms)
		ExecutionOrderSort2 (0ms)
		AwakeInstancesAfterBackupRestoration (20ms)
Launched and connected shader compiler UnityShaderCompiler.exe after 0.06 seconds
Refreshing native plugins compatible for Editor in 3.06 ms, found 2 plugins.
Preloading 0 native plugins for Editor in 0.00 ms.
Unloading 2737 Unused Serialized files (Serialized files now loaded: 0)
Unloading 62 unused Assets / (69.3 KB). Loaded Objects now: 3177.
Memory consumption went from 112.7 MB to 112.6 MB.
Total: 5.925600 ms (FindLiveObjects: 0.302700 ms CreateObjectMapping: 0.092300 ms MarkObjects: 5.400500 ms  DeleteObjects: 0.128300 ms)

AssetImportParameters requested are different than current active one (requested -> active):
  custom:video-decoder-webm-vp8: 9c59270c3fd7afecdb556c50c9e8de78 -> 
  custom:SearchIndexIgnoredProperties: e643bd26f0fe6173181afceb89e7c659 -> 
  custom:container-demuxer-ogg: 62fdf1f143b41e24485cea50d1cbac27 -> 
  custom:AudioImporter_EditorPlatform: d09bf68614088b80899f8185d706f6e7 -> 
  custom:video-decoder-ogg-theora: a1e56fd34408186e4bbccfd4996cb3dc -> 
  custom:framework-win-MediaFoundation: 216162199b28c13a410421893ffa2e32 -> 
  custom:video-encoder-webm-vp8: eb34c28f22e8b96e1ab97ce403110664 -> 
  custom:audio-decoder-ogg-vorbis: bf7c407c2cedff20999df2af8eb42d56 -> 
  custom:CustomObjectIndexerAttribute: 9a22284fe3817be447336de3de66b15e -> 
  custom:container-demuxer-webm: 4f35f7cbe854078d1ac9338744f61a02 -> 
  custom:audio-encoder-webm-vorbis: bf7c407c2cedff20999df2af8eb42d56 -> 
  custom:container-muxer-webm: aa71ff27fc2769a1b78a27578f13a17b -> 
========================================================================
Received Import Request.
  Time since last request: 8597.459737 seconds.
  path: Assets/BoundingBoxCalculator.cs
  artifactKey: Guid(9bf3e6bc7e34a0446a2c49df60730c3e) Importer(2089858483,0ecaa5967403d082aa24f35e1b516d23)
Start importing Assets/BoundingBoxCalculator.cs using Guid(9bf3e6bc7e34a0446a2c49df60730c3e) Importer(2089858483,0ecaa5967403d082aa24f35e1b516d23)  -> (artifact id: 'db5dfe7c4468e0ff0c2c46bc51e64cb5') in 0.110159 seconds
Number of updated asset objects reloaded before import = 0
Number of asset objects unloaded after import = 1
========================================================================
Received Import Request.
  Time since last request: 0.000020 seconds.
  path: Assets/Sprites/Standard/Character/body/female/red_orc.png
  artifactKey: Guid(48a0d98f2b1129c4a915f56ca1845c46) Importer(2089858483,0ecaa5967403d082aa24f35e1b516d23)
Start importing Assets/Sprites/Standard/Character/body/female/red_orc.png using Guid(48a0d98f2b1129c4a915f56ca1845c46) Importer(2089858483,0ecaa5967403d082aa24f35e1b516d23)  -> (artifact id: '7300c6e2e4a7a944a5a530611aab5ead') in 0.381935 seconds
Number of updated asset objects reloaded before import = 0
Number of asset objects unloaded after import = 180
========================================================================
Received Import Request.
  Time since last request: 0.000040 seconds.
  path: Assets/Scripts/Animation/AnimationImporters/AnimationImportUtil.cs
  artifactKey: Guid(f80d99ddd87a3cf438355eaab9e4f789) Importer(2089858483,0ecaa5967403d082aa24f35e1b516d23)
Start importing Assets/Scripts/Animation/AnimationImporters/AnimationImportUtil.cs using Guid(f80d99ddd87a3cf438355eaab9e4f789) Importer(2089858483,0ecaa5967403d082aa24f35e1b516d23)  -> (artifact id: '9604b42434f0917ca2d217d3995c617e') in 0.007586 seconds
Number of updated asset objects reloaded before import = 0
Number of asset objects unloaded after import = 1
========================================================================
Received Import Request.
  Time since last request: 0.000022 seconds.
  path: Assets/Scripts/Animation/ActionAnimations/BaseAction.cs
  artifactKey: Guid(a3a95d9daca41364bb89dbb85a14f351) Importer(2089858483,0ecaa5967403d082aa24f35e1b516d23)
Start importing Assets/Scripts/Animation/ActionAnimations/BaseAction.cs using Guid(a3a95d9daca41364bb89dbb85a14f351) Importer(2089858483,0ecaa5967403d082aa24f35e1b516d23)  -> (artifact id: '9fe1005ddccecf6215b4d081040e5126') in 0.004455 seconds
Number of updated asset objects reloaded before import = 0
Number of asset objects unloaded after import = 1
========================================================================
Received Import Request.
  Time since last request: 0.000027 seconds.
  path: Assets/Sprites/Standard/Character/ears/female/big_tanned.png
  artifactKey: Guid(20e931964af5e2b4ebf3d0723ad535f0) Importer(2089858483,0ecaa5967403d082aa24f35e1b516d23)
Start importing Assets/Sprites/Standard/Character/ears/female/big_tanned.png using Guid(20e931964af5e2b4ebf3d0723ad535f0) Importer(2089858483,0ecaa5967403d082aa24f35e1b516d23)  -> (artifact id: '9678ca7d9ad80faa461b79813b13a39e') in 0.332090 seconds
Number of updated asset objects reloaded before import = 0
Number of asset objects unloaded after import = 180
========================================================================
Received Import Request.
  Time since last request: 0.000025 seconds.
  path: Assets/Sprites/Standard/Character/ears/male/long_darkelf.png
  artifactKey: Guid(f6032c04e5675ce4f8d9742f3ecabfd0) Importer(2089858483,0ecaa5967403d082aa24f35e1b516d23)
Start importing Assets/Sprites/Standard/Character/ears/male/long_darkelf.png using Guid(f6032c04e5675ce4f8d9742f3ecabfd0) Importer(2089858483,0ecaa5967403d082aa24f35e1b516d23)  -> (artifact id: '3931295159ab8bf32f27f414a237f47d') in 0.323672 seconds
Number of updated asset objects reloaded before import = 0
Number of asset objects unloaded after import = 180
========================================================================
Received Import Request.
  Time since last request: 0.000028 seconds.
  path: Assets/Scripts/Character/CharacterDNA.cs
  artifactKey: Guid(682cc789fa850f74db4ae48b9289d8cc) Importer(2089858483,0ecaa5967403d082aa24f35e1b516d23)
Start importing Assets/Scripts/Character/CharacterDNA.cs using Guid(682cc789fa850f74db4ae48b9289d8cc) Importer(2089858483,0ecaa5967403d082aa24f35e1b516d23)  -> (artifact id: 'ecb79617a8ccf7400659a7210a736ed4') in 0.003665 seconds
Number of updated asset objects reloaded before import = 0
Number of asset objects unloaded after import = 1
========================================================================
Received Import Request.
  Time since last request: 0.000017 seconds.
  path: Assets/Sprites/Standard/Character/eyes/female/red.png
  artifactKey: Guid(0e7d4570a7422574483de267c6b20020) Importer(2089858483,0ecaa5967403d082aa24f35e1b516d23)
Start importing Assets/Sprites/Standard/Character/eyes/female/red.png using Guid(0e7d4570a7422574483de267c6b20020) Importer(2089858483,0ecaa5967403d082aa24f35e1b516d23)  -> (artifact id: '7c171f6c46700d0b65ed024f46c45b00') in 0.291941 seconds
Number of updated asset objects reloaded before import = 0
Number of asset objects unloaded after import = 180
========================================================================
Received Import Request.
  Time since last request: 0.000019 seconds.
  path: Assets/Scripts/Player/PlayerController.cs
  artifactKey: Guid(6a1c856f337320340823da5c2ac20dd8) Importer(2089858483,0ecaa5967403d082aa24f35e1b516d23)
Start importing Assets/Scripts/Player/PlayerController.cs using Guid(6a1c856f337320340823da5c2ac20dd8) Importer(2089858483,0ecaa5967403d082aa24f35e1b516d23)  -> (artifact id: '609af79125baacbf72d4e60310da7242') in 0.003168 seconds
Number of updated asset objects reloaded before import = 0
Number of asset objects unloaded after import = 1
========================================================================
Received Import Request.
  Time since last request: 0.000028 seconds.
  path: Assets/Scripts/Animation/ActionAnimations/ThrustAction.cs
  artifactKey: Guid(f95a3e34e3170214ab5f142cf07802c4) Importer(2089858483,0ecaa5967403d082aa24f35e1b516d23)
Start importing Assets/Scripts/Animation/ActionAnimations/ThrustAction.cs using Guid(f95a3e34e3170214ab5f142cf07802c4) Importer(2089858483,0ecaa5967403d082aa24f35e1b516d23)  -> (artifact id: '99161aa90bbcab2de9c7def97dd17f22') in 0.003016 seconds
Number of updated asset objects reloaded before import = 0
Number of asset objects unloaded after import = 1
========================================================================
Received Import Request.
  Time since last request: 0.000015 seconds.
  path: Assets/Sprites/Standard/Character/ears/female/elven_darkelf.png
  artifactKey: Guid(c99ff9c1b47bf524582d3d7542577b6a) Importer(2089858483,0ecaa5967403d082aa24f35e1b516d23)
Start importing Assets/Sprites/Standard/Character/ears/female/elven_darkelf.png using Guid(c99ff9c1b47bf524582d3d7542577b6a) Importer(2089858483,0ecaa5967403d082aa24f35e1b516d23)  -> (artifact id: 'b7f959e5af5521ed16405fc3347d2d37') in 0.363864 seconds
Number of updated asset objects reloaded before import = 0
Number of asset objects unloaded after import = 180
========================================================================
Received Import Request.
  Time since last request: 0.000026 seconds.
  path: Assets/Editor/AtlasManager/AtlasManagerEditor.cs
  artifactKey: Guid(baac11850c735c5419f81eea3c24bd22) Importer(2089858483,0ecaa5967403d082aa24f35e1b516d23)
Start importing Assets/Editor/AtlasManager/AtlasManagerEditor.cs using Guid(baac11850c735c5419f81eea3c24bd22) Importer(2089858483,0ecaa5967403d082aa24f35e1b516d23)  -> (artifact id: 'b033083dea38842cedde8fe3654026a9') in 0.004023 seconds
Number of updated asset objects reloaded before import = 0
Number of asset objects unloaded after import = 1
========================================================================
Received Import Request.
  Time since last request: 0.000035 seconds.
  path: Assets/Sprites/Standard/Character/body/male/darkelf.png
  artifactKey: Guid(a66081f8e4dfa694b9d2d05453f16a2e) Importer(2089858483,0ecaa5967403d082aa24f35e1b516d23)
Start importing Assets/Sprites/Standard/Character/body/male/darkelf.png using Guid(a66081f8e4dfa694b9d2d05453f16a2e) Importer(2089858483,0ecaa5967403d082aa24f35e1b516d23)  -> (artifact id: '9ecdc951bd76ac08a2f60f46f589ae42') in 0.365422 seconds
Number of updated asset objects reloaded before import = 0
Number of asset objects unloaded after import = 180
========================================================================
Received Import Request.
  Time since last request: 0.000043 seconds.
  path: Assets/Sprites/Standard/Character/ears/male/long_light.png
  artifactKey: Guid(9441b6bb36cf7f14eba90a0f860c9ddc) Importer(2089858483,0ecaa5967403d082aa24f35e1b516d23)
Start importing Assets/Sprites/Standard/Character/ears/male/long_light.png using Guid(9441b6bb36cf7f14eba90a0f860c9ddc) Importer(2089858483,0ecaa5967403d082aa24f35e1b516d23)  -> (artifact id: 'f550deaa41af11289641f4b4261aeeb1') in 0.388664 seconds
Number of updated asset objects reloaded before import = 0
Number of asset objects unloaded after import = 180
========================================================================
Received Import Request.
  Time since last request: 0.000042 seconds.
  path: Assets/Sprites/Standard/Character/facialhair/male/bigstache.png
  artifactKey: Guid(732cffe078d26ef448674904c2d26eec) Importer(2089858483,0ecaa5967403d082aa24f35e1b516d23)
Start importing Assets/Sprites/Standard/Character/facialhair/male/bigstache.png using Guid(732cffe078d26ef448674904c2d26eec) Importer(2089858483,0ecaa5967403d082aa24f35e1b516d23)  -> (artifact id: '601a27c11322276de0baeabd9f948e34') in 0.311238 seconds
Number of updated asset objects reloaded before import = 0
Number of asset objects unloaded after import = 180
========================================================================
Received Import Request.
  Time since last request: 0.000021 seconds.
  path: Assets/Scripts/Animation/AnimationImporters/SingleAnimationImporter.cs
  artifactKey: Guid(e1ede2a7d6a01a744916232d9dda4b74) Importer(2089858483,0ecaa5967403d082aa24f35e1b516d23)
Start importing Assets/Scripts/Animation/AnimationImporters/SingleAnimationImporter.cs using Guid(e1ede2a7d6a01a744916232d9dda4b74) Importer(2089858483,0ecaa5967403d082aa24f35e1b516d23)  -> (artifact id: '9532e7c45b77c60f75d5dcb73270a0ff') in 0.003710 seconds
Number of updated asset objects reloaded before import = 0
Number of asset objects unloaded after import = 1
========================================================================
Received Import Request.
  Time since last request: 0.000031 seconds.
  path: Assets/Scripts/Types/DirectionType.cs
  artifactKey: Guid(5280ebd958b4cdc4cb66beff63f9c3c6) Importer(2089858483,0ecaa5967403d082aa24f35e1b516d23)
Start importing Assets/Scripts/Types/DirectionType.cs using Guid(5280ebd958b4cdc4cb66beff63f9c3c6) Importer(2089858483,0ecaa5967403d082aa24f35e1b516d23)  -> (artifact id: 'fceab0db775d0e41d4cd5b33bb956edd') in 0.003941 seconds
Number of updated asset objects reloaded before import = 0
Number of asset objects unloaded after import = 1
========================================================================
Received Import Request.
  Time since last request: 0.000019 seconds.
  path: Assets/Scripts/Animation/ActionAnimations/SlashAction.cs
  artifactKey: Guid(894e6fd73b8c9a24bbc0438aa43f0f63) Importer(2089858483,0ecaa5967403d082aa24f35e1b516d23)
Start importing Assets/Scripts/Animation/ActionAnimations/SlashAction.cs using Guid(894e6fd73b8c9a24bbc0438aa43f0f63) Importer(2089858483,0ecaa5967403d082aa24f35e1b516d23)  -> (artifact id: '2b08184f785ae40ebc743040765f384f') in 0.003840 seconds
Number of updated asset objects reloaded before import = 0
Number of asset objects unloaded after import = 1
========================================================================
Received Import Request.
  Time since last request: 0.000118 seconds.
  path: Assets/Sprites/Standard/Character/ears/female/big_light.png
  artifactKey: Guid(c61dc69be0df3b6418a493ffb433bfdd) Importer(2089858483,0ecaa5967403d082aa24f35e1b516d23)
Start importing Assets/Sprites/Standard/Character/ears/female/big_light.png using Guid(c61dc69be0df3b6418a493ffb433bfdd) Importer(2089858483,0ecaa5967403d082aa24f35e1b516d23)  -> (artifact id: '54866410defe6fb99af51037a72a5423') in 0.317995 seconds
Number of updated asset objects reloaded before import = 0
Number of asset objects unloaded after import = 180
========================================================================
Received Import Request.
  Time since last request: 0.000021 seconds.
  path: Assets/Scripts/Character/CharacterDNABlock.cs
  artifactKey: Guid(a5f5ab3d1b0d81c49a9b5644598902af) Importer(2089858483,0ecaa5967403d082aa24f35e1b516d23)
Start importing Assets/Scripts/Character/CharacterDNABlock.cs using Guid(a5f5ab3d1b0d81c49a9b5644598902af) Importer(2089858483,0ecaa5967403d082aa24f35e1b516d23)  -> (artifact id: '886a7f152db5aee5643a359e0b2925bd') in 0.003874 seconds
Number of updated asset objects reloaded before import = 0
Number of asset objects unloaded after import = 1
========================================================================
Received Import Request.
  Time since last request: 0.000046 seconds.
  path: Assets/Sprites/Standard/Character/body/male/red_orc.png
  artifactKey: Guid(31219b1a0c27e85428bfd1812de7b5f7) Importer(2089858483,0ecaa5967403d082aa24f35e1b516d23)
Start importing Assets/Sprites/Standard/Character/body/male/red_orc.png using Guid(31219b1a0c27e85428bfd1812de7b5f7) Importer(2089858483,0ecaa5967403d082aa24f35e1b516d23)  -> (artifact id: 'cb1a4aa9cc77db4c1f41115c12e5b6a3') in 0.318133 seconds
Number of updated asset objects reloaded before import = 0
Number of asset objects unloaded after import = 180
========================================================================
Received Import Request.
  Time since last request: 0.000021 seconds.
  path: Assets/Sprites/Standard/Character/ears/female/elven_light.png
  artifactKey: Guid(99d1c5dca8f68a04faa9fd8fe78f0d1f) Importer(2089858483,0ecaa5967403d082aa24f35e1b516d23)
Start importing Assets/Sprites/Standard/Character/ears/female/elven_light.png using Guid(99d1c5dca8f68a04faa9fd8fe78f0d1f) Importer(2089858483,0ecaa5967403d082aa24f35e1b516d23)  -> (artifact id: '12d322020a84bebe181b8db3de669c63') in 0.318771 seconds
Number of updated asset objects reloaded before import = 0
Number of asset objects unloaded after import = 180
========================================================================
Received Import Request.
  Time since last request: 0.000029 seconds.
  path: Assets/Sprites/Standard/Character/eyes/male/red.png
  artifactKey: Guid(42864bb7a3240e44ebd9581f32d07dd0) Importer(2089858483,0ecaa5967403d082aa24f35e1b516d23)
Start importing Assets/Sprites/Standard/Character/eyes/male/red.png using Guid(42864bb7a3240e44ebd9581f32d07dd0) Importer(2089858483,0ecaa5967403d082aa24f35e1b516d23)  -> (artifact id: '6399a3d27b18814f5f2ca9542401538f') in 0.300627 seconds
Number of updated asset objects reloaded before import = 0
Number of asset objects unloaded after import = 180
========================================================================
Received Import Request.
  Time since last request: 0.000028 seconds.
  path: Assets/Sprites/Standard/Character/hair/female/bangsshort.png
  artifactKey: Guid(8677af8dd36229540aa0969670bfbbbe) Importer(2089858483,0ecaa5967403d082aa24f35e1b516d23)
Start importing Assets/Sprites/Standard/Character/hair/female/bangsshort.png using Guid(8677af8dd36229540aa0969670bfbbbe) Importer(2089858483,0ecaa5967403d082aa24f35e1b516d23)  -> (artifact id: '1ed1fe9e06efac38f31c31c526aca0fa') in 0.317632 seconds
Number of updated asset objects reloaded before import = 0
Number of asset objects unloaded after import = 180
========================================================================
Received Import Request.
  Time since last request: 0.000030 seconds.
  path: Assets/Sprites/Standard/Character/ears/female/big_darkelf.png
  artifactKey: Guid(6a5b05946b24a2f47898edea573f6ef5) Importer(2089858483,0ecaa5967403d082aa24f35e1b516d23)
Start importing Assets/Sprites/Standard/Character/ears/female/big_darkelf.png using Guid(6a5b05946b24a2f47898edea573f6ef5) Importer(2089858483,0ecaa5967403d082aa24f35e1b516d23)  -> (artifact id: '48dd190126953baa777a93809eebcbc2') in 0.316307 seconds
Number of updated asset objects reloaded before import = 0
Number of asset objects unloaded after import = 180
========================================================================
Received Import Request.
  Time since last request: 0.000028 seconds.
  path: Assets/Sprites/Standard/Character/hair/female/page.png
  artifactKey: Guid(00631847d9a14d6429f6de969d1f73bd) Importer(2089858483,0ecaa5967403d082aa24f35e1b516d23)
Start importing Assets/Sprites/Standard/Character/hair/female/page.png using Guid(00631847d9a14d6429f6de969d1f73bd) Importer(2089858483,0ecaa5967403d082aa24f35e1b516d23)  -> (artifact id: '9c0ad9f45a0c36e0f298ba6f37ecbbb9') in 0.300721 seconds
Number of updated asset objects reloaded before import = 0
Number of asset objects unloaded after import = 180
========================================================================
Received Import Request.
  Time since last request: 0.000029 seconds.
  path: Assets/Sprites/Standard/Character/hair/female/ponytail2.png
  artifactKey: Guid(806369195359da64ba442b952228019b) Importer(2089858483,0ecaa5967403d082aa24f35e1b516d23)
Start importing Assets/Sprites/Standard/Character/hair/female/ponytail2.png using Guid(806369195359da64ba442b952228019b) Importer(2089858483,0ecaa5967403d082aa24f35e1b516d23)  -> (artifact id: '5aeed5244841bb723db11b426478f4dd') in 0.318144 seconds
Number of updated asset objects reloaded before import = 0
Number of asset objects unloaded after import = 180
========================================================================
Received Import Request.
  Time since last request: 0.000025 seconds.
  path: Assets/Sprites/Standard/Character/ears/female/long_darkelf.png
  artifactKey: Guid(0b9bd62be9cf08a478c1c7f1210d80db) Importer(2089858483,0ecaa5967403d082aa24f35e1b516d23)
Start importing Assets/Sprites/Standard/Character/ears/female/long_darkelf.png using Guid(0b9bd62be9cf08a478c1c7f1210d80db) Importer(2089858483,0ecaa5967403d082aa24f35e1b516d23)  -> (artifact id: '4b045dd082ca8ebced3e5c7acec08a52') in 0.328946 seconds
Number of updated asset objects reloaded before import = 0
Number of asset objects unloaded after import = 180
========================================================================
Received Import Request.
  Time since last request: 0.000033 seconds.
  path: Assets/Sprites/Standard/Character/hair/female/xlongknot.png
  artifactKey: Guid(8a8202efc198df943ba6c9b6d32600c8) Importer(2089858483,0ecaa5967403d082aa24f35e1b516d23)
Start importing Assets/Sprites/Standard/Character/hair/female/xlongknot.png using Guid(8a8202efc198df943ba6c9b6d32600c8) Importer(2089858483,0ecaa5967403d082aa24f35e1b516d23)  -> (artifact id: '010c70ee7dd7588166094be655921b85') in 0.317767 seconds
Number of updated asset objects reloaded before import = 0
Number of asset objects unloaded after import = 180
========================================================================
Received Import Request.
  Time since last request: 0.000022 seconds.
  path: Assets/Scripts/Scene/SceneController.cs
  artifactKey: Guid(4869d3e796ca3e7489c0b6fdc79e3a5d) Importer(2089858483,0ecaa5967403d082aa24f35e1b516d23)
Start importing Assets/Scripts/Scene/SceneController.cs using Guid(4869d3e796ca3e7489c0b6fdc79e3a5d) Importer(2089858483,0ecaa5967403d082aa24f35e1b516d23)  -> (artifact id: 'bc539df60c450c84d69ebc6f2a64857b') in 0.003883 seconds
Number of updated asset objects reloaded before import = 0
Number of asset objects unloaded after import = 1
========================================================================
Received Import Request.
  Time since last request: 0.000042 seconds.
  path: Assets/Sprites/Standard/Character/hair/male/bangslong.png
  artifactKey: Guid(7e0f5e785135139439be1b208a9c2373) Importer(2089858483,0ecaa5967403d082aa24f35e1b516d23)
Start importing Assets/Sprites/Standard/Character/hair/male/bangslong.png using Guid(7e0f5e785135139439be1b208a9c2373) Importer(2089858483,0ecaa5967403d082aa24f35e1b516d23)  -> (artifact id: '0abe11f59a6fc82d7cf9cc720666cd5f') in 0.310412 seconds
Number of updated asset objects reloaded before import = 0
Number of asset objects unloaded after import = 180
========================================================================
Received Import Request.
  Time since last request: 0.000026 seconds.
  path: Assets/Sprites/Standard/Character/hair/male/bangsshort.png
  artifactKey: Guid(96498c93022b57d49adc6f64e40ed819) Importer(2089858483,0ecaa5967403d082aa24f35e1b516d23)
Start importing Assets/Sprites/Standard/Character/hair/male/bangsshort.png using Guid(96498c93022b57d49adc6f64e40ed819) Importer(2089858483,0ecaa5967403d082aa24f35e1b516d23)  -> (artifact id: '9cfc88bce701b7af82eb845c00c37d8b') in 0.325370 seconds
Number of updated asset objects reloaded before import = 0
Number of asset objects unloaded after import = 180
========================================================================
Received Import Request.
  Time since last request: 0.000030 seconds.
  path: Assets/Sprites/Standard/Character/hair/male/halfmessy.png
  artifactKey: Guid(ce07e92e213b48a44aea0f8842ca706e) Importer(2089858483,0ecaa5967403d082aa24f35e1b516d23)
Start importing Assets/Sprites/Standard/Character/hair/male/halfmessy.png using Guid(ce07e92e213b48a44aea0f8842ca706e) Importer(2089858483,0ecaa5967403d082aa24f35e1b516d23)  -> (artifact id: 'fc3286573bd50d538487bd11663fb316') in 0.314864 seconds
Number of updated asset objects reloaded before import = 0
Number of asset objects unloaded after import = 180
========================================================================
Received Import Request.
  Time since last request: 0.000023 seconds.
  path: Assets/Sprites/Standard/Character/hair/male/jewfro.png
  artifactKey: Guid(de66c3bfa08fbe741810439f428e10be) Importer(2089858483,0ecaa5967403d082aa24f35e1b516d23)
Start importing Assets/Sprites/Standard/Character/hair/male/jewfro.png using Guid(de66c3bfa08fbe741810439f428e10be) Importer(2089858483,0ecaa5967403d082aa24f35e1b516d23)  -> (artifact id: 'db9ad7c586ea48e80995f250291f7fab') in 0.308909 seconds
Number of updated asset objects reloaded before import = 0
Number of asset objects unloaded after import = 180
========================================================================
Received Import Request.
  Time since last request: 0.000029 seconds.
  path: Assets/Sprites/Standard/Character/hair/male/plain.png
  artifactKey: Guid(d15d3c96a4fb2384cb4ae20456a3a953) Importer(2089858483,0ecaa5967403d082aa24f35e1b516d23)
Start importing Assets/Sprites/Standard/Character/hair/male/plain.png using Guid(d15d3c96a4fb2384cb4ae20456a3a953) Importer(2089858483,0ecaa5967403d082aa24f35e1b516d23)  -> (artifact id: 'c9e0c0416cfaea7b2d151475be2db25b') in 0.302702 seconds
Number of updated asset objects reloaded before import = 0
Number of asset objects unloaded after import = 180
========================================================================
Received Import Request.
  Time since last request: 0.000023 seconds.
  path: Assets/Sprites/Standard/Character/hair/male/shoulderl.png
  artifactKey: Guid(881433bbc6aca564e840d75e005f8709) Importer(2089858483,0ecaa5967403d082aa24f35e1b516d23)
Start importing Assets/Sprites/Standard/Character/hair/male/shoulderl.png using Guid(881433bbc6aca564e840d75e005f8709) Importer(2089858483,0ecaa5967403d082aa24f35e1b516d23)  -> (artifact id: '7511a70c3296135d65c00ad3deda4538') in 0.316744 seconds
Number of updated asset objects reloaded before import = 0
Number of asset objects unloaded after import = 180
========================================================================
Received Import Request.
  Time since last request: 0.000029 seconds.
  path: Assets/Sprites/Standard/Character/body/male/tanned.png
  artifactKey: Guid(0390570e2e4d67a47a85341a3c18a685) Importer(2089858483,0ecaa5967403d082aa24f35e1b516d23)
Start importing Assets/Sprites/Standard/Character/body/male/tanned.png using Guid(0390570e2e4d67a47a85341a3c18a685) Importer(2089858483,0ecaa5967403d082aa24f35e1b516d23)  -> (artifact id: 'bebde50c4a2761c14bb105e3d233dfe8') in 0.303062 seconds
Number of updated asset objects reloaded before import = 0
Number of asset objects unloaded after import = 180
========================================================================
Received Import Request.
  Time since last request: 0.000026 seconds.
  path: Assets/Sprites/Standard/Character/ears/female/long_dark.png
  artifactKey: Guid(f22b3e6854c5c9a42888b4ae96f62e45) Importer(2089858483,0ecaa5967403d082aa24f35e1b516d23)
Start importing Assets/Sprites/Standard/Character/ears/female/long_dark.png using Guid(f22b3e6854c5c9a42888b4ae96f62e45) Importer(2089858483,0ecaa5967403d082aa24f35e1b516d23)  -> (artifact id: '04b1a4b6dfece8d4f54652d7e1d214ec') in 0.317032 seconds
Number of updated asset objects reloaded before import = 0
Number of asset objects unloaded after import = 180
========================================================================
Received Import Request.
  Time since last request: 0.000031 seconds.
  path: Assets/Sprites/Standard/Character/ears/male/big_darkelf2.png
  artifactKey: Guid(20238f467c206ef4e95c8beead40e60d) Importer(2089858483,0ecaa5967403d082aa24f35e1b516d23)
Start importing Assets/Sprites/Standard/Character/ears/male/big_darkelf2.png using Guid(20238f467c206ef4e95c8beead40e60d) Importer(2089858483,0ecaa5967403d082aa24f35e1b516d23)  -> (artifact id: '6e29e79a06f1175086abeb12954b9b94') in 0.318439 seconds
Number of updated asset objects reloaded before import = 0
Number of asset objects unloaded after import = 180
========================================================================
Received Import Request.
  Time since last request: 0.000024 seconds.
  path: Assets/Sprites/Standard/Character/ears/male/elven_dark.png
  artifactKey: Guid(507ef37ce17e5524aa2cdd885ff895e6) Importer(2089858483,0ecaa5967403d082aa24f35e1b516d23)
Start importing Assets/Sprites/Standard/Character/ears/male/elven_dark.png using Guid(507ef37ce17e5524aa2cdd885ff895e6) Importer(2089858483,0ecaa5967403d082aa24f35e1b516d23)  -> (artifact id: '7c415b208082131c98a165f82a615040') in 0.313846 seconds
Number of updated asset objects reloaded before import = 0
Number of asset objects unloaded after import = 180
========================================================================
Received Import Request.
  Time since last request: 0.000032 seconds.
  path: Assets/Sprites/Standard/Character/ears/male/big_dark2.png
  artifactKey: Guid(346b4c6c7b8102646b1fe3118e2158f2) Importer(2089858483,0ecaa5967403d082aa24f35e1b516d23)
Start importing Assets/Sprites/Standard/Character/ears/male/big_dark2.png using Guid(346b4c6c7b8102646b1fe3118e2158f2) Importer(2089858483,0ecaa5967403d082aa24f35e1b516d23)  -> (artifact id: '4d72472e40739528413d3abb348c7ab8') in 0.313790 seconds
Number of updated asset objects reloaded before import = 0
Number of asset objects unloaded after import = 180
========================================================================
Received Import Request.
  Time since last request: 0.000024 seconds.
  path: Assets/Scripts/Player/Player.cs
  artifactKey: Guid(1cfebcbc75aff404cad475c8dd8d0a52) Importer(2089858483,0ecaa5967403d082aa24f35e1b516d23)
Start importing Assets/Scripts/Player/Player.cs using Guid(1cfebcbc75aff404cad475c8dd8d0a52) Importer(2089858483,0ecaa5967403d082aa24f35e1b516d23)  -> (artifact id: '9ebc6079468b0e7c1696cf8edb9aee5e') in 0.003328 seconds
Number of updated asset objects reloaded before import = 0
Number of asset objects unloaded after import = 1
========================================================================
Received Import Request.
  Time since last request: 0.000022 seconds.
  path: Assets/Scripts/Animation/AnimationRenderer.cs
  artifactKey: Guid(7b9f3069cb7b31643a5cfe8c8a9c9b70) Importer(2089858483,0ecaa5967403d082aa24f35e1b516d23)
Start importing Assets/Scripts/Animation/AnimationRenderer.cs using Guid(7b9f3069cb7b31643a5cfe8c8a9c9b70) Importer(2089858483,0ecaa5967403d082aa24f35e1b516d23)  -> (artifact id: '189b963d007970a2a723bb61e06900da') in 0.003634 seconds
Number of updated asset objects reloaded before import = 0
Number of asset objects unloaded after import = 1
========================================================================
Received Import Request.
  Time since last request: 0.000014 seconds.
  path: Assets/Scripts/Animation/AnimationImporters/WASDAnimationImporter.cs
  artifactKey: Guid(35187035a61e2dc4f923c86956e0ecf6) Importer(2089858483,0ecaa5967403d082aa24f35e1b516d23)
Start importing Assets/Scripts/Animation/AnimationImporters/WASDAnimationImporter.cs using Guid(35187035a61e2dc4f923c86956e0ecf6) Importer(2089858483,0ecaa5967403d082aa24f35e1b516d23)  -> (artifact id: 'e107eb466484a8f521bd50d4bb2ed696') in 0.003623 seconds
Number of updated asset objects reloaded before import = 0
Number of asset objects unloaded after import = 1
========================================================================
Received Import Request.
  Time since last request: 0.000080 seconds.
  path: Assets/Sprites/Standard/Character/eyes/male/green.png
  artifactKey: Guid(8a0fe9c7e35b4d54b9a31370fbc69eb8) Importer(2089858483,0ecaa5967403d082aa24f35e1b516d23)
Start importing Assets/Sprites/Standard/Character/eyes/male/green.png using Guid(8a0fe9c7e35b4d54b9a31370fbc69eb8) Importer(2089858483,0ecaa5967403d082aa24f35e1b516d23)  -> (artifact id: 'b8536595cd506d25c8c68e4df406a6ff') in 0.288117 seconds
Number of updated asset objects reloaded before import = 0
Number of asset objects unloaded after import = 180
========================================================================
Received Import Request.
  Time since last request: 0.000024 seconds.
  path: Assets/Sprites/Standard/Character/body/male/skeleton.png
  artifactKey: Guid(ce497b127146e7d458cdc050e87d115b) Importer(2089858483,0ecaa5967403d082aa24f35e1b516d23)
Start importing Assets/Sprites/Standard/Character/body/male/skeleton.png using Guid(ce497b127146e7d458cdc050e87d115b) Importer(2089858483,0ecaa5967403d082aa24f35e1b516d23)  -> (artifact id: '14b0893050000c0d600dac2c715eec29') in 0.302468 seconds
Number of updated asset objects reloaded before import = 0
Number of asset objects unloaded after import = 180
========================================================================
Received Import Request.
  Time since last request: 0.000030 seconds.
  path: Assets/Sprites/Standard/Character/hair/female/bangslong2.png
  artifactKey: Guid(75ec99e3b0dc21d4a88ac9b26c2d3ad5) Importer(2089858483,0ecaa5967403d082aa24f35e1b516d23)
Start importing Assets/Sprites/Standard/Character/hair/female/bangslong2.png using Guid(75ec99e3b0dc21d4a88ac9b26c2d3ad5) Importer(2089858483,0ecaa5967403d082aa24f35e1b516d23)  -> (artifact id: '38f51aa11f0e15adc9711d9e34455e1f') in 0.313972 seconds
Number of updated asset objects reloaded before import = 0
Number of asset objects unloaded after import = 180
========================================================================
Received Import Request.
  Time since last request: 0.000019 seconds.
  path: Assets/Scripts/Animation/ActionAnimations/DeathAction.cs
  artifactKey: Guid(b4a644c0d0f03994d99dcd5c5cb497e7) Importer(2089858483,0ecaa5967403d082aa24f35e1b516d23)
Start importing Assets/Scripts/Animation/ActionAnimations/DeathAction.cs using Guid(b4a644c0d0f03994d99dcd5c5cb497e7) Importer(2089858483,0ecaa5967403d082aa24f35e1b516d23)  -> (artifact id: 'b5aafdc70a660b14c7fa72ea989c0881') in 0.003282 seconds
Number of updated asset objects reloaded before import = 0
Number of asset objects unloaded after import = 1
========================================================================
Received Import Request.
  Time since last request: 0.000028 seconds.
  path: Assets/Sprites/Standard/Character/ears/male/big_darkelf.png
  artifactKey: Guid(235dfce318691ef4aa6eb603a47a660f) Importer(2089858483,0ecaa5967403d082aa24f35e1b516d23)
Start importing Assets/Sprites/Standard/Character/ears/male/big_darkelf.png using Guid(235dfce318691ef4aa6eb603a47a660f) Importer(2089858483,0ecaa5967403d082aa24f35e1b516d23)  -> (artifact id: '42e8f972edd7f1fe532be651f66b311e') in 0.320479 seconds
Number of updated asset objects reloaded before import = 0
Number of asset objects unloaded after import = 180
========================================================================
Received Import Request.
  Time since last request: 0.000023 seconds.
  path: Assets/Sprites/Standard/Character/eyes/female/orange.png
  artifactKey: Guid(fccff7607cc80f04fb4e2182a0775be5) Importer(2089858483,0ecaa5967403d082aa24f35e1b516d23)
Start importing Assets/Sprites/Standard/Character/eyes/female/orange.png using Guid(fccff7607cc80f04fb4e2182a0775be5) Importer(2089858483,0ecaa5967403d082aa24f35e1b516d23)  -> (artifact id: '14898e3365a489c9051953960a3b595f') in 0.310435 seconds
Number of updated asset objects reloaded before import = 0
Number of asset objects unloaded after import = 180
========================================================================
Received Import Request.
  Time since last request: 0.000026 seconds.
  path: Assets/Sprites/Standard/Character/hair/female/bangs.png
  artifactKey: Guid(b4f7a5f8b061ab8488ceaa8f9f22bf59) Importer(2089858483,0ecaa5967403d082aa24f35e1b516d23)
Start importing Assets/Sprites/Standard/Character/hair/female/bangs.png using Guid(b4f7a5f8b061ab8488ceaa8f9f22bf59) Importer(2089858483,0ecaa5967403d082aa24f35e1b516d23)  -> (artifact id: '3237b318c4ec5693a8a599ff98132a07') in 0.304836 seconds
Number of updated asset objects reloaded before import = 0
Number of asset objects unloaded after import = 180
========================================================================
Received Import Request.
  Time since last request: 0.000023 seconds.
  path: Assets/Sprites/Standard/Character/ears/male/big_tanned2.png
  artifactKey: Guid(0d1d84b0d3633d94d8aec0b18f1693e6) Importer(2089858483,0ecaa5967403d082aa24f35e1b516d23)
Start importing Assets/Sprites/Standard/Character/ears/male/big_tanned2.png using Guid(0d1d84b0d3633d94d8aec0b18f1693e6) Importer(2089858483,0ecaa5967403d082aa24f35e1b516d23)  -> (artifact id: '14165031298dc59c8b74858d44df475b') in 0.316733 seconds
Number of updated asset objects reloaded before import = 0
Number of asset objects unloaded after import = 180
========================================================================
Received Import Request.
  Time since last request: 0.000025 seconds.
  path: Assets/Sprites/Standard/Character/ears/female/elven_tanned2.png
  artifactKey: Guid(0dbebf907e2b4114f8c5c0fe98c35b3b) Importer(2089858483,0ecaa5967403d082aa24f35e1b516d23)
Start importing Assets/Sprites/Standard/Character/ears/female/elven_tanned2.png using Guid(0dbebf907e2b4114f8c5c0fe98c35b3b) Importer(2089858483,0ecaa5967403d082aa24f35e1b516d23)  -> (artifact id: '93d5cbc21dcfc568b3d400d97344dbf7') in 0.316580 seconds
Number of updated asset objects reloaded before import = 0
Number of asset objects unloaded after import = 180
========================================================================
Received Import Request.
  Time since last request: 0.000021 seconds.
  path: Assets/Sprites/Standard/Character/facialhair/female/beard.png
  artifactKey: Guid(ce531608264d9b54eaad5c72bd13a2dd) Importer(2089858483,0ecaa5967403d082aa24f35e1b516d23)
Start importing Assets/Sprites/Standard/Character/facialhair/female/beard.png using Guid(ce531608264d9b54eaad5c72bd13a2dd) Importer(2089858483,0ecaa5967403d082aa24f35e1b516d23)  -> (artifact id: 'ff72a2186b9cd8c23973c0926b9ea4af') in 0.310270 seconds
Number of updated asset objects reloaded before import = 0
Number of asset objects unloaded after import = 180
========================================================================
Received Import Request.
  Time since last request: 0.000025 seconds.
  path: Assets/Scripts/Animation/AnimationManager.cs
  artifactKey: Guid(3b6aaf8d920135c408378f2329f077c2) Importer(2089858483,0ecaa5967403d082aa24f35e1b516d23)
Start importing Assets/Scripts/Animation/AnimationManager.cs using Guid(3b6aaf8d920135c408378f2329f077c2) Importer(2089858483,0ecaa5967403d082aa24f35e1b516d23)  -> (artifact id: '539e321dc344ea19488c3ad3be9f11e5') in 0.003512 seconds
Number of updated asset objects reloaded before import = 0
Number of asset objects unloaded after import = 1
========================================================================
Received Import Request.
  Time since last request: 0.000015 seconds.
  path: Assets/Sprites/Standard/Character/facialhair/female/mustache.png
  artifactKey: Guid(81420d3e6a6004249820d78fe90b2312) Importer(2089858483,0ecaa5967403d082aa24f35e1b516d23)
Start importing Assets/Sprites/Standard/Character/facialhair/female/mustache.png using Guid(81420d3e6a6004249820d78fe90b2312) Importer(2089858483,0ecaa5967403d082aa24f35e1b516d23)  -> (artifact id: 'd856eac25ffb8236b95dc2896d24cc8c') in 0.315396 seconds
Number of updated asset objects reloaded before import = 0
Number of asset objects unloaded after import = 180
========================================================================
Received Import Request.
  Time since last request: 0.000020 seconds.
  path: Assets/Sprites/Standard/Character/hair/male/ponytail.png
  artifactKey: Guid(e2f31b79b59b11c45b10e68ae41d1bd5) Importer(2089858483,0ecaa5967403d082aa24f35e1b516d23)
Start importing Assets/Sprites/Standard/Character/hair/male/ponytail.png using Guid(e2f31b79b59b11c45b10e68ae41d1bd5) Importer(2089858483,0ecaa5967403d082aa24f35e1b516d23)  -> (artifact id: '4d0d958a5f220c4b2724ac95540bf22c') in 0.319377 seconds
Number of updated asset objects reloaded before import = 0
Number of asset objects unloaded after import = 180
========================================================================
Received Import Request.
  Time since last request: 0.000028 seconds.
  path: Assets/Sprites/Standard/Character/hair/male/loose.png
  artifactKey: Guid(71887029f5461df4a97470d48f91bec3) Importer(2089858483,0ecaa5967403d082aa24f35e1b516d23)
Start importing Assets/Sprites/Standard/Character/hair/male/loose.png using Guid(71887029f5461df4a97470d48f91bec3) Importer(2089858483,0ecaa5967403d082aa24f35e1b516d23)  -> (artifact id: 'fed5dbde601f1ce251b7dec268c63f41') in 0.307154 seconds
Number of updated asset objects reloaded before import = 0
Number of asset objects unloaded after import = 180
========================================================================
Received Import Request.
  Time since last request: 4.473382 seconds.
  path: Assets/Sprites/Standard/Character/body/male/darkelf2.png
  artifactKey: Guid(8db6080a3cfd1414c82e95393b334b74) Importer(2089858483,0ecaa5967403d082aa24f35e1b516d23)
Start importing Assets/Sprites/Standard/Character/body/male/darkelf2.png using Guid(8db6080a3cfd1414c82e95393b334b74) Importer(2089858483,0ecaa5967403d082aa24f35e1b516d23)  -> (artifact id: '25da343e3643de9d5a3667fa86a610ac') in 0.352870 seconds
Number of updated asset objects reloaded before import = 0
Number of asset objects unloaded after import = 180
========================================================================
Received Import Request.
  Time since last request: 0.000023 seconds.
  path: Assets/Sprites/Standard/Character/nose/female/straightnose_darkelf.png
  artifactKey: Guid(cdae8fee90cafe4439dcdaeb8674763e) Importer(2089858483,0ecaa5967403d082aa24f35e1b516d23)
Start importing Assets/Sprites/Standard/Character/nose/female/straightnose_darkelf.png using Guid(cdae8fee90cafe4439dcdaeb8674763e) Importer(2089858483,0ecaa5967403d082aa24f35e1b516d23)  -> (artifact id: 'a9283d3875ca776d04e1855ea6c6fbb8') in 0.386929 seconds
Number of updated asset objects reloaded before import = 0
Number of asset objects unloaded after import = 180
========================================================================
Received Import Request.
  Time since last request: 0.000086 seconds.
  path: Assets/Sprites/Standard/Equipment/hands/male/platemail.png
  artifactKey: Guid(3cb1833a6d654b54f8e5026f18e4114b) Importer(2089858483,0ecaa5967403d082aa24f35e1b516d23)
Start importing Assets/Sprites/Standard/Equipment/hands/male/platemail.png using Guid(3cb1833a6d654b54f8e5026f18e4114b) Importer(2089858483,0ecaa5967403d082aa24f35e1b516d23)  -> (artifact id: 'e99f13771c23009667b6b27f05dd0b29') in 0.340853 seconds
Number of updated asset objects reloaded before import = 0
Number of asset objects unloaded after import = 180
========================================================================
Received Import Request.
  Time since last request: 0.000020 seconds.
  path: Assets/Sprites/Standard/Equipment/head/male/wizard_hat.png
  artifactKey: Guid(38f7dd4e9cc898b4d83f8e31c43da78e) Importer(2089858483,0ecaa5967403d082aa24f35e1b516d23)
Start importing Assets/Sprites/Standard/Equipment/head/male/wizard_hat.png using Guid(38f7dd4e9cc898b4d83f8e31c43da78e) Importer(2089858483,0ecaa5967403d082aa24f35e1b516d23)  -> (artifact id: 'e0d23db909981b77feaf123d2bcf6157') in 0.341696 seconds
Number of updated asset objects reloaded before import = 0
Number of asset objects unloaded after import = 180
========================================================================
Received Import Request.
  Time since last request: 0.000030 seconds.
  path: Assets/Sprites/Standard/Character/nose/female/bignose_darkelf.png
  artifactKey: Guid(8e8b7c6cb6424974196e365c83e07334) Importer(2089858483,0ecaa5967403d082aa24f35e1b516d23)
Start importing Assets/Sprites/Standard/Character/nose/female/bignose_darkelf.png using Guid(8e8b7c6cb6424974196e365c83e07334) Importer(2089858483,0ecaa5967403d082aa24f35e1b516d23)  -> (artifact id: 'b3136ff8d3fca4770e88b7619f71a32f') in 0.351077 seconds
Number of updated asset objects reloaded before import = 0
Number of asset objects unloaded after import = 180
========================================================================
Received Import Request.
  Time since last request: 0.000021 seconds.
  path: Assets/Sprites/Standard/Character/nose/male/bignose_darkelf2.png
  artifactKey: Guid(95c3a83651954e94ab07fe0294a69c70) Importer(2089858483,0ecaa5967403d082aa24f35e1b516d23)
Start importing Assets/Sprites/Standard/Character/nose/male/bignose_darkelf2.png using Guid(95c3a83651954e94ab07fe0294a69c70) Importer(2089858483,0ecaa5967403d082aa24f35e1b516d23)  -> (artifact id: '1a03bbca0be6741339bb304fa44226f7') in 0.353322 seconds
Number of updated asset objects reloaded before import = 0
Number of asset objects unloaded after import = 180
========================================================================
Received Import Request.
  Time since last request: 0.000032 seconds.
  path: Assets/Sprites/Standard/Equipment/neck/female/capeclip.png
  artifactKey: Guid(b6c89ff82f5a5c44c8968ce05c922baf) Importer(2089858483,0ecaa5967403d082aa24f35e1b516d23)
Start importing Assets/Sprites/Standard/Equipment/neck/female/capeclip.png using Guid(b6c89ff82f5a5c44c8968ce05c922baf) Importer(2089858483,0ecaa5967403d082aa24f35e1b516d23)  -> (artifact id: 'c78a77178f99cd810fb8917faec31530') in 0.422200 seconds
Number of updated asset objects reloaded before import = 0
Number of asset objects unloaded after import = 180
========================================================================
Received Import Request.
  Time since last request: 0.000025 seconds.
  path: Assets/Sprites/Standard/Character/nose/male/buttonnose_tanned.png
  artifactKey: Guid(754a7dd9970af2042bd41ab3cfb9ec4f) Importer(2089858483,0ecaa5967403d082aa24f35e1b516d23)
Start importing Assets/Sprites/Standard/Character/nose/male/buttonnose_tanned.png using Guid(754a7dd9970af2042bd41ab3cfb9ec4f) Importer(2089858483,0ecaa5967403d082aa24f35e1b516d23)  -> (artifact id: '07feb25cd60efd1ee6596165700042c9') in 0.526254 seconds
Number of updated asset objects reloaded before import = 0
Number of asset objects unloaded after import = 180
========================================================================
Received Import Request.
  Time since last request: 0.000048 seconds.
  path: Assets/Sprites/Standard/Equipment/head/male/platemail.png
  artifactKey: Guid(aab932d2a6ed8db48bfe718987a9ef45) Importer(2089858483,0ecaa5967403d082aa24f35e1b516d23)
Start importing Assets/Sprites/Standard/Equipment/head/male/platemail.png using Guid(aab932d2a6ed8db48bfe718987a9ef45) Importer(2089858483,0ecaa5967403d082aa24f35e1b516d23)  -> (artifact id: 'b28f37d5bb0dfd8840ce2aee1b24ba35') in 0.481187 seconds
Number of updated asset objects reloaded before import = 0
Number of asset objects unloaded after import = 180
========================================================================
Received Import Request.
  Time since last request: 0.000030 seconds.
  path: Assets/Sprites/Standard/Equipment/back/female/trimcape.png
  artifactKey: Guid(50ae8ceca89d6c44fb34c4fb32957263) Importer(2089858483,0ecaa5967403d082aa24f35e1b516d23)
Start importing Assets/Sprites/Standard/Equipment/back/female/trimcape.png using Guid(50ae8ceca89d6c44fb34c4fb32957263) Importer(2089858483,0ecaa5967403d082aa24f35e1b516d23)  -> (artifact id: '0169a362317296875bc4dbde78a4665f') in 0.476424 seconds
Number of updated asset objects reloaded before import = 0
Number of asset objects unloaded after import = 180
========================================================================
Received Import Request.
  Time since last request: 0.000038 seconds.
  path: Assets/Sprites/Standard/Equipment/righthand/male/woodwand_male.png
  artifactKey: Guid(0ebd88a17427b5e48b2ca4f2ac79f78d) Importer(2089858483,0ecaa5967403d082aa24f35e1b516d23)
Start importing Assets/Sprites/Standard/Equipment/righthand/male/woodwand_male.png using Guid(0ebd88a17427b5e48b2ca4f2ac79f78d) Importer(2089858483,0ecaa5967403d082aa24f35e1b516d23)  -> (artifact id: 'c6a0bb88b0e7a41074171942a047c378') in 0.489712 seconds
Number of updated asset objects reloaded before import = 0
Number of asset objects unloaded after import = 180
========================================================================
Received Import Request.
  Time since last request: 0.000038 seconds.
  path: Assets/Sprites/Standard/Equipment/righthand/either/greatbow.png
  artifactKey: Guid(85cb32acc621ab941b93080712b0091e) Importer(2089858483,0ecaa5967403d082aa24f35e1b516d23)
Start importing Assets/Sprites/Standard/Equipment/righthand/either/greatbow.png using Guid(85cb32acc621ab941b93080712b0091e) Importer(2089858483,0ecaa5967403d082aa24f35e1b516d23)  -> (artifact id: '98b7064a32273e8922b49d16a398216b') in 0.483025 seconds
Number of updated asset objects reloaded before import = 0
Number of asset objects unloaded after import = 180
========================================================================
Received Import Request.
  Time since last request: 0.000049 seconds.
  path: Assets/Sprites/Standard/Equipment/feet/female/boots.png
  artifactKey: Guid(81ca89f258aea004dbe2e4336a649922) Importer(2089858483,0ecaa5967403d082aa24f35e1b516d23)
Start importing Assets/Sprites/Standard/Equipment/feet/female/boots.png using Guid(81ca89f258aea004dbe2e4336a649922) Importer(2089858483,0ecaa5967403d082aa24f35e1b516d23)  -> (artifact id: '1f98e7a7fdd4c039404990c2d2dc8daf') in 0.447959 seconds
Number of updated asset objects reloaded before import = 0
Number of asset objects unloaded after import = 180
========================================================================
Received Import Request.
  Time since last request: 0.000027 seconds.
  path: Assets/Sprites/Standard/Equipment/wrists/female/leather.png
  artifactKey: Guid(0980c7c052c5c4c4596da202b213ffb8) Importer(2089858483,0ecaa5967403d082aa24f35e1b516d23)
Start importing Assets/Sprites/Standard/Equipment/wrists/female/leather.png using Guid(0980c7c052c5c4c4596da202b213ffb8) Importer(2089858483,0ecaa5967403d082aa24f35e1b516d23)  -> (artifact id: '44bd52ccf152e509ce0b98d091bf7f7f') in 0.470344 seconds
Number of updated asset objects reloaded before import = 0
Number of asset objects unloaded after import = 180
========================================================================
Received Import Request.
  Time since last request: 0.000039 seconds.
  path: Assets/Sprites/Standard/Equipment/waist/female/no_th-sh/buckle.png
  artifactKey: Guid(cb7206cb40d312947a40d1028dfc2e76) Importer(2089858483,0ecaa5967403d082aa24f35e1b516d23)
Start importing Assets/Sprites/Standard/Equipment/waist/female/no_th-sh/buckle.png using Guid(cb7206cb40d312947a40d1028dfc2e76) Importer(2089858483,0ecaa5967403d082aa24f35e1b516d23)  -> (artifact id: '6d4dedf3736738a3059ba8719dba807d') in 0.469664 seconds
Number of updated asset objects reloaded before import = 0
Number of asset objects unloaded after import = 180
========================================================================
Received Import Request.
  Time since last request: 0.000026 seconds.
  path: Assets/Sprites/Standard/Equipment/chest/female/tightdress.png
  artifactKey: Guid(4e9bfdd78b688934baab93ffc26c289a) Importer(2089858483,0ecaa5967403d082aa24f35e1b516d23)
Start importing Assets/Sprites/Standard/Equipment/chest/female/tightdress.png using Guid(4e9bfdd78b688934baab93ffc26c289a) Importer(2089858483,0ecaa5967403d082aa24f35e1b516d23)  -> (artifact id: '080e49c3e5f22e50d9b9c53b6ea5e182') in 0.457697 seconds
Number of updated asset objects reloaded before import = 0
Number of asset objects unloaded after import = 180
========================================================================
Received Import Request.
  Time since last request: 0.000041 seconds.
  path: Assets/Sprites/Standard/Equipment/chest/female/platemail.png
  artifactKey: Guid(43b2c680af12af94393cfd3af59d5c0d) Importer(2089858483,0ecaa5967403d082aa24f35e1b516d23)
Start importing Assets/Sprites/Standard/Equipment/chest/female/platemail.png using Guid(43b2c680af12af94393cfd3af59d5c0d) Importer(2089858483,0ecaa5967403d082aa24f35e1b516d23)  -> (artifact id: '07e9ef50668e1a92c1dd41f0fd28a549') in 0.451284 seconds
Number of updated asset objects reloaded before import = 0
Number of asset objects unloaded after import = 180
========================================================================
Received Import Request.
  Time since last request: 0.000029 seconds.
  path: Assets/Sprites/Standard/Equipment/chest/male/no_th-sh/vest.png
  artifactKey: Guid(83f3cd0a889826342b5e040618645651) Importer(2089858483,0ecaa5967403d082aa24f35e1b516d23)
Start importing Assets/Sprites/Standard/Equipment/chest/male/no_th-sh/vest.png using Guid(83f3cd0a889826342b5e040618645651) Importer(2089858483,0ecaa5967403d082aa24f35e1b516d23)  -> (artifact id: '0a40fbc63333fc912b5fbd2c9d8c5ace') in 0.459587 seconds
Number of updated asset objects reloaded before import = 0
Number of asset objects unloaded after import = 180
========================================================================
Received Import Request.
  Time since last request: 2.253212 seconds.
  path: Assets/Sprites/Standard/Character/hair/female/messy2.png
  artifactKey: Guid(a55c65d76713c764b810bff4b73cbf93) Importer(2089858483,0ecaa5967403d082aa24f35e1b516d23)
Start importing Assets/Sprites/Standard/Character/hair/female/messy2.png using Guid(a55c65d76713c764b810bff4b73cbf93) Importer(2089858483,0ecaa5967403d082aa24f35e1b516d23)  -> (artifact id: '5723436b57ae79cbbfd0ddc3e56250a3') in 0.430717 seconds
Number of updated asset objects reloaded before import = 0
Number of asset objects unloaded after import = 180
========================================================================
Received Import Request.
  Time since last request: 0.000031 seconds.
  path: Assets/Sprites/Standard/Character/nose/female/straightnose_tanned2.png
  artifactKey: Guid(8b83a22778339074487cab9f20b79a95) Importer(2089858483,0ecaa5967403d082aa24f35e1b516d23)
Start importing Assets/Sprites/Standard/Character/nose/female/straightnose_tanned2.png using Guid(8b83a22778339074487cab9f20b79a95) Importer(2089858483,0ecaa5967403d082aa24f35e1b516d23)  -> (artifact id: '29dd3e0ae92d5d6d227b8e977ba0478f') in 0.569352 seconds
Number of updated asset objects reloaded before import = 0
Number of asset objects unloaded after import = 180
========================================================================
Received Import Request.
  Time since last request: 0.000056 seconds.
  path: Assets/Sprites/Standard/Character/nose/female/straightnose_light.png
  artifactKey: Guid(df4acfb076d1ffc4ba0d2242e425e70b) Importer(2089858483,0ecaa5967403d082aa24f35e1b516d23)
Start importing Assets/Sprites/Standard/Character/nose/female/straightnose_light.png using Guid(df4acfb076d1ffc4ba0d2242e425e70b) Importer(2089858483,0ecaa5967403d082aa24f35e1b516d23)  -> (artifact id: '23aad0c199be54c7443d690596404f53') in 0.752653 seconds
Number of updated asset objects reloaded before import = 0
Number of asset objects unloaded after import = 180
========================================================================
Received Import Request.
  Time since last request: 0.000053 seconds.
  path: Assets/Sprites/Standard/Equipment/chest/male/shirt_longsleeve.png
  artifactKey: Guid(d9e87762feb0cbe4b9ab9c0237b3492f) Importer(2089858483,0ecaa5967403d082aa24f35e1b516d23)
Start importing Assets/Sprites/Standard/Equipment/chest/male/shirt_longsleeve.png using Guid(d9e87762feb0cbe4b9ab9c0237b3492f) Importer(2089858483,0ecaa5967403d082aa24f35e1b516d23)  -> (artifact id: '98799345ff80a3662ce0f143b362bf8d') in 0.748813 seconds
Number of updated asset objects reloaded before import = 0
Number of asset objects unloaded after import = 180
========================================================================
Received Import Request.
  Time since last request: 0.000053 seconds.
  path: Assets/Sprites/Standard/Character/nose/male/straightnose_darkelf2.png
  artifactKey: Guid(12d1446deb04de04ba4c3bc37f5975df) Importer(2089858483,0ecaa5967403d082aa24f35e1b516d23)
Start importing Assets/Sprites/Standard/Character/nose/male/straightnose_darkelf2.png using Guid(12d1446deb04de04ba4c3bc37f5975df) Importer(2089858483,0ecaa5967403d082aa24f35e1b516d23)  -> (artifact id: '8168fd25047cf948d5d4a4aa76dcc322') in 0.713956 seconds
Number of updated asset objects reloaded before import = 0
Number of asset objects unloaded after import = 180
========================================================================
Received Import Request.
  Time since last request: 0.000042 seconds.
  path: Assets/Sprites/Standard/Equipment/head/male/crown.png
  artifactKey: Guid(ff03d490bb8c76e429340415a11aeae7) Importer(2089858483,0ecaa5967403d082aa24f35e1b516d23)
Start importing Assets/Sprites/Standard/Equipment/head/male/crown.png using Guid(ff03d490bb8c76e429340415a11aeae7) Importer(2089858483,0ecaa5967403d082aa24f35e1b516d23)  -> (artifact id: 'bbc164077bade65e430afa427e51db8d') in 0.609763 seconds
Number of updated asset objects reloaded before import = 0
Number of asset objects unloaded after import = 180
========================================================================
Received Import Request.
  Time since last request: 0.000047 seconds.
  path: Assets/Sprites/Standard/Character/nose/male/bignose_tanned2.png
  artifactKey: Guid(c476a7256fcff824dad368e21d9323c9) Importer(2089858483,0ecaa5967403d082aa24f35e1b516d23)
Start importing Assets/Sprites/Standard/Character/nose/male/bignose_tanned2.png using Guid(c476a7256fcff824dad368e21d9323c9) Importer(2089858483,0ecaa5967403d082aa24f35e1b516d23)  -> (artifact id: 'a403a228c5b0e2a479f416b5718db7d1') in 0.591488 seconds
Number of updated asset objects reloaded before import = 0
Number of asset objects unloaded after import = 180
========================================================================
Received Import Request.
  Time since last request: 0.000040 seconds.
  path: Assets/Sprites/Standard/Equipment/head/female/leather.png
  artifactKey: Guid(d65e3c0f97090cf4e8a4a1fade190d58) Importer(2089858483,0ecaa5967403d082aa24f35e1b516d23)
Start importing Assets/Sprites/Standard/Equipment/head/female/leather.png using Guid(d65e3c0f97090cf4e8a4a1fade190d58) Importer(2089858483,0ecaa5967403d082aa24f35e1b516d23)  -> (artifact id: 'b171c86532be6414fa1eb3aa8eea0cfe') in 0.563894 seconds
Number of updated asset objects reloaded before import = 0
Number of asset objects unloaded after import = 180
========================================================================
Received Import Request.
  Time since last request: 0.000043 seconds.
  path: Assets/Sprites/Standard/Character/nose/male/straightnose_light.png
  artifactKey: Guid(1131eb1d663afc44c986a6c3ca4815d0) Importer(2089858483,0ecaa5967403d082aa24f35e1b516d23)
Start importing Assets/Sprites/Standard/Character/nose/male/straightnose_light.png using Guid(1131eb1d663afc44c986a6c3ca4815d0) Importer(2089858483,0ecaa5967403d082aa24f35e1b516d23)  -> (artifact id: 'ffa516cfe9ffe0978513a87c11d0285c') in 0.586174 seconds
Number of updated asset objects reloaded before import = 0
Number of asset objects unloaded after import = 180
========================================================================
Received Import Request.
  Time since last request: 0.000036 seconds.
  path: Assets/Sprites/Standard/Character/nose/female/bignose_light.png
  artifactKey: Guid(99c9cd910ad1473408fddbf8ad664373) Importer(2089858483,0ecaa5967403d082aa24f35e1b516d23)
Start importing Assets/Sprites/Standard/Character/nose/female/bignose_light.png using Guid(99c9cd910ad1473408fddbf8ad664373) Importer(2089858483,0ecaa5967403d082aa24f35e1b516d23)  -> (artifact id: '604183c310729d6c35bff9ac1595d8a4') in 0.566488 seconds
Number of updated asset objects reloaded before import = 0
Number of asset objects unloaded after import = 180
========================================================================
Received Import Request.
  Time since last request: 0.000046 seconds.
  path: Assets/Sprites/Standard/Equipment/back2/both/quiver.png
  artifactKey: Guid(6b9acc7b740123b45913ae1a67ba401e) Importer(2089858483,0ecaa5967403d082aa24f35e1b516d23)
Start importing Assets/Sprites/Standard/Equipment/back2/both/quiver.png using Guid(6b9acc7b740123b45913ae1a67ba401e) Importer(2089858483,0ecaa5967403d082aa24f35e1b516d23)  -> (artifact id: '37c6d6d89d62a17da912d3f11fde5521') in 0.577115 seconds
Number of updated asset objects reloaded before import = 0
Number of asset objects unloaded after import = 180
========================================================================
Received Import Request.
  Time since last request: 0.000034 seconds.
  path: Assets/Sprites/Standard/Equipment/chest/female/vest.png
  artifactKey: Guid(a13db514d242c05499aa00652ece77fc) Importer(2089858483,0ecaa5967403d082aa24f35e1b516d23)
Start importing Assets/Sprites/Standard/Equipment/chest/female/vest.png using Guid(a13db514d242c05499aa00652ece77fc) Importer(2089858483,0ecaa5967403d082aa24f35e1b516d23)  -> (artifact id: '1d96a2ef0c907bafc52d1dbed7c0adfc') in 0.605366 seconds
Number of updated asset objects reloaded before import = 0
Number of asset objects unloaded after import = 180
========================================================================
Received Import Request.
  Time since last request: 0.000066 seconds.
  path: Assets/Sprites/Standard/Character/nose/male/buttonnose_dark.png
  artifactKey: Guid(2c78fe45ad42bf941bb0128183143590) Importer(2089858483,0ecaa5967403d082aa24f35e1b516d23)
Start importing Assets/Sprites/Standard/Character/nose/male/buttonnose_dark.png using Guid(2c78fe45ad42bf941bb0128183143590) Importer(2089858483,0ecaa5967403d082aa24f35e1b516d23)  -> (artifact id: 'e90a5ae7414944b86513b75669d8451f') in 0.770407 seconds
Number of updated asset objects reloaded before import = 0
Number of asset objects unloaded after import = 180
========================================================================
Received Import Request.
  Time since last request: 0.000042 seconds.
  path: Assets/Sprites/Standard/Equipment/righthand/either/recurvebow.png
  artifactKey: Guid(1e692e1aa5196c24cb5bbfd4b3ab03c4) Importer(2089858483,0ecaa5967403d082aa24f35e1b516d23)
Start importing Assets/Sprites/Standard/Equipment/righthand/either/recurvebow.png using Guid(1e692e1aa5196c24cb5bbfd4b3ab03c4) Importer(2089858483,0ecaa5967403d082aa24f35e1b516d23)  -> (artifact id: 'a85c297fb30a8d564290cec5e208e699') in 0.783569 seconds
Number of updated asset objects reloaded before import = 0
Number of asset objects unloaded after import = 180
========================================================================
Received Import Request.
  Time since last request: 0.000059 seconds.
  path: Assets/Sprites/Standard/Equipment/head/female/reinforced.png
  artifactKey: Guid(113019a9dbb5f764a912db3b56db2e39) Importer(2089858483,0ecaa5967403d082aa24f35e1b516d23)
Start importing Assets/Sprites/Standard/Equipment/head/female/reinforced.png using Guid(113019a9dbb5f764a912db3b56db2e39) Importer(2089858483,0ecaa5967403d082aa24f35e1b516d23)  -> (artifact id: 'fdbec3408bc5039610eef97224a52a6d') in 0.709758 seconds
Number of updated asset objects reloaded before import = 0
Number of asset objects unloaded after import = 180
========================================================================
Received Import Request.
  Time since last request: 0.000039 seconds.
  path: Assets/Sprites/Standard/Equipment/chest/female/chainmail.png
  artifactKey: Guid(e8a0d2be71101534480f44769974bc6c) Importer(2089858483,0ecaa5967403d082aa24f35e1b516d23)
Start importing Assets/Sprites/Standard/Equipment/chest/female/chainmail.png using Guid(e8a0d2be71101534480f44769974bc6c) Importer(2089858483,0ecaa5967403d082aa24f35e1b516d23)  -> (artifact id: '39c265f355e563f873c0b656a6d043f0') in 0.983956 seconds
Number of updated asset objects reloaded before import = 0
Number of asset objects unloaded after import = 180
========================================================================
Received Import Request.
  Time since last request: 0.000059 seconds.
  path: Assets/Sprites/Standard/Equipment/arms/female/platemail.png
  artifactKey: Guid(d329915acaf701d4c9741543f842bfc7) Importer(2089858483,0ecaa5967403d082aa24f35e1b516d23)
Start importing Assets/Sprites/Standard/Equipment/arms/female/platemail.png using Guid(d329915acaf701d4c9741543f842bfc7) Importer(2089858483,0ecaa5967403d082aa24f35e1b516d23)  -> (artifact id: '6186b2aa3397672c8a37a8d2d18789ab') in 0.697570 seconds
Number of updated asset objects reloaded before import = 0
Number of asset objects unloaded after import = 180
========================================================================
Received Prepare
Begin MonoManager ReloadAssembly
Symbol file LoadedFromMemory is not a mono symbol file
- Loaded All Assemblies, in  0.935 seconds
Refreshing native plugins compatible for Editor in 10.17 ms, found 2 plugins.
Native extension for WindowsStandalone target not found
[Package Manager] Server::EnsureServerProcessIsRunning -- launch failed, reason: Unity was launched with the -noUpm command-line argument
[Package Manager] UpmClient::Send -- Unable to send message (not connected to UPM process).
[Package Manager] Cannot connect to Unity Package Manager local server
Mono: successfully reloaded assembly
- Finished resetting the current domain, in  2.023 seconds
Domain Reload Profiling: 2955ms
	BeginReloadAssembly (276ms)
		ExecutionOrderSort (0ms)
		DisableScriptedObjects (11ms)
		BackupInstance (0ms)
		ReleaseScriptingObjects (0ms)
		CreateAndSetChildDomain (61ms)
	RebuildCommonClasses (55ms)
	RebuildNativeTypeToScriptingClass (21ms)
	initialDomainReloadingComplete (54ms)
	LoadAllAssembliesAndSetupDomain (526ms)
		LoadAssemblies (536ms)
		RebuildTransferFunctionScriptingTraits (0ms)
		AnalyzeDomain (145ms)
			TypeCache.Refresh (100ms)
				TypeCache.ScanAssembly (84ms)
			ScanForSourceGeneratedMonoScriptInfo (38ms)
			ResolveRequiredComponents (6ms)
	FinalizeReload (2024ms)
		ReleaseScriptCaches (0ms)
		RebuildScriptCaches (0ms)
		SetupLoadedEditorAssemblies (1107ms)
			LogAssemblyErrors (0ms)
			InitializePlatformSupportModulesInManaged (16ms)
			SetLoadedEditorAssemblies (8ms)
			RefreshPlugins (0ms)
			BeforeProcessingInitializeOnLoad (107ms)
			ProcessInitializeOnLoadAttributes (701ms)
			ProcessInitializeOnLoadMethodAttributes (263ms)
			AfterProcessingInitializeOnLoad (12ms)
			EditorAssembliesLoaded (0ms)
		ExecutionOrderSort2 (0ms)
		AwakeInstancesAfterBackupRestoration (17ms)
Refreshing native plugins compatible for Editor in 8.78 ms, found 2 plugins.
Preloading 0 native plugins for Editor in 0.00 ms.
Unloading 2730 Unused Serialized files (Serialized files now loaded: 0)
Unloading 51 unused Assets / (43.6 KB). Loaded Objects now: 3180.
Memory consumption went from 115.1 MB to 115.0 MB.
Total: 10.627100 ms (FindLiveObjects: 0.305000 ms CreateObjectMapping: 0.142800 ms MarkObjects: 10.059100 ms  DeleteObjects: 0.118600 ms)

Prepare: number of updated asset objects reloaded= 0
AssetImportParameters requested are different than current active one (requested -> active):
  custom:video-decoder-webm-vp8: 9c59270c3fd7afecdb556c50c9e8de78 -> 
  custom:SearchIndexIgnoredProperties: e643bd26f0fe6173181afceb89e7c659 -> 
  custom:container-demuxer-ogg: 62fdf1f143b41e24485cea50d1cbac27 -> 
  custom:AudioImporter_EditorPlatform: d09bf68614088b80899f8185d706f6e7 -> 
  custom:video-decoder-ogg-theora: a1e56fd34408186e4bbccfd4996cb3dc -> 
  custom:framework-win-MediaFoundation: 216162199b28c13a410421893ffa2e32 -> 
  custom:video-encoder-webm-vp8: eb34c28f22e8b96e1ab97ce403110664 -> 
  custom:audio-decoder-ogg-vorbis: bf7c407c2cedff20999df2af8eb42d56 -> 
  custom:CustomObjectIndexerAttribute: 9a22284fe3817be447336de3de66b15e -> 
  custom:container-demuxer-webm: 4f35f7cbe854078d1ac9338744f61a02 -> 
  custom:audio-encoder-webm-vorbis: bf7c407c2cedff20999df2af8eb42d56 -> 
  custom:container-muxer-webm: aa71ff27fc2769a1b78a27578f13a17b -> 
========================================================================
Received Prepare
Begin MonoManager ReloadAssembly
Symbol file LoadedFromMemory is not a mono symbol file
- Loaded All Assemblies, in  0.804 seconds
Refreshing native plugins compatible for Editor in 11.18 ms, found 2 plugins.
Native extension for WindowsStandalone target not found
[Package Manager] Server::EnsureServerProcessIsRunning -- launch failed, reason: Unity was launched with the -noUpm command-line argument
[Package Manager] UpmClient::Send -- Unable to send message (not connected to UPM process).
[Package Manager] Cannot connect to Unity Package Manager local server
Mono: successfully reloaded assembly
- Finished resetting the current domain, in  2.219 seconds
Domain Reload Profiling: 3019ms
	BeginReloadAssembly (248ms)
		ExecutionOrderSort (0ms)
		DisableScriptedObjects (9ms)
		BackupInstance (0ms)
		ReleaseScriptingObjects (0ms)
		CreateAndSetChildDomain (49ms)
	RebuildCommonClasses (57ms)
	RebuildNativeTypeToScriptingClass (22ms)
	initialDomainReloadingComplete (60ms)
	LoadAllAssembliesAndSetupDomain (411ms)
		LoadAssemblies (544ms)
		RebuildTransferFunctionScriptingTraits (0ms)
		AnalyzeDomain (19ms)
			TypeCache.Refresh (10ms)
				TypeCache.ScanAssembly (0ms)
			ScanForSourceGeneratedMonoScriptInfo (0ms)
			ResolveRequiredComponents (7ms)
	FinalizeReload (2220ms)
		ReleaseScriptCaches (0ms)
		RebuildScriptCaches (0ms)
		SetupLoadedEditorAssemblies (1500ms)
			LogAssemblyErrors (0ms)
			InitializePlatformSupportModulesInManaged (14ms)
			SetLoadedEditorAssemblies (7ms)
			RefreshPlugins (0ms)
			BeforeProcessingInitializeOnLoad (141ms)
			ProcessInitializeOnLoadAttributes (954ms)
			ProcessInitializeOnLoadMethodAttributes (366ms)
			AfterProcessingInitializeOnLoad (16ms)
			EditorAssembliesLoaded (1ms)
		ExecutionOrderSort2 (0ms)
		AwakeInstancesAfterBackupRestoration (25ms)
Refreshing native plugins compatible for Editor in 10.87 ms, found 2 plugins.
Preloading 0 native plugins for Editor in 0.00 ms.
Unloading 2731 Unused Serialized files (Serialized files now loaded: 0)
Unloading 51 unused Assets / (43.6 KB). Loaded Objects now: 3183.
Memory consumption went from 117.3 MB to 117.2 MB.
Total: 13.295100 ms (FindLiveObjects: 0.406500 ms CreateObjectMapping: 0.185500 ms MarkObjects: 12.571100 ms  DeleteObjects: 0.129700 ms)

Prepare: number of updated asset objects reloaded= 0
AssetImportParameters requested are different than current active one (requested -> active):
  custom:video-decoder-webm-vp8: 9c59270c3fd7afecdb556c50c9e8de78 -> 
  custom:SearchIndexIgnoredProperties: e643bd26f0fe6173181afceb89e7c659 -> 
  custom:container-demuxer-ogg: 62fdf1f143b41e24485cea50d1cbac27 -> 
  custom:AudioImporter_EditorPlatform: d09bf68614088b80899f8185d706f6e7 -> 
  custom:video-decoder-ogg-theora: a1e56fd34408186e4bbccfd4996cb3dc -> 
  custom:framework-win-MediaFoundation: 216162199b28c13a410421893ffa2e32 -> 
  custom:video-encoder-webm-vp8: eb34c28f22e8b96e1ab97ce403110664 -> 
  custom:audio-decoder-ogg-vorbis: bf7c407c2cedff20999df2af8eb42d56 -> 
  custom:CustomObjectIndexerAttribute: 9a22284fe3817be447336de3de66b15e -> 
  custom:container-demuxer-webm: 4f35f7cbe854078d1ac9338744f61a02 -> 
  custom:audio-encoder-webm-vorbis: bf7c407c2cedff20999df2af8eb42d56 -> 
  custom:container-muxer-webm: aa71ff27fc2769a1b78a27578f13a17b -> 
========================================================================
Received Import Request.
  Time since last request: 63.393467 seconds.
  path: Assets/Sprites/Standard/Character/eyes/female/brown.png
  artifactKey: Guid(bfddd6082d860be4da31c45a3280a6d0) Importer(815301076,1909f56bfc062723c751e8b465ee728b)
Start importing Assets/Sprites/Standard/Character/eyes/female/brown.png using Guid(bfddd6082d860be4da31c45a3280a6d0) Importer(815301076,1909f56bfc062723c751e8b465ee728b)  -> (artifact id: '066b96c26805f98dafdce6da39563bf6') in 0.873555 seconds
Number of updated asset objects reloaded before import = 0
Number of asset objects unloaded after import = 180
========================================================================
Received Import Request.
  Time since last request: 0.000044 seconds.
  path: Assets/Sprites/Standard/Character/eyes/female/red.png
  artifactKey: Guid(0e7d4570a7422574483de267c6b20020) Importer(815301076,1909f56bfc062723c751e8b465ee728b)
Start importing Assets/Sprites/Standard/Character/eyes/female/red.png using Guid(0e7d4570a7422574483de267c6b20020) Importer(815301076,1909f56bfc062723c751e8b465ee728b)  -> (artifact id: '2517a69968c44f7cbf4a9570821f95ae') in 0.777570 seconds
Number of updated asset objects reloaded before import = 0
Number of asset objects unloaded after import = 180
Editor requested this worker to shutdown with reason: Scaling down because of idle timeout
TcpMessagingSession - receive error: operation aborted. errorcode: 995, details: The I/O operation has been aborted because of either a thread exit or an application request.
AssetImportWorker is now disconnected from the server
Process exiting
Exiting without the bug reporter. Application will terminate with return code 0