Using pre-set license
Built from '2022.3/staging' branch; Version is '2022.3.21f1 (bf09ca542b87) revision 12519882'; Using compiler version '192829333'; Build Type 'Release'
OS: 'Windows 10  (10.0.19045) 64bit Professional' Language: 'en' Physical Memory: 16077 MB
BatchMode: 1, IsHumanControllingUs: 0, StartBugReporterOnCrash: 0, Is64bit: 1, IsPro: 1

COMMAND LINE ARGUMENTS:
C:\Program Files\Unity\Hub\Editor\2022.3.21f1\Editor\Unity.exe
-adb2
-batchMode
-noUpm
-name
AssetImportWorker3
-projectPath
D:/Learning/Unity-LPC-Character-Animator
-logFile
Logs/AssetImportWorker3.log
-srvPort
51947
Successfully changed project path to: D:/Learning/Unity-LPC-Character-Animator
D:/Learning/Unity-LPC-Character-Animator
[UnityMemory] Configuration Parameters - Can be set up in boot.config
    "memorysetup-bucket-allocator-granularity=16"
    "memorysetup-bucket-allocator-bucket-count=8"
    "memorysetup-bucket-allocator-block-size=33554432"
    "memorysetup-bucket-allocator-block-count=8"
    "memorysetup-main-allocator-block-size=16777216"
    "memorysetup-thread-allocator-block-size=16777216"
    "memorysetup-gfx-main-allocator-block-size=16777216"
    "memorysetup-gfx-thread-allocator-block-size=16777216"
    "memorysetup-cache-allocator-block-size=4194304"
    "memorysetup-typetree-allocator-block-size=2097152"
    "memorysetup-profiler-bucket-allocator-granularity=16"
    "memorysetup-profiler-bucket-allocator-bucket-count=8"
    "memorysetup-profiler-bucket-allocator-block-size=33554432"
    "memorysetup-profiler-bucket-allocator-block-count=8"
    "memorysetup-profiler-allocator-block-size=16777216"
    "memorysetup-profiler-editor-allocator-block-size=1048576"
    "memorysetup-temp-allocator-size-main=16777216"
    "memorysetup-job-temp-allocator-block-size=2097152"
    "memorysetup-job-temp-allocator-block-size-background=1048576"
    "memorysetup-job-temp-allocator-reduction-small-platforms=262144"
    "memorysetup-allocator-temp-initial-block-size-main=262144"
    "memorysetup-allocator-temp-initial-block-size-worker=262144"
    "memorysetup-temp-allocator-size-background-worker=32768"
    "memorysetup-temp-allocator-size-job-worker=262144"
    "memorysetup-temp-allocator-size-preload-manager=33554432"
    "memorysetup-temp-allocator-size-nav-mesh-worker=65536"
    "memorysetup-temp-allocator-size-audio-worker=65536"
    "memorysetup-temp-allocator-size-cloud-worker=32768"
    "memorysetup-temp-allocator-size-gi-baking-worker=262144"
    "memorysetup-temp-allocator-size-gfx=262144"
Player connection [14820] Host "[IP] 172.28.80.1 [Port] 0 [Flags] 2 [Guid] 1557427983 [EditorId] 1557427983 [Version] 1048832 [Id] WindowsEditor(7,Omac-Alexandr) [Debug] 1 [PackageName] WindowsEditor [ProjectName] Editor" joined multi-casting on [225.0.0.222:54997]...

Player connection [14820] Host "[IP] 172.28.80.1 [Port] 0 [Flags] 2 [Guid] 1557427983 [EditorId] 1557427983 [Version] 1048832 [Id] WindowsEditor(7,Omac-Alexandr) [Debug] 1 [PackageName] WindowsEditor [ProjectName] Editor" joined alternative multi-casting on [225.0.0.222:34997]...

[Physics::Module] Initialized MultithreadedJobDispatcher with 15 workers.
Refreshing native plugins compatible for Editor in 9.88 ms, found 2 plugins.
Preloading 0 native plugins for Editor in 0.00 ms.
Initialize engine version: 2022.3.21f1 (bf09ca542b87)
[Subsystems] Discovering subsystems at path C:/Program Files/Unity/Hub/Editor/2022.3.21f1/Editor/Data/Resources/UnitySubsystems
[Subsystems] Discovering subsystems at path D:/Learning/Unity-LPC-Character-Animator/Assets
GfxDevice: creating device client; threaded=0; jobified=0
Direct3D:
    Version:  Direct3D 11.0 [level 11.1]
    Renderer: Intel(R) Iris(R) Xe Graphics (ID=0x46a6)
    Vendor:   Intel
    VRAM:     8038 MB
    Driver:   31.0.101.5382
Initialize mono
Mono path[0] = 'C:/Program Files/Unity/Hub/Editor/2022.3.21f1/Editor/Data/Managed'
Mono path[1] = 'C:/Program Files/Unity/Hub/Editor/2022.3.21f1/Editor/Data/MonoBleedingEdge/lib/mono/unityjit-win32'
Mono config path = 'C:/Program Files/Unity/Hub/Editor/2022.3.21f1/Editor/Data/MonoBleedingEdge/etc'
Using monoOptions --debugger-agent=transport=dt_socket,embedding=1,server=y,suspend=n,address=127.0.0.1:56752
Begin MonoManager ReloadAssembly
Registering precompiled unity dll's ...
Register platform support module: C:/Program Files/Unity/Hub/Editor/2022.3.21f1/Editor/Data/PlaybackEngines/WindowsStandaloneSupport/UnityEditor.WindowsStandalone.Extensions.dll
Registered in 0.009970 seconds.
- Loaded All Assemblies, in  0.454 seconds
Native extension for WindowsStandalone target not found
Mono: successfully reloaded assembly
- Finished resetting the current domain, in  0.353 seconds
Domain Reload Profiling: 805ms
	BeginReloadAssembly (158ms)
		ExecutionOrderSort (0ms)
		DisableScriptedObjects (0ms)
		BackupInstance (0ms)
		ReleaseScriptingObjects (0ms)
		CreateAndSetChildDomain (1ms)
	RebuildCommonClasses (41ms)
	RebuildNativeTypeToScriptingClass (14ms)
	initialDomainReloadingComplete (74ms)
	LoadAllAssembliesAndSetupDomain (165ms)
		LoadAssemblies (156ms)
		RebuildTransferFunctionScriptingTraits (0ms)
		AnalyzeDomain (163ms)
			TypeCache.Refresh (162ms)
				TypeCache.ScanAssembly (147ms)
			ScanForSourceGeneratedMonoScriptInfo (0ms)
			ResolveRequiredComponents (1ms)
	FinalizeReload (353ms)
		ReleaseScriptCaches (0ms)
		RebuildScriptCaches (0ms)
		SetupLoadedEditorAssemblies (277ms)
			LogAssemblyErrors (0ms)
			InitializePlatformSupportModulesInManaged (12ms)
			SetLoadedEditorAssemblies (10ms)
			RefreshPlugins (0ms)
			BeforeProcessingInitializeOnLoad (3ms)
			ProcessInitializeOnLoadAttributes (187ms)
			ProcessInitializeOnLoadMethodAttributes (66ms)
			AfterProcessingInitializeOnLoad (0ms)
			EditorAssembliesLoaded (0ms)
		ExecutionOrderSort2 (0ms)
		AwakeInstancesAfterBackupRestoration (0ms)
========================================================================
Worker process is ready to serve import requests
Begin MonoManager ReloadAssembly
Symbol file LoadedFromMemory is not a mono symbol file
- Loaded All Assemblies, in  0.845 seconds
Refreshing native plugins compatible for Editor in 6.12 ms, found 2 plugins.
Native extension for WindowsStandalone target not found
Package Manager log level set to [2]
[Package Manager] Server::EnsureServerProcessIsRunning -- launch failed, reason: Unity was launched with the -noUpm command-line argument
[Package Manager] UpmClient::Send -- Unable to send message (not connected to UPM process).
[Package Manager] Cannot connect to Unity Package Manager local server
Mono: successfully reloaded assembly
- Finished resetting the current domain, in  1.086 seconds
Domain Reload Profiling: 1928ms
	BeginReloadAssembly (232ms)
		ExecutionOrderSort (0ms)
		DisableScriptedObjects (8ms)
		BackupInstance (0ms)
		ReleaseScriptingObjects (0ms)
		CreateAndSetChildDomain (29ms)
	RebuildCommonClasses (47ms)
	RebuildNativeTypeToScriptingClass (15ms)
	initialDomainReloadingComplete (73ms)
	LoadAllAssembliesAndSetupDomain (474ms)
		LoadAssemblies (455ms)
		RebuildTransferFunctionScriptingTraits (0ms)
		AnalyzeDomain (164ms)
			TypeCache.Refresh (134ms)
				TypeCache.ScanAssembly (112ms)
			ScanForSourceGeneratedMonoScriptInfo (25ms)
			ResolveRequiredComponents (4ms)
	FinalizeReload (1087ms)
		ReleaseScriptCaches (0ms)
		RebuildScriptCaches (0ms)
		SetupLoadedEditorAssemblies (898ms)
			LogAssemblyErrors (0ms)
			InitializePlatformSupportModulesInManaged (10ms)
			SetLoadedEditorAssemblies (6ms)
			RefreshPlugins (0ms)
			BeforeProcessingInitializeOnLoad (76ms)
			ProcessInitializeOnLoadAttributes (595ms)
			ProcessInitializeOnLoadMethodAttributes (201ms)
			AfterProcessingInitializeOnLoad (9ms)
			EditorAssembliesLoaded (0ms)
		ExecutionOrderSort2 (0ms)
		AwakeInstancesAfterBackupRestoration (12ms)
Launched and connected shader compiler UnityShaderCompiler.exe after 0.05 seconds
Refreshing native plugins compatible for Editor in 3.06 ms, found 2 plugins.
Preloading 0 native plugins for Editor in 0.00 ms.
Unloading 2737 Unused Serialized files (Serialized files now loaded: 0)
Unloading 62 unused Assets / (69.3 KB). Loaded Objects now: 3177.
Memory consumption went from 112.7 MB to 112.7 MB.
Total: 5.426200 ms (FindLiveObjects: 0.179800 ms CreateObjectMapping: 0.068100 ms MarkObjects: 5.051100 ms  DeleteObjects: 0.124400 ms)

AssetImportParameters requested are different than current active one (requested -> active):
  custom:video-decoder-webm-vp8: 9c59270c3fd7afecdb556c50c9e8de78 -> 
  custom:SearchIndexIgnoredProperties: e643bd26f0fe6173181afceb89e7c659 -> 
  custom:container-demuxer-ogg: 62fdf1f143b41e24485cea50d1cbac27 -> 
  custom:AudioImporter_EditorPlatform: d09bf68614088b80899f8185d706f6e7 -> 
  custom:video-decoder-ogg-theora: a1e56fd34408186e4bbccfd4996cb3dc -> 
  custom:framework-win-MediaFoundation: 216162199b28c13a410421893ffa2e32 -> 
  custom:video-encoder-webm-vp8: eb34c28f22e8b96e1ab97ce403110664 -> 
  custom:audio-decoder-ogg-vorbis: bf7c407c2cedff20999df2af8eb42d56 -> 
  custom:CustomObjectIndexerAttribute: 9a22284fe3817be447336de3de66b15e -> 
  custom:container-demuxer-webm: 4f35f7cbe854078d1ac9338744f61a02 -> 
  custom:audio-encoder-webm-vorbis: bf7c407c2cedff20999df2af8eb42d56 -> 
  custom:container-muxer-webm: aa71ff27fc2769a1b78a27578f13a17b -> 
========================================================================
Received Import Request.
  Time since last request: 8601.544365 seconds.
  path: Assets/Sprites/Standard/Character/body/male/dark2.png
  artifactKey: Guid(12df0730b13bc0648aef4fdabf9b3ffa) Importer(2089858483,0ecaa5967403d082aa24f35e1b516d23)
Start importing Assets/Sprites/Standard/Character/body/male/dark2.png using Guid(12df0730b13bc0648aef4fdabf9b3ffa) Importer(2089858483,0ecaa5967403d082aa24f35e1b516d23)  -> (artifact id: '93dc8c36f7997e92eb7427a8e7a06ba6') in 0.457909 seconds
Number of updated asset objects reloaded before import = 0
Number of asset objects unloaded after import = 180
========================================================================
Received Import Request.
  Time since last request: 0.000022 seconds.
  path: Assets/Sprites/Standard/Character/ears/female/elven_dark2.png
  artifactKey: Guid(a09e9ea5c60e35341bc421c2e97feb07) Importer(2089858483,0ecaa5967403d082aa24f35e1b516d23)
Start importing Assets/Sprites/Standard/Character/ears/female/elven_dark2.png using Guid(a09e9ea5c60e35341bc421c2e97feb07) Importer(2089858483,0ecaa5967403d082aa24f35e1b516d23)  -> (artifact id: 'edba7d12188128fcbd444804bc1539ec') in 0.327544 seconds
Number of updated asset objects reloaded before import = 0
Number of asset objects unloaded after import = 180
========================================================================
Received Import Request.
  Time since last request: 0.000034 seconds.
  path: Assets/Sprites/Standard/Character/hair/female/pixie.png
  artifactKey: Guid(7cbae187dff94044a875ad888007dc89) Importer(2089858483,0ecaa5967403d082aa24f35e1b516d23)
Start importing Assets/Sprites/Standard/Character/hair/female/pixie.png using Guid(7cbae187dff94044a875ad888007dc89) Importer(2089858483,0ecaa5967403d082aa24f35e1b516d23)  -> (artifact id: '9d543452e8d2e76b154bfaeb92e866ae') in 0.326611 seconds
Number of updated asset objects reloaded before import = 0
Number of asset objects unloaded after import = 180
========================================================================
Received Import Request.
  Time since last request: 0.000020 seconds.
  path: Assets/Sprites/Standard/Character/hair/female/longknot.png
  artifactKey: Guid(5906830a382d6f44ebc02e802dc69695) Importer(2089858483,0ecaa5967403d082aa24f35e1b516d23)
Start importing Assets/Sprites/Standard/Character/hair/female/longknot.png using Guid(5906830a382d6f44ebc02e802dc69695) Importer(2089858483,0ecaa5967403d082aa24f35e1b516d23)  -> (artifact id: '4ebcd11460dbfcbf7d15226b1e5802a3') in 0.321316 seconds
Number of updated asset objects reloaded before import = 0
Number of asset objects unloaded after import = 180
========================================================================
Received Import Request.
  Time since last request: 0.000033 seconds.
  path: Assets/Sprites/Standard/Character/hair/female/bedhead.png
  artifactKey: Guid(e3d4841ce8e860b46b1d5150b43cc516) Importer(2089858483,0ecaa5967403d082aa24f35e1b516d23)
Start importing Assets/Sprites/Standard/Character/hair/female/bedhead.png using Guid(e3d4841ce8e860b46b1d5150b43cc516) Importer(2089858483,0ecaa5967403d082aa24f35e1b516d23)  -> (artifact id: 'f3236c7c243952d166a56d374fe5407e') in 0.317632 seconds
Number of updated asset objects reloaded before import = 0
Number of asset objects unloaded after import = 180
========================================================================
Received Import Request.
  Time since last request: 0.000025 seconds.
  path: Assets/Sprites/Standard/Character/hair/female/parted.png
  artifactKey: Guid(d54bc5fb4b7b43741a1ef1a5b63d7ef7) Importer(2089858483,0ecaa5967403d082aa24f35e1b516d23)
Start importing Assets/Sprites/Standard/Character/hair/female/parted.png using Guid(d54bc5fb4b7b43741a1ef1a5b63d7ef7) Importer(2089858483,0ecaa5967403d082aa24f35e1b516d23)  -> (artifact id: 'a140cf47cc3338a78c6284a1e05b0954') in 0.314546 seconds
Number of updated asset objects reloaded before import = 0
Number of asset objects unloaded after import = 180
========================================================================
Received Import Request.
  Time since last request: 0.000032 seconds.
  path: Assets/Sprites/Standard/Character/hair/male/bunches.png
  artifactKey: Guid(1d69de87508d045469d2199df49e6799) Importer(2089858483,0ecaa5967403d082aa24f35e1b516d23)
Start importing Assets/Sprites/Standard/Character/hair/male/bunches.png using Guid(1d69de87508d045469d2199df49e6799) Importer(2089858483,0ecaa5967403d082aa24f35e1b516d23)  -> (artifact id: '6da7d0db7d42b67f8852274e9c82123a') in 0.306904 seconds
Number of updated asset objects reloaded before import = 0
Number of asset objects unloaded after import = 180
========================================================================
Received Import Request.
  Time since last request: 0.000021 seconds.
  path: Assets/Sprites/Standard/Character/hair/female/xlong.png
  artifactKey: Guid(0901152d2598a494398f36ba0becd837) Importer(2089858483,0ecaa5967403d082aa24f35e1b516d23)
Start importing Assets/Sprites/Standard/Character/hair/female/xlong.png using Guid(0901152d2598a494398f36ba0becd837) Importer(2089858483,0ecaa5967403d082aa24f35e1b516d23)  -> (artifact id: '8b71d50699a6d6d34e073e3d299c2282') in 0.313481 seconds
Number of updated asset objects reloaded before import = 0
Number of asset objects unloaded after import = 180
========================================================================
Received Import Request.
  Time since last request: 0.000030 seconds.
  path: Assets/Sprites/Standard/Character/hair/male/messy1.png
  artifactKey: Guid(732292f47b32c184c81ddb9bd3d029bc) Importer(2089858483,0ecaa5967403d082aa24f35e1b516d23)
Start importing Assets/Sprites/Standard/Character/hair/male/messy1.png using Guid(732292f47b32c184c81ddb9bd3d029bc) Importer(2089858483,0ecaa5967403d082aa24f35e1b516d23)  -> (artifact id: 'acf8f17e66af6368a6e967a94104a25f') in 0.311121 seconds
Number of updated asset objects reloaded before import = 0
Number of asset objects unloaded after import = 180
========================================================================
Received Import Request.
  Time since last request: 0.000019 seconds.
  path: Assets/Sprites/Standard/Character/body/female/orc.png
  artifactKey: Guid(471a417d1b898544b8f284a28b19adf0) Importer(2089858483,0ecaa5967403d082aa24f35e1b516d23)
Start importing Assets/Sprites/Standard/Character/body/female/orc.png using Guid(471a417d1b898544b8f284a28b19adf0) Importer(2089858483,0ecaa5967403d082aa24f35e1b516d23)  -> (artifact id: 'ee6aea408a3729353b1029d6ea90ed30') in 0.301920 seconds
Number of updated asset objects reloaded before import = 0
Number of asset objects unloaded after import = 180
========================================================================
Received Import Request.
  Time since last request: 0.000031 seconds.
  path: Assets/Sprites/Standard/Character/hair/male/pixie.png
  artifactKey: Guid(d2d121d53e0b53442affce9b09a94e8b) Importer(2089858483,0ecaa5967403d082aa24f35e1b516d23)
Start importing Assets/Sprites/Standard/Character/hair/male/pixie.png using Guid(d2d121d53e0b53442affce9b09a94e8b) Importer(2089858483,0ecaa5967403d082aa24f35e1b516d23)  -> (artifact id: 'e1d681efe9255d0bc52abfd5f0081117') in 0.304646 seconds
Number of updated asset objects reloaded before import = 0
Number of asset objects unloaded after import = 180
========================================================================
Received Import Request.
  Time since last request: 0.000021 seconds.
  path: Assets/Sprites/Standard/Character/hair/male/shoulderr.png
  artifactKey: Guid(6f835fbe3e042884fbf887a22d42f77b) Importer(2089858483,0ecaa5967403d082aa24f35e1b516d23)
Start importing Assets/Sprites/Standard/Character/hair/male/shoulderr.png using Guid(6f835fbe3e042884fbf887a22d42f77b) Importer(2089858483,0ecaa5967403d082aa24f35e1b516d23)  -> (artifact id: 'b37ee4369df0af4e2d8171bb20b9b183') in 0.312810 seconds
Number of updated asset objects reloaded before import = 0
Number of asset objects unloaded after import = 180
========================================================================
Received Import Request.
  Time since last request: 0.000033 seconds.
  path: Assets/Sprites/Standard/Character/hair/female/unkempt.png
  artifactKey: Guid(8999a20f5aef2db419100aba2dcc22c1) Importer(2089858483,0ecaa5967403d082aa24f35e1b516d23)
Start importing Assets/Sprites/Standard/Character/hair/female/unkempt.png using Guid(8999a20f5aef2db419100aba2dcc22c1) Importer(2089858483,0ecaa5967403d082aa24f35e1b516d23)  -> (artifact id: 'bbd472a4fe7800dd3f92aeb5798e98df') in 0.305735 seconds
Number of updated asset objects reloaded before import = 0
Number of asset objects unloaded after import = 180
========================================================================
Received Import Request.
  Time since last request: 0.000021 seconds.
  path: Assets/Sprites/Standard/Character/ears/female/big_dark2.png
  artifactKey: Guid(9bdd622f78d8f6548a7861920608f42c) Importer(2089858483,0ecaa5967403d082aa24f35e1b516d23)
Start importing Assets/Sprites/Standard/Character/ears/female/big_dark2.png using Guid(9bdd622f78d8f6548a7861920608f42c) Importer(2089858483,0ecaa5967403d082aa24f35e1b516d23)  -> (artifact id: '5c8a162f5c92a9c7ae20222a07bf86eb') in 0.317676 seconds
Number of updated asset objects reloaded before import = 0
Number of asset objects unloaded after import = 180
========================================================================
Received Import Request.
  Time since last request: 0.000031 seconds.
  path: Assets/Sprites/Standard/Character/ears/female/long_tanned.png
  artifactKey: Guid(d3f0b177be1acac4da6be17ceb73f82f) Importer(2089858483,0ecaa5967403d082aa24f35e1b516d23)
Start importing Assets/Sprites/Standard/Character/ears/female/long_tanned.png using Guid(d3f0b177be1acac4da6be17ceb73f82f) Importer(2089858483,0ecaa5967403d082aa24f35e1b516d23)  -> (artifact id: '57067647ce34345dfd234d143d657f6a') in 0.317956 seconds
Number of updated asset objects reloaded before import = 0
Number of asset objects unloaded after import = 180
========================================================================
Received Import Request.
  Time since last request: 0.000021 seconds.
  path: Assets/Scripts/Animation/AnimationImporters/Interfaces/IAnimationImporter.cs
  artifactKey: Guid(74e259e5d7351c54ba178ac2456a3e46) Importer(2089858483,0ecaa5967403d082aa24f35e1b516d23)
Start importing Assets/Scripts/Animation/AnimationImporters/Interfaces/IAnimationImporter.cs using Guid(74e259e5d7351c54ba178ac2456a3e46) Importer(2089858483,0ecaa5967403d082aa24f35e1b516d23)  -> (artifact id: 'ae036577acb326553d20dc13dc92d5d8') in 0.004202 seconds
Number of updated asset objects reloaded before import = 0
Number of asset objects unloaded after import = 1
========================================================================
Received Import Request.
  Time since last request: 0.000023 seconds.
  path: Assets/Sprites/Standard/Character/hair/female/page2.png
  artifactKey: Guid(1117ac32a3bb6f44882b14b5ac4e679a) Importer(2089858483,0ecaa5967403d082aa24f35e1b516d23)
Start importing Assets/Sprites/Standard/Character/hair/female/page2.png using Guid(1117ac32a3bb6f44882b14b5ac4e679a) Importer(2089858483,0ecaa5967403d082aa24f35e1b516d23)  -> (artifact id: 'a579c7c99d2905abbb6e8e795cc595ef') in 0.299020 seconds
Number of updated asset objects reloaded before import = 0
Number of asset objects unloaded after import = 180
========================================================================
Received Import Request.
  Time since last request: 0.000022 seconds.
  path: Assets/Sprites/Standard/Character/hair/male/swoop.png
  artifactKey: Guid(4757dbb761be99940b22381b8f6b4c92) Importer(2089858483,0ecaa5967403d082aa24f35e1b516d23)
Start importing Assets/Sprites/Standard/Character/hair/male/swoop.png using Guid(4757dbb761be99940b22381b8f6b4c92) Importer(2089858483,0ecaa5967403d082aa24f35e1b516d23)  -> (artifact id: '2ee748dcae061e45235d13645ff55b2c') in 0.298419 seconds
Number of updated asset objects reloaded before import = 0
Number of asset objects unloaded after import = 180
========================================================================
Received Import Request.
  Time since last request: 0.000024 seconds.
  path: Assets/Sprites/Standard/Character/ears/female/long_light.png
  artifactKey: Guid(0dd2870f3a357004c9d0e29048fc3418) Importer(2089858483,0ecaa5967403d082aa24f35e1b516d23)
Start importing Assets/Sprites/Standard/Character/ears/female/long_light.png using Guid(0dd2870f3a357004c9d0e29048fc3418) Importer(2089858483,0ecaa5967403d082aa24f35e1b516d23)  -> (artifact id: 'ef3901c1cc6a4d8ae4189981a2a09646') in 0.313051 seconds
Number of updated asset objects reloaded before import = 0
Number of asset objects unloaded after import = 180
========================================================================
Received Import Request.
  Time since last request: 0.000019 seconds.
  path: Assets/Sprites/Standard/Character/body/male/tanned2.png
  artifactKey: Guid(4d4ab2f92e3cfb24b8f8a4f005063473) Importer(2089858483,0ecaa5967403d082aa24f35e1b516d23)
Start importing Assets/Sprites/Standard/Character/body/male/tanned2.png using Guid(4d4ab2f92e3cfb24b8f8a4f005063473) Importer(2089858483,0ecaa5967403d082aa24f35e1b516d23)  -> (artifact id: 'b98efcb1e8ca17a1e9cd3ea26a87c8b0') in 0.299434 seconds
Number of updated asset objects reloaded before import = 0
Number of asset objects unloaded after import = 180
========================================================================
Received Import Request.
  Time since last request: 0.000024 seconds.
  path: Assets/Sprites/Standard/Character/ears/male/long_darkelf2.png
  artifactKey: Guid(21e6bd7cdb469ef47b224b9f5eb87f7e) Importer(2089858483,0ecaa5967403d082aa24f35e1b516d23)
Start importing Assets/Sprites/Standard/Character/ears/male/long_darkelf2.png using Guid(21e6bd7cdb469ef47b224b9f5eb87f7e) Importer(2089858483,0ecaa5967403d082aa24f35e1b516d23)  -> (artifact id: 'a369c56e8df7f45b069b4a3d2377f3d2') in 0.326810 seconds
Number of updated asset objects reloaded before import = 0
Number of asset objects unloaded after import = 180
========================================================================
Received Import Request.
  Time since last request: 0.000023 seconds.
  path: Assets/Sprites/Standard/Character/hair/female/bangslong.png
  artifactKey: Guid(1f278ca0017c49d4eab74d0f5d2d7738) Importer(2089858483,0ecaa5967403d082aa24f35e1b516d23)
Start importing Assets/Sprites/Standard/Character/hair/female/bangslong.png using Guid(1f278ca0017c49d4eab74d0f5d2d7738) Importer(2089858483,0ecaa5967403d082aa24f35e1b516d23)  -> (artifact id: '0d2760c39be98878fad6e5c1fb11d198') in 0.317506 seconds
Number of updated asset objects reloaded before import = 0
Number of asset objects unloaded after import = 180
========================================================================
Received Import Request.
  Time since last request: 0.000026 seconds.
  path: Assets/Scripts/Animation/AnimationDNA.cs
  artifactKey: Guid(6d9279166cf7a4041bb95160288ef475) Importer(2089858483,0ecaa5967403d082aa24f35e1b516d23)
Start importing Assets/Scripts/Animation/AnimationDNA.cs using Guid(6d9279166cf7a4041bb95160288ef475) Importer(2089858483,0ecaa5967403d082aa24f35e1b516d23)  -> (artifact id: 'caa5396ef836af719f46e4cdae8472a3') in 0.004105 seconds
Number of updated asset objects reloaded before import = 0
Number of asset objects unloaded after import = 1
========================================================================
Received Import Request.
  Time since last request: 0.000183 seconds.
  path: Assets/Sprites/Standard/Character/hair/female/jewfro.png
  artifactKey: Guid(378c80c918094db4fa07dbb8197c4c2c) Importer(2089858483,0ecaa5967403d082aa24f35e1b516d23)
Start importing Assets/Sprites/Standard/Character/hair/female/jewfro.png using Guid(378c80c918094db4fa07dbb8197c4c2c) Importer(2089858483,0ecaa5967403d082aa24f35e1b516d23)  -> (artifact id: 'b6fc13f3ed94267cb95a5a93032c2731') in 0.310325 seconds
Number of updated asset objects reloaded before import = 0
Number of asset objects unloaded after import = 180
========================================================================
Received Import Request.
  Time since last request: 0.000017 seconds.
  path: Assets/Sprites/Standard/Character/eyes/male/blue.png
  artifactKey: Guid(917e1503ca598f34ea1c0a0de4e54615) Importer(2089858483,0ecaa5967403d082aa24f35e1b516d23)
Start importing Assets/Sprites/Standard/Character/eyes/male/blue.png using Guid(917e1503ca598f34ea1c0a0de4e54615) Importer(2089858483,0ecaa5967403d082aa24f35e1b516d23)  -> (artifact id: 'c9a4d819d4fa65bb08fa55fbc781bd59') in 0.283779 seconds
Number of updated asset objects reloaded before import = 0
Number of asset objects unloaded after import = 180
========================================================================
Received Import Request.
  Time since last request: 0.000026 seconds.
  path: Assets/Sprites/Standard/Character/eyes/male/brown.png
  artifactKey: Guid(4da827b7b3cf6844785e85b6eee67fc1) Importer(2089858483,0ecaa5967403d082aa24f35e1b516d23)
Start importing Assets/Sprites/Standard/Character/eyes/male/brown.png using Guid(4da827b7b3cf6844785e85b6eee67fc1) Importer(2089858483,0ecaa5967403d082aa24f35e1b516d23)  -> (artifact id: '5f209fa31fa21a6c1ceef1a371d51012') in 0.305935 seconds
Number of updated asset objects reloaded before import = 0
Number of asset objects unloaded after import = 180
========================================================================
Received Import Request.
  Time since last request: 0.000018 seconds.
  path: Assets/Sprites/Standard/Character/hair/male/ponytail2.png
  artifactKey: Guid(56e85df0165dbef4a937133b33ec27fa) Importer(2089858483,0ecaa5967403d082aa24f35e1b516d23)
Start importing Assets/Sprites/Standard/Character/hair/male/ponytail2.png using Guid(56e85df0165dbef4a937133b33ec27fa) Importer(2089858483,0ecaa5967403d082aa24f35e1b516d23)  -> (artifact id: 'e3c32d4e1763bd4689f6bec966abea05') in 0.311893 seconds
Number of updated asset objects reloaded before import = 0
Number of asset objects unloaded after import = 180
========================================================================
Received Import Request.
  Time since last request: 0.000025 seconds.
  path: Assets/Sprites/Standard/Character/ears/male/big_dark.png
  artifactKey: Guid(e7b675a9c5ab08c4483f1acb30b82f4b) Importer(2089858483,0ecaa5967403d082aa24f35e1b516d23)
Start importing Assets/Sprites/Standard/Character/ears/male/big_dark.png using Guid(e7b675a9c5ab08c4483f1acb30b82f4b) Importer(2089858483,0ecaa5967403d082aa24f35e1b516d23)  -> (artifact id: 'd4e0ac01fb3abfd2186a754c399b84a5') in 0.318826 seconds
Number of updated asset objects reloaded before import = 0
Number of asset objects unloaded after import = 180
========================================================================
Received Import Request.
  Time since last request: 0.000024 seconds.
  path: Assets/Sprites/Standard/Character/hair/female/shorthawk.png
  artifactKey: Guid(1e52c56aff2f98041b74f3be20356e72) Importer(2089858483,0ecaa5967403d082aa24f35e1b516d23)
Start importing Assets/Sprites/Standard/Character/hair/female/shorthawk.png using Guid(1e52c56aff2f98041b74f3be20356e72) Importer(2089858483,0ecaa5967403d082aa24f35e1b516d23)  -> (artifact id: 'b2d4ad9335519ec7f778c77b2f782eff') in 0.310588 seconds
Number of updated asset objects reloaded before import = 0
Number of asset objects unloaded after import = 180
========================================================================
Received Import Request.
  Time since last request: 0.000029 seconds.
  path: Assets/Sprites/Standard/Character/hair/female/longhawk.png
  artifactKey: Guid(69eac486c17026144beb3ac9b09c2584) Importer(2089858483,0ecaa5967403d082aa24f35e1b516d23)
Start importing Assets/Sprites/Standard/Character/hair/female/longhawk.png using Guid(69eac486c17026144beb3ac9b09c2584) Importer(2089858483,0ecaa5967403d082aa24f35e1b516d23)  -> (artifact id: 'f5939268804c734a8c22e040e1e3e597') in 0.319152 seconds
Number of updated asset objects reloaded before import = 0
Number of asset objects unloaded after import = 180
========================================================================
Received Import Request.
  Time since last request: 0.000021 seconds.
  path: Assets/Scripts/Core/CollectionExtensions.cs
  artifactKey: Guid(5d71ad34a0f96fd4b9507306a9a371c5) Importer(2089858483,0ecaa5967403d082aa24f35e1b516d23)
Start importing Assets/Scripts/Core/CollectionExtensions.cs using Guid(5d71ad34a0f96fd4b9507306a9a371c5) Importer(2089858483,0ecaa5967403d082aa24f35e1b516d23)  -> (artifact id: 'f9c16619708c352073245ff6ddd55b16') in 0.003424 seconds
Number of updated asset objects reloaded before import = 0
Number of asset objects unloaded after import = 1
========================================================================
Received Import Request.
  Time since last request: 0.000169 seconds.
  path: Assets/Scripts/Animation/ActionAnimations/WalkAction.cs
  artifactKey: Guid(24ffba189a223944992c5ba113388e37) Importer(2089858483,0ecaa5967403d082aa24f35e1b516d23)
Start importing Assets/Scripts/Animation/ActionAnimations/WalkAction.cs using Guid(24ffba189a223944992c5ba113388e37) Importer(2089858483,0ecaa5967403d082aa24f35e1b516d23)  -> (artifact id: '3bc2522951bc23499b24ade939dfac43') in 0.003614 seconds
Number of updated asset objects reloaded before import = 0
Number of asset objects unloaded after import = 1
========================================================================
Received Import Request.
  Time since last request: 0.000074 seconds.
  path: Assets/Scripts/Animation/ActionAnimations/SpellcastAction.cs
  artifactKey: Guid(c1c4bd70569c7674daaf52e63ceb7d2f) Importer(2089858483,0ecaa5967403d082aa24f35e1b516d23)
Start importing Assets/Scripts/Animation/ActionAnimations/SpellcastAction.cs using Guid(c1c4bd70569c7674daaf52e63ceb7d2f) Importer(2089858483,0ecaa5967403d082aa24f35e1b516d23)  -> (artifact id: 'c421722f0b060edeb0bc92c0ad46288f') in 0.003212 seconds
Number of updated asset objects reloaded before import = 0
Number of asset objects unloaded after import = 1
========================================================================
Received Import Request.
  Time since last request: 0.000014 seconds.
  path: Assets/Sprites/Standard/Character/hair/male/shorthawk.png
  artifactKey: Guid(cef7a0a0a64a5b34c9a04d59c5bd0499) Importer(2089858483,0ecaa5967403d082aa24f35e1b516d23)
Start importing Assets/Sprites/Standard/Character/hair/male/shorthawk.png using Guid(cef7a0a0a64a5b34c9a04d59c5bd0499) Importer(2089858483,0ecaa5967403d082aa24f35e1b516d23)  -> (artifact id: 'd711cdfa8d4cb1b800f87eb0bfc9db36') in 0.320118 seconds
Number of updated asset objects reloaded before import = 0
Number of asset objects unloaded after import = 180
========================================================================
Received Import Request.
  Time since last request: 4.461852 seconds.
  path: Assets/Sprites/Standard/Character/eyes/male/casting_eyeglow_skeleton.png
  artifactKey: Guid(195e148cf9af3cf44b57306fdd90d912) Importer(2089858483,0ecaa5967403d082aa24f35e1b516d23)
Start importing Assets/Sprites/Standard/Character/eyes/male/casting_eyeglow_skeleton.png using Guid(195e148cf9af3cf44b57306fdd90d912) Importer(2089858483,0ecaa5967403d082aa24f35e1b516d23)  -> (artifact id: '563bb4ff38fe3a7974639b36a3d8fa7c') in 0.392107 seconds
Number of updated asset objects reloaded before import = 0
Number of asset objects unloaded after import = 180
========================================================================
Received Import Request.
  Time since last request: 0.000022 seconds.
  path: Assets/Sprites/Standard/Character/nose/male/straightnose_darkelf.png
  artifactKey: Guid(2d3a9310d6776f54dae5b5890fa93e81) Importer(2089858483,0ecaa5967403d082aa24f35e1b516d23)
Start importing Assets/Sprites/Standard/Character/nose/male/straightnose_darkelf.png using Guid(2d3a9310d6776f54dae5b5890fa93e81) Importer(2089858483,0ecaa5967403d082aa24f35e1b516d23)  -> (artifact id: 'a4fd9399f81ab8c7806aeb133cd73ad1') in 0.381180 seconds
Number of updated asset objects reloaded before import = 0
Number of asset objects unloaded after import = 180
========================================================================
Received Import Request.
  Time since last request: 0.000031 seconds.
  path: Assets/Sprites/Standard/Equipment/feet/male/shoes.png
  artifactKey: Guid(5adc14906cd3da6409d6b3f9a1159a7f) Importer(2089858483,0ecaa5967403d082aa24f35e1b516d23)
Start importing Assets/Sprites/Standard/Equipment/feet/male/shoes.png using Guid(5adc14906cd3da6409d6b3f9a1159a7f) Importer(2089858483,0ecaa5967403d082aa24f35e1b516d23)  -> (artifact id: '2a6e2ff330167d2fa06f1773cf81179e') in 0.318945 seconds
Number of updated asset objects reloaded before import = 0
Number of asset objects unloaded after import = 180
========================================================================
Received Import Request.
  Time since last request: 0.000021 seconds.
  path: Assets/Sprites/Standard/Equipment/chest/female/leather.png
  artifactKey: Guid(db78bc35ad45980449f2549bae39a255) Importer(2089858483,0ecaa5967403d082aa24f35e1b516d23)
Start importing Assets/Sprites/Standard/Equipment/chest/female/leather.png using Guid(db78bc35ad45980449f2549bae39a255) Importer(2089858483,0ecaa5967403d082aa24f35e1b516d23)  -> (artifact id: 'fde578a20c62aff7f574ffb29de0b438') in 0.338284 seconds
Number of updated asset objects reloaded before import = 0
Number of asset objects unloaded after import = 180
========================================================================
Received Import Request.
  Time since last request: 0.000042 seconds.
  path: Assets/Sprites/Standard/Character/nose/female/buttonnose_tanned.png
  artifactKey: Guid(f2c3b4b0d4fa6c14793d7534613b5183) Importer(2089858483,0ecaa5967403d082aa24f35e1b516d23)
Start importing Assets/Sprites/Standard/Character/nose/female/buttonnose_tanned.png using Guid(f2c3b4b0d4fa6c14793d7534613b5183) Importer(2089858483,0ecaa5967403d082aa24f35e1b516d23)  -> (artifact id: 'ec127c8d6241d0a158ed1c608a78fe67') in 0.357667 seconds
Number of updated asset objects reloaded before import = 0
Number of asset objects unloaded after import = 180
========================================================================
Received Import Request.
  Time since last request: 0.000025 seconds.
  path: Assets/Sprites/Standard/Character/hair/male/xlongknot.png
  artifactKey: Guid(c04a6462c5b3d804897bce62e8a33771) Importer(2089858483,0ecaa5967403d082aa24f35e1b516d23)
Start importing Assets/Sprites/Standard/Character/hair/male/xlongknot.png using Guid(c04a6462c5b3d804897bce62e8a33771) Importer(2089858483,0ecaa5967403d082aa24f35e1b516d23)  -> (artifact id: '80822f04f130d91e794723372cf4675f') in 0.338586 seconds
Number of updated asset objects reloaded before import = 0
Number of asset objects unloaded after import = 180
========================================================================
Received Import Request.
  Time since last request: 0.000039 seconds.
  path: Assets/Sprites/Standard/Equipment/feet/female/shoes.png
  artifactKey: Guid(2e04f41fe73a1c840af82eac5e6d3bac) Importer(2089858483,0ecaa5967403d082aa24f35e1b516d23)
Start importing Assets/Sprites/Standard/Equipment/feet/female/shoes.png using Guid(2e04f41fe73a1c840af82eac5e6d3bac) Importer(2089858483,0ecaa5967403d082aa24f35e1b516d23)  -> (artifact id: 'cd5b7a10508ab9a83388908b86d99c79') in 0.421915 seconds
Number of updated asset objects reloaded before import = 0
Number of asset objects unloaded after import = 180
========================================================================
Received Import Request.
  Time since last request: 0.000026 seconds.
  path: Assets/Sprites/Standard/Equipment/feet/female/platemail.png
  artifactKey: Guid(1588d49a8fb467a4ba378762192d640f) Importer(2089858483,0ecaa5967403d082aa24f35e1b516d23)
Start importing Assets/Sprites/Standard/Equipment/feet/female/platemail.png using Guid(1588d49a8fb467a4ba378762192d640f) Importer(2089858483,0ecaa5967403d082aa24f35e1b516d23)  -> (artifact id: 'fd1515841ae7d613b9becbf37375f691') in 0.495336 seconds
Number of updated asset objects reloaded before import = 0
Number of asset objects unloaded after import = 180
========================================================================
Received Import Request.
  Time since last request: 0.000039 seconds.
  path: Assets/Sprites/Standard/Equipment/righthand/female/spear_female.png
  artifactKey: Guid(aeebeb6b5063cbd4e91fe5c846100b56) Importer(2089858483,0ecaa5967403d082aa24f35e1b516d23)
Start importing Assets/Sprites/Standard/Equipment/righthand/female/spear_female.png using Guid(aeebeb6b5063cbd4e91fe5c846100b56) Importer(2089858483,0ecaa5967403d082aa24f35e1b516d23)  -> (artifact id: 'f6fe7f959092877d6d98535a671b7b93') in 0.505389 seconds
Number of updated asset objects reloaded before import = 0
Number of asset objects unloaded after import = 180
========================================================================
Received Import Request.
  Time since last request: 0.000029 seconds.
  path: Assets/Sprites/Standard/Character/nose/male/straightnose_dark2.png
  artifactKey: Guid(70483be24c2567f48a735f81eac2b4df) Importer(2089858483,0ecaa5967403d082aa24f35e1b516d23)
Start importing Assets/Sprites/Standard/Character/nose/male/straightnose_dark2.png using Guid(70483be24c2567f48a735f81eac2b4df) Importer(2089858483,0ecaa5967403d082aa24f35e1b516d23)  -> (artifact id: '1af7dad116c481662e8e6bd8d7e1262a') in 0.503054 seconds
Number of updated asset objects reloaded before import = 0
Number of asset objects unloaded after import = 180
========================================================================
Received Import Request.
  Time since last request: 0.000039 seconds.
  path: Assets/Sprites/Standard/Equipment/head/female/platemail.png
  artifactKey: Guid(11b3d0a74725fa74c9c8f65fb741d30e) Importer(2089858483,0ecaa5967403d082aa24f35e1b516d23)
Start importing Assets/Sprites/Standard/Equipment/head/female/platemail.png using Guid(11b3d0a74725fa74c9c8f65fb741d30e) Importer(2089858483,0ecaa5967403d082aa24f35e1b516d23)  -> (artifact id: '3cf063115f7d92ad17f77ec8ca2934d2') in 0.469357 seconds
Number of updated asset objects reloaded before import = 0
Number of asset objects unloaded after import = 180
========================================================================
Received Import Request.
  Time since last request: 0.000031 seconds.
  path: Assets/Sprites/Standard/Equipment/neck/male/scarf.png
  artifactKey: Guid(cc6f43767d960a64484f5699c389316b) Importer(2089858483,0ecaa5967403d082aa24f35e1b516d23)
Start importing Assets/Sprites/Standard/Equipment/neck/male/scarf.png using Guid(cc6f43767d960a64484f5699c389316b) Importer(2089858483,0ecaa5967403d082aa24f35e1b516d23)  -> (artifact id: '48af10ba4a6967d6a3e9c1cac10054e7') in 0.489730 seconds
Number of updated asset objects reloaded before import = 0
Number of asset objects unloaded after import = 180
========================================================================
Received Import Request.
  Time since last request: 0.000036 seconds.
  path: Assets/Sprites/Standard/Character/hair/male/unkempt.png
  artifactKey: Guid(ca536b46624271849a6311e533e91ef7) Importer(2089858483,0ecaa5967403d082aa24f35e1b516d23)
Start importing Assets/Sprites/Standard/Character/hair/male/unkempt.png using Guid(ca536b46624271849a6311e533e91ef7) Importer(2089858483,0ecaa5967403d082aa24f35e1b516d23)  -> (artifact id: '01ce92a267981dcf4242f9041e6a5304') in 0.458707 seconds
Number of updated asset objects reloaded before import = 0
Number of asset objects unloaded after import = 180
========================================================================
Received Import Request.
  Time since last request: 0.000033 seconds.
  path: Assets/Sprites/Standard/Equipment/head/male/bandanas.png
  artifactKey: Guid(3e9394b817c0b634abdb9bdce21d54f6) Importer(2089858483,0ecaa5967403d082aa24f35e1b516d23)
Start importing Assets/Sprites/Standard/Equipment/head/male/bandanas.png using Guid(3e9394b817c0b634abdb9bdce21d54f6) Importer(2089858483,0ecaa5967403d082aa24f35e1b516d23)  -> (artifact id: '0a4ca8a890ce47188d00c241155e4cd4') in 0.476343 seconds
Number of updated asset objects reloaded before import = 0
Number of asset objects unloaded after import = 180
========================================================================
Received Import Request.
  Time since last request: 0.000040 seconds.
  path: Assets/Sprites/Standard/Equipment/head/female/chainmail.png
  artifactKey: Guid(ea1d40e0ecad6914cb8b2189ee71c955) Importer(2089858483,0ecaa5967403d082aa24f35e1b516d23)
Start importing Assets/Sprites/Standard/Equipment/head/female/chainmail.png using Guid(ea1d40e0ecad6914cb8b2189ee71c955) Importer(2089858483,0ecaa5967403d082aa24f35e1b516d23)  -> (artifact id: 'de8b905a755c258d9f061cff1be49d6c') in 0.469828 seconds
Number of updated asset objects reloaded before import = 0
Number of asset objects unloaded after import = 180
========================================================================
Received Import Request.
  Time since last request: 0.000028 seconds.
  path: Assets/Sprites/Standard/Equipment/arms/male/platemail.png
  artifactKey: Guid(5364e49942710d646b5f850cdf7eb2cb) Importer(2089858483,0ecaa5967403d082aa24f35e1b516d23)
Start importing Assets/Sprites/Standard/Equipment/arms/male/platemail.png using Guid(5364e49942710d646b5f850cdf7eb2cb) Importer(2089858483,0ecaa5967403d082aa24f35e1b516d23)  -> (artifact id: 'ecc502d0d08fa6f7796964f7b406f575') in 0.446332 seconds
Number of updated asset objects reloaded before import = 0
Number of asset objects unloaded after import = 180
========================================================================
Received Import Request.
  Time since last request: 0.000040 seconds.
  path: Assets/Sprites/Standard/Equipment/chest/female/shirt_sleeveless.png
  artifactKey: Guid(c1ce4c492c9843149835d5bbc82ce713) Importer(2089858483,0ecaa5967403d082aa24f35e1b516d23)
Start importing Assets/Sprites/Standard/Equipment/chest/female/shirt_sleeveless.png using Guid(c1ce4c492c9843149835d5bbc82ce713) Importer(2089858483,0ecaa5967403d082aa24f35e1b516d23)  -> (artifact id: 'b1bfdbb3e43d76c9115af25c310ee9ad') in 0.484848 seconds
Number of updated asset objects reloaded before import = 0
Number of asset objects unloaded after import = 180
========================================================================
Received Import Request.
  Time since last request: 0.000026 seconds.
  path: Assets/Sprites/Standard/Equipment/neck/female/no_th-sh/necklace.png
  artifactKey: Guid(6b62606a5a77c39429fd65cb838a3a5a) Importer(2089858483,0ecaa5967403d082aa24f35e1b516d23)
Start importing Assets/Sprites/Standard/Equipment/neck/female/no_th-sh/necklace.png using Guid(6b62606a5a77c39429fd65cb838a3a5a) Importer(2089858483,0ecaa5967403d082aa24f35e1b516d23)  -> (artifact id: '2286f2caafdb0f27cf88495636c12c66') in 0.466725 seconds
Number of updated asset objects reloaded before import = 0
Number of asset objects unloaded after import = 180
========================================================================
Received Import Request.
  Time since last request: 2.200560 seconds.
  path: Assets/Sprites/Standard/Character/hair/female/shoulderr.png
  artifactKey: Guid(b18d5e4e9be22fb44a74fb79d21358a0) Importer(2089858483,0ecaa5967403d082aa24f35e1b516d23)
Start importing Assets/Sprites/Standard/Character/hair/female/shoulderr.png using Guid(b18d5e4e9be22fb44a74fb79d21358a0) Importer(2089858483,0ecaa5967403d082aa24f35e1b516d23)  -> (artifact id: '03643a7871f71beede983d88adfe7c65') in 0.431713 seconds
Number of updated asset objects reloaded before import = 0
Number of asset objects unloaded after import = 180
========================================================================
Received Import Request.
  Time since last request: 0.000033 seconds.
  path: Assets/Sprites/Standard/Equipment/head/female/wizard_hat.png
  artifactKey: Guid(d151df27f6c7d1f4cb7f8c706cb20b10) Importer(2089858483,0ecaa5967403d082aa24f35e1b516d23)
Start importing Assets/Sprites/Standard/Equipment/head/female/wizard_hat.png using Guid(d151df27f6c7d1f4cb7f8c706cb20b10) Importer(2089858483,0ecaa5967403d082aa24f35e1b516d23)  -> (artifact id: '392108dae67d171de0f56365820318a4') in 0.526486 seconds
Number of updated asset objects reloaded before import = 0
Number of asset objects unloaded after import = 180
========================================================================
Received Import Request.
  Time since last request: 0.000050 seconds.
  path: Assets/Sprites/Standard/Equipment/head/female/bandana.png
  artifactKey: Guid(642168e302a515e439cdbef90faa0d47) Importer(2089858483,0ecaa5967403d082aa24f35e1b516d23)
Start importing Assets/Sprites/Standard/Equipment/head/female/bandana.png using Guid(642168e302a515e439cdbef90faa0d47) Importer(2089858483,0ecaa5967403d082aa24f35e1b516d23)  -> (artifact id: 'cc8283323b8b850e93171c28202c8106') in 0.728616 seconds
Number of updated asset objects reloaded before import = 0
Number of asset objects unloaded after import = 180
========================================================================
Received Import Request.
  Time since last request: 0.000042 seconds.
  path: Assets/Sprites/Standard/Equipment/head/male/spiked.png
  artifactKey: Guid(fe211d7fc42bec7408c4419d06e553ee) Importer(2089858483,0ecaa5967403d082aa24f35e1b516d23)
Start importing Assets/Sprites/Standard/Equipment/head/male/spiked.png using Guid(fe211d7fc42bec7408c4419d06e553ee) Importer(2089858483,0ecaa5967403d082aa24f35e1b516d23)  -> (artifact id: '4eb2dbe7cfc7499c10a046b99f6a96fd') in 0.710177 seconds
Number of updated asset objects reloaded before import = 0
Number of asset objects unloaded after import = 180
========================================================================
Received Import Request.
  Time since last request: 0.000051 seconds.
  path: Assets/Sprites/Standard/Character/nose/female/buttonnose_darkelf.png
  artifactKey: Guid(855a1e9e04194d840a6b8c067c9f93f8) Importer(2089858483,0ecaa5967403d082aa24f35e1b516d23)
Start importing Assets/Sprites/Standard/Character/nose/female/buttonnose_darkelf.png using Guid(855a1e9e04194d840a6b8c067c9f93f8) Importer(2089858483,0ecaa5967403d082aa24f35e1b516d23)  -> (artifact id: 'd973f2e2b0694f7ac5e77e80971d1a6b') in 0.712010 seconds
Number of updated asset objects reloaded before import = 0
Number of asset objects unloaded after import = 180
========================================================================
Received Import Request.
  Time since last request: 0.000036 seconds.
  path: Assets/Sprites/Standard/Equipment/righthand/either/bow.png
  artifactKey: Guid(d2b17a8ae9775b846b5d6aa287ecb4e8) Importer(2089858483,0ecaa5967403d082aa24f35e1b516d23)
Start importing Assets/Sprites/Standard/Equipment/righthand/either/bow.png using Guid(d2b17a8ae9775b846b5d6aa287ecb4e8) Importer(2089858483,0ecaa5967403d082aa24f35e1b516d23)  -> (artifact id: 'bbade58ea9935b19712693045d8bf336') in 0.600543 seconds
Number of updated asset objects reloaded before import = 0
Number of asset objects unloaded after import = 180
========================================================================
Received Import Request.
  Time since last request: 0.000046 seconds.
  path: Assets/Sprites/Standard/Character/nose/female/buttonnose_tanned2.png
  artifactKey: Guid(0bc279336ee3b0e43a0ce0d01a6270e9) Importer(2089858483,0ecaa5967403d082aa24f35e1b516d23)
Start importing Assets/Sprites/Standard/Character/nose/female/buttonnose_tanned2.png using Guid(0bc279336ee3b0e43a0ce0d01a6270e9) Importer(2089858483,0ecaa5967403d082aa24f35e1b516d23)  -> (artifact id: '528fd73a9e4f9c46239a417c12f53746') in 0.614422 seconds
Number of updated asset objects reloaded before import = 0
Number of asset objects unloaded after import = 180
========================================================================
Received Import Request.
  Time since last request: 0.000033 seconds.
  path: Assets/Sprites/Standard/Equipment/shoulder/male/leather.png
  artifactKey: Guid(802d844a71785a84790bf45bad2e922f) Importer(2089858483,0ecaa5967403d082aa24f35e1b516d23)
Start importing Assets/Sprites/Standard/Equipment/shoulder/male/leather.png using Guid(802d844a71785a84790bf45bad2e922f) Importer(2089858483,0ecaa5967403d082aa24f35e1b516d23)  -> (artifact id: 'b74c486fb3b185c6ddfbcb669f00c72b') in 0.563524 seconds
Number of updated asset objects reloaded before import = 0
Number of asset objects unloaded after import = 180
========================================================================
Received Import Request.
  Time since last request: 0.000041 seconds.
  path: Assets/Sprites/Standard/Equipment/waist/male/cloth.png
  artifactKey: Guid(b612ea8d5746f344087f03fac5f8d15f) Importer(2089858483,0ecaa5967403d082aa24f35e1b516d23)
Start importing Assets/Sprites/Standard/Equipment/waist/male/cloth.png using Guid(b612ea8d5746f344087f03fac5f8d15f) Importer(2089858483,0ecaa5967403d082aa24f35e1b516d23)  -> (artifact id: '1723163be4c30b756df9bc12bb4c1e18') in 0.541865 seconds
Number of updated asset objects reloaded before import = 0
Number of asset objects unloaded after import = 180
========================================================================
Received Import Request.
  Time since last request: 0.000031 seconds.
  path: Assets/Sprites/Standard/Character/nose/male/buttonnose_darkelf2.png
  artifactKey: Guid(4134e746625948d458e328d28a82b2dc) Importer(2089858483,0ecaa5967403d082aa24f35e1b516d23)
Start importing Assets/Sprites/Standard/Character/nose/male/buttonnose_darkelf2.png using Guid(4134e746625948d458e328d28a82b2dc) Importer(2089858483,0ecaa5967403d082aa24f35e1b516d23)  -> (artifact id: 'ea45d28ec682faf3bcaa58d46bac469e') in 0.604261 seconds
Number of updated asset objects reloaded before import = 0
Number of asset objects unloaded after import = 180
========================================================================
Received Import Request.
  Time since last request: 0.000046 seconds.
  path: Assets/Sprites/Standard/Character/nose/female/bignose_tanned.png
  artifactKey: Guid(968413c704c1ca94fbd5d753111024d9) Importer(2089858483,0ecaa5967403d082aa24f35e1b516d23)
Start importing Assets/Sprites/Standard/Character/nose/female/bignose_tanned.png using Guid(968413c704c1ca94fbd5d753111024d9) Importer(2089858483,0ecaa5967403d082aa24f35e1b516d23)  -> (artifact id: 'bd868c962c59998f1f5e5734a17f3d35') in 0.595399 seconds
Number of updated asset objects reloaded before import = 0
Number of asset objects unloaded after import = 180
========================================================================
Received Import Request.
  Time since last request: 0.000036 seconds.
  path: Assets/Sprites/Standard/Equipment/feet/male/platemail.png
  artifactKey: Guid(15239813ee7946d49bdae1d5bcd03d35) Importer(2089858483,0ecaa5967403d082aa24f35e1b516d23)
Start importing Assets/Sprites/Standard/Equipment/feet/male/platemail.png using Guid(15239813ee7946d49bdae1d5bcd03d35) Importer(2089858483,0ecaa5967403d082aa24f35e1b516d23)  -> (artifact id: 'f1bfe7c96e000d4b8709c687dd124a77') in 0.620974 seconds
Number of updated asset objects reloaded before import = 0
Number of asset objects unloaded after import = 180
========================================================================
Received Import Request.
  Time since last request: 0.000053 seconds.
  path: Assets/Sprites/Standard/Equipment/waist/male/leather.png
  artifactKey: Guid(7f92e4bbbda2fae4e84bb4b527797d81) Importer(2089858483,0ecaa5967403d082aa24f35e1b516d23)
Start importing Assets/Sprites/Standard/Equipment/waist/male/leather.png using Guid(7f92e4bbbda2fae4e84bb4b527797d81) Importer(2089858483,0ecaa5967403d082aa24f35e1b516d23)  -> (artifact id: 'fc265bc3946ef757fa99d81e8b9d9384') in 0.706346 seconds
Number of updated asset objects reloaded before import = 0
Number of asset objects unloaded after import = 180
========================================================================
Received Import Request.
  Time since last request: 0.000052 seconds.
  path: Assets/Sprites/Standard/Character/nose/male/bignose_darkelf.png
  artifactKey: Guid(b4958f57371ac3f429ef9c7afa4eb922) Importer(2089858483,0ecaa5967403d082aa24f35e1b516d23)
Start importing Assets/Sprites/Standard/Character/nose/male/bignose_darkelf.png using Guid(b4958f57371ac3f429ef9c7afa4eb922) Importer(2089858483,0ecaa5967403d082aa24f35e1b516d23)  -> (artifact id: 'd1010e611edb13e855b7066b611d4f42') in 0.801921 seconds
Number of updated asset objects reloaded before import = 0
Number of asset objects unloaded after import = 180
========================================================================
Received Import Request.
  Time since last request: 0.000094 seconds.
  path: Assets/Sprites/Standard/Character/nose/female/bignose_darkelf2.png
  artifactKey: Guid(80d0f36ef49eefd4e9588cee43baafd5) Importer(2089858483,0ecaa5967403d082aa24f35e1b516d23)
Start importing Assets/Sprites/Standard/Character/nose/female/bignose_darkelf2.png using Guid(80d0f36ef49eefd4e9588cee43baafd5) Importer(2089858483,0ecaa5967403d082aa24f35e1b516d23)  -> (artifact id: 'f9ad0c8249cae0b4ae0364d8e51cb744') in 0.756281 seconds
Number of updated asset objects reloaded before import = 0
Number of asset objects unloaded after import = 180
========================================================================
Received Import Request.
  Time since last request: 0.000046 seconds.
  path: Assets/Sprites/Standard/Equipment/lefthand/either/arrow_skeleton.png
  artifactKey: Guid(c81bd9c723decf744893bdedfd390d08) Importer(2089858483,0ecaa5967403d082aa24f35e1b516d23)
Start importing Assets/Sprites/Standard/Equipment/lefthand/either/arrow_skeleton.png using Guid(c81bd9c723decf744893bdedfd390d08) Importer(2089858483,0ecaa5967403d082aa24f35e1b516d23)  -> (artifact id: 'b23c2b289a53ba343c12d2d66c561acd') in 1.034353 seconds
Number of updated asset objects reloaded before import = 0
Number of asset objects unloaded after import = 180
========================================================================
Received Import Request.
  Time since last request: 0.000062 seconds.
  path: Assets/Sprites/Standard/Equipment/back/female/cape.png
  artifactKey: Guid(af0fecd1d64df624abe58deee39860e0) Importer(2089858483,0ecaa5967403d082aa24f35e1b516d23)
Start importing Assets/Sprites/Standard/Equipment/back/female/cape.png using Guid(af0fecd1d64df624abe58deee39860e0) Importer(2089858483,0ecaa5967403d082aa24f35e1b516d23)  -> (artifact id: '95ed308a6663fdef798135ec3d24e292') in 0.647698 seconds
Number of updated asset objects reloaded before import = 0
Number of asset objects unloaded after import = 180
========================================================================
Received Prepare
Begin MonoManager ReloadAssembly
Symbol file LoadedFromMemory is not a mono symbol file
- Loaded All Assemblies, in  0.930 seconds
Refreshing native plugins compatible for Editor in 10.46 ms, found 2 plugins.
Native extension for WindowsStandalone target not found
[Package Manager] Server::EnsureServerProcessIsRunning -- launch failed, reason: Unity was launched with the -noUpm command-line argument
[Package Manager] UpmClient::Send -- Unable to send message (not connected to UPM process).
[Package Manager] Cannot connect to Unity Package Manager local server
Mono: successfully reloaded assembly
- Finished resetting the current domain, in  2.001 seconds
Domain Reload Profiling: 2927ms
	BeginReloadAssembly (270ms)
		ExecutionOrderSort (0ms)
		DisableScriptedObjects (11ms)
		BackupInstance (0ms)
		ReleaseScriptingObjects (0ms)
		CreateAndSetChildDomain (60ms)
	RebuildCommonClasses (54ms)
	RebuildNativeTypeToScriptingClass (21ms)
	initialDomainReloadingComplete (52ms)
	LoadAllAssembliesAndSetupDomain (529ms)
		LoadAssemblies (542ms)
		RebuildTransferFunctionScriptingTraits (0ms)
		AnalyzeDomain (144ms)
			TypeCache.Refresh (99ms)
				TypeCache.ScanAssembly (82ms)
			ScanForSourceGeneratedMonoScriptInfo (38ms)
			ResolveRequiredComponents (6ms)
	FinalizeReload (2001ms)
		ReleaseScriptCaches (0ms)
		RebuildScriptCaches (0ms)
		SetupLoadedEditorAssemblies (1082ms)
			LogAssemblyErrors (0ms)
			InitializePlatformSupportModulesInManaged (16ms)
			SetLoadedEditorAssemblies (7ms)
			RefreshPlugins (0ms)
			BeforeProcessingInitializeOnLoad (101ms)
			ProcessInitializeOnLoadAttributes (691ms)
			ProcessInitializeOnLoadMethodAttributes (254ms)
			AfterProcessingInitializeOnLoad (13ms)
			EditorAssembliesLoaded (0ms)
		ExecutionOrderSort2 (0ms)
		AwakeInstancesAfterBackupRestoration (18ms)
Refreshing native plugins compatible for Editor in 8.70 ms, found 2 plugins.
Preloading 0 native plugins for Editor in 0.00 ms.
Unloading 2730 Unused Serialized files (Serialized files now loaded: 0)
Unloading 51 unused Assets / (43.6 KB). Loaded Objects now: 3180.
Memory consumption went from 115.0 MB to 115.0 MB.
Total: 10.957200 ms (FindLiveObjects: 0.301600 ms CreateObjectMapping: 0.113100 ms MarkObjects: 10.430100 ms  DeleteObjects: 0.110300 ms)

Prepare: number of updated asset objects reloaded= 0
AssetImportParameters requested are different than current active one (requested -> active):
  custom:video-decoder-webm-vp8: 9c59270c3fd7afecdb556c50c9e8de78 -> 
  custom:SearchIndexIgnoredProperties: e643bd26f0fe6173181afceb89e7c659 -> 
  custom:container-demuxer-ogg: 62fdf1f143b41e24485cea50d1cbac27 -> 
  custom:AudioImporter_EditorPlatform: d09bf68614088b80899f8185d706f6e7 -> 
  custom:video-decoder-ogg-theora: a1e56fd34408186e4bbccfd4996cb3dc -> 
  custom:framework-win-MediaFoundation: 216162199b28c13a410421893ffa2e32 -> 
  custom:video-encoder-webm-vp8: eb34c28f22e8b96e1ab97ce403110664 -> 
  custom:audio-decoder-ogg-vorbis: bf7c407c2cedff20999df2af8eb42d56 -> 
  custom:CustomObjectIndexerAttribute: 9a22284fe3817be447336de3de66b15e -> 
  custom:container-demuxer-webm: 4f35f7cbe854078d1ac9338744f61a02 -> 
  custom:audio-encoder-webm-vorbis: bf7c407c2cedff20999df2af8eb42d56 -> 
  custom:container-muxer-webm: aa71ff27fc2769a1b78a27578f13a17b -> 
========================================================================
Received Prepare
Begin MonoManager ReloadAssembly
Symbol file LoadedFromMemory is not a mono symbol file
- Loaded All Assemblies, in  0.797 seconds
Refreshing native plugins compatible for Editor in 10.27 ms, found 2 plugins.
Native extension for WindowsStandalone target not found
[Package Manager] Server::EnsureServerProcessIsRunning -- launch failed, reason: Unity was launched with the -noUpm command-line argument
[Package Manager] UpmClient::Send -- Unable to send message (not connected to UPM process).
[Package Manager] Cannot connect to Unity Package Manager local server
Mono: successfully reloaded assembly
- Finished resetting the current domain, in  2.224 seconds
Domain Reload Profiling: 3017ms
	BeginReloadAssembly (251ms)
		ExecutionOrderSort (0ms)
		DisableScriptedObjects (9ms)
		BackupInstance (0ms)
		ReleaseScriptingObjects (0ms)
		CreateAndSetChildDomain (50ms)
	RebuildCommonClasses (57ms)
	RebuildNativeTypeToScriptingClass (21ms)
	initialDomainReloadingComplete (61ms)
	LoadAllAssembliesAndSetupDomain (402ms)
		LoadAssemblies (534ms)
		RebuildTransferFunctionScriptingTraits (0ms)
		AnalyzeDomain (20ms)
			TypeCache.Refresh (10ms)
				TypeCache.ScanAssembly (0ms)
			ScanForSourceGeneratedMonoScriptInfo (0ms)
			ResolveRequiredComponents (7ms)
	FinalizeReload (2225ms)
		ReleaseScriptCaches (0ms)
		RebuildScriptCaches (0ms)
		SetupLoadedEditorAssemblies (1505ms)
			LogAssemblyErrors (0ms)
			InitializePlatformSupportModulesInManaged (14ms)
			SetLoadedEditorAssemblies (7ms)
			RefreshPlugins (0ms)
			BeforeProcessingInitializeOnLoad (142ms)
			ProcessInitializeOnLoadAttributes (961ms)
			ProcessInitializeOnLoadMethodAttributes (363ms)
			AfterProcessingInitializeOnLoad (17ms)
			EditorAssembliesLoaded (1ms)
		ExecutionOrderSort2 (0ms)
		AwakeInstancesAfterBackupRestoration (25ms)
Refreshing native plugins compatible for Editor in 11.16 ms, found 2 plugins.
Preloading 0 native plugins for Editor in 0.00 ms.
Unloading 2731 Unused Serialized files (Serialized files now loaded: 0)
Unloading 51 unused Assets / (43.7 KB). Loaded Objects now: 3183.
Memory consumption went from 117.2 MB to 117.2 MB.
Total: 13.934100 ms (FindLiveObjects: 0.435100 ms CreateObjectMapping: 0.211400 ms MarkObjects: 13.157300 ms  DeleteObjects: 0.127900 ms)

Prepare: number of updated asset objects reloaded= 0
AssetImportParameters requested are different than current active one (requested -> active):
  custom:video-decoder-webm-vp8: 9c59270c3fd7afecdb556c50c9e8de78 -> 
  custom:SearchIndexIgnoredProperties: e643bd26f0fe6173181afceb89e7c659 -> 
  custom:container-demuxer-ogg: 62fdf1f143b41e24485cea50d1cbac27 -> 
  custom:AudioImporter_EditorPlatform: d09bf68614088b80899f8185d706f6e7 -> 
  custom:video-decoder-ogg-theora: a1e56fd34408186e4bbccfd4996cb3dc -> 
  custom:framework-win-MediaFoundation: 216162199b28c13a410421893ffa2e32 -> 
  custom:video-encoder-webm-vp8: eb34c28f22e8b96e1ab97ce403110664 -> 
  custom:audio-decoder-ogg-vorbis: bf7c407c2cedff20999df2af8eb42d56 -> 
  custom:CustomObjectIndexerAttribute: 9a22284fe3817be447336de3de66b15e -> 
  custom:container-demuxer-webm: 4f35f7cbe854078d1ac9338744f61a02 -> 
  custom:audio-encoder-webm-vorbis: bf7c407c2cedff20999df2af8eb42d56 -> 
  custom:container-muxer-webm: aa71ff27fc2769a1b78a27578f13a17b -> 
Editor requested this worker to shutdown with reason: Scaling down because of idle timeout
TcpMessagingSession - receive error: operation aborted. errorcode: 995, details: The I/O operation has been aborted because of either a thread exit or an application request.
AssetImportWorker is now disconnected from the server
Process exiting
Exiting without the bug reporter. Application will terminate with return code 0