Using pre-set license
Built from '2022.3/staging' branch; Version is '2022.3.21f1 (bf09ca542b87) revision 12519882'; Using compiler version '192829333'; Build Type 'Release'
OS: 'Windows 10  (10.0.19045) 64bit Professional' Language: 'en' Physical Memory: 16077 MB
BatchMode: 1, IsHumanControllingUs: 0, StartBugReporterOnCrash: 0, Is64bit: 1, IsPro: 1

COMMAND LINE ARGUMENTS:
C:\Program Files\Unity\Hub\Editor\2022.3.21f1\Editor\Unity.exe
-adb2
-batchMode
-noUpm
-name
AssetImportWorker2
-projectPath
D:/Learning/Unity-LPC-Character-Animator
-logFile
Logs/AssetImportWorker2.log
-srvPort
51947
Successfully changed project path to: D:/Learning/Unity-LPC-Character-Animator
D:/Learning/Unity-LPC-Character-Animator
[UnityMemory] Configuration Parameters - Can be set up in boot.config
    "memorysetup-bucket-allocator-granularity=16"
    "memorysetup-bucket-allocator-bucket-count=8"
    "memorysetup-bucket-allocator-block-size=33554432"
    "memorysetup-bucket-allocator-block-count=8"
    "memorysetup-main-allocator-block-size=16777216"
    "memorysetup-thread-allocator-block-size=16777216"
    "memorysetup-gfx-main-allocator-block-size=16777216"
    "memorysetup-gfx-thread-allocator-block-size=16777216"
    "memorysetup-cache-allocator-block-size=4194304"
    "memorysetup-typetree-allocator-block-size=2097152"
    "memorysetup-profiler-bucket-allocator-granularity=16"
    "memorysetup-profiler-bucket-allocator-bucket-count=8"
    "memorysetup-profiler-bucket-allocator-block-size=33554432"
    "memorysetup-profiler-bucket-allocator-block-count=8"
    "memorysetup-profiler-allocator-block-size=16777216"
    "memorysetup-profiler-editor-allocator-block-size=1048576"
    "memorysetup-temp-allocator-size-main=16777216"
    "memorysetup-job-temp-allocator-block-size=2097152"
    "memorysetup-job-temp-allocator-block-size-background=1048576"
    "memorysetup-job-temp-allocator-reduction-small-platforms=262144"
    "memorysetup-allocator-temp-initial-block-size-main=262144"
    "memorysetup-allocator-temp-initial-block-size-worker=262144"
    "memorysetup-temp-allocator-size-background-worker=32768"
    "memorysetup-temp-allocator-size-job-worker=262144"
    "memorysetup-temp-allocator-size-preload-manager=33554432"
    "memorysetup-temp-allocator-size-nav-mesh-worker=65536"
    "memorysetup-temp-allocator-size-audio-worker=65536"
    "memorysetup-temp-allocator-size-cloud-worker=32768"
    "memorysetup-temp-allocator-size-gi-baking-worker=262144"
    "memorysetup-temp-allocator-size-gfx=262144"
Player connection [6124] Host "[IP] 172.28.80.1 [Port] 0 [Flags] 2 [Guid] 383043502 [EditorId] 383043502 [Version] 1048832 [Id] WindowsEditor(7,Omac-Alexandr) [Debug] 1 [PackageName] WindowsEditor [ProjectName] Editor" joined multi-casting on [225.0.0.222:54997]...

Player connection [6124] Host "[IP] 172.28.80.1 [Port] 0 [Flags] 2 [Guid] 383043502 [EditorId] 383043502 [Version] 1048832 [Id] WindowsEditor(7,Omac-Alexandr) [Debug] 1 [PackageName] WindowsEditor [ProjectName] Editor" joined alternative multi-casting on [225.0.0.222:34997]...

[Physics::Module] Initialized MultithreadedJobDispatcher with 15 workers.
Refreshing native plugins compatible for Editor in 10.67 ms, found 2 plugins.
Preloading 0 native plugins for Editor in 0.00 ms.
Initialize engine version: 2022.3.21f1 (bf09ca542b87)
[Subsystems] Discovering subsystems at path C:/Program Files/Unity/Hub/Editor/2022.3.21f1/Editor/Data/Resources/UnitySubsystems
[Subsystems] Discovering subsystems at path D:/Learning/Unity-LPC-Character-Animator/Assets
GfxDevice: creating device client; threaded=0; jobified=0
Direct3D:
    Version:  Direct3D 11.0 [level 11.1]
    Renderer: Intel(R) Iris(R) Xe Graphics (ID=0x46a6)
    Vendor:   Intel
    VRAM:     8038 MB
    Driver:   31.0.101.5382
Initialize mono
Mono path[0] = 'C:/Program Files/Unity/Hub/Editor/2022.3.21f1/Editor/Data/Managed'
Mono path[1] = 'C:/Program Files/Unity/Hub/Editor/2022.3.21f1/Editor/Data/MonoBleedingEdge/lib/mono/unityjit-win32'
Mono config path = 'C:/Program Files/Unity/Hub/Editor/2022.3.21f1/Editor/Data/MonoBleedingEdge/etc'
Using monoOptions --debugger-agent=transport=dt_socket,embedding=1,server=y,suspend=n,address=127.0.0.1:56544
Begin MonoManager ReloadAssembly
Registering precompiled unity dll's ...
Register platform support module: C:/Program Files/Unity/Hub/Editor/2022.3.21f1/Editor/Data/PlaybackEngines/WindowsStandaloneSupport/UnityEditor.WindowsStandalone.Extensions.dll
Registered in 0.009642 seconds.
- Loaded All Assemblies, in  0.449 seconds
Native extension for WindowsStandalone target not found
Mono: successfully reloaded assembly
- Finished resetting the current domain, in  0.351 seconds
Domain Reload Profiling: 798ms
	BeginReloadAssembly (153ms)
		ExecutionOrderSort (0ms)
		DisableScriptedObjects (0ms)
		BackupInstance (0ms)
		ReleaseScriptingObjects (0ms)
		CreateAndSetChildDomain (1ms)
	RebuildCommonClasses (41ms)
	RebuildNativeTypeToScriptingClass (14ms)
	initialDomainReloadingComplete (72ms)
	LoadAllAssembliesAndSetupDomain (166ms)
		LoadAssemblies (150ms)
		RebuildTransferFunctionScriptingTraits (0ms)
		AnalyzeDomain (164ms)
			TypeCache.Refresh (162ms)
				TypeCache.ScanAssembly (147ms)
			ScanForSourceGeneratedMonoScriptInfo (0ms)
			ResolveRequiredComponents (1ms)
	FinalizeReload (352ms)
		ReleaseScriptCaches (0ms)
		RebuildScriptCaches (0ms)
		SetupLoadedEditorAssemblies (276ms)
			LogAssemblyErrors (0ms)
			InitializePlatformSupportModulesInManaged (12ms)
			SetLoadedEditorAssemblies (9ms)
			RefreshPlugins (0ms)
			BeforeProcessingInitializeOnLoad (3ms)
			ProcessInitializeOnLoadAttributes (187ms)
			ProcessInitializeOnLoadMethodAttributes (65ms)
			AfterProcessingInitializeOnLoad (0ms)
			EditorAssembliesLoaded (0ms)
		ExecutionOrderSort2 (0ms)
		AwakeInstancesAfterBackupRestoration (0ms)
========================================================================
Worker process is ready to serve import requests
Begin MonoManager ReloadAssembly
Symbol file LoadedFromMemory is not a mono symbol file
- Loaded All Assemblies, in  0.842 seconds
Refreshing native plugins compatible for Editor in 5.97 ms, found 2 plugins.
Native extension for WindowsStandalone target not found
Package Manager log level set to [2]
[Package Manager] Server::EnsureServerProcessIsRunning -- launch failed, reason: Unity was launched with the -noUpm command-line argument
[Package Manager] UpmClient::Send -- Unable to send message (not connected to UPM process).
[Package Manager] Cannot connect to Unity Package Manager local server
Mono: successfully reloaded assembly
- Finished resetting the current domain, in  1.078 seconds
Domain Reload Profiling: 1917ms
	BeginReloadAssembly (235ms)
		ExecutionOrderSort (0ms)
		DisableScriptedObjects (9ms)
		BackupInstance (0ms)
		ReleaseScriptingObjects (0ms)
		CreateAndSetChildDomain (29ms)
	RebuildCommonClasses (47ms)
	RebuildNativeTypeToScriptingClass (16ms)
	initialDomainReloadingComplete (72ms)
	LoadAllAssembliesAndSetupDomain (468ms)
		LoadAssemblies (454ms)
		RebuildTransferFunctionScriptingTraits (0ms)
		AnalyzeDomain (159ms)
			TypeCache.Refresh (129ms)
				TypeCache.ScanAssembly (109ms)
			ScanForSourceGeneratedMonoScriptInfo (25ms)
			ResolveRequiredComponents (4ms)
	FinalizeReload (1079ms)
		ReleaseScriptCaches (0ms)
		RebuildScriptCaches (0ms)
		SetupLoadedEditorAssemblies (892ms)
			LogAssemblyErrors (0ms)
			InitializePlatformSupportModulesInManaged (10ms)
			SetLoadedEditorAssemblies (6ms)
			RefreshPlugins (0ms)
			BeforeProcessingInitializeOnLoad (77ms)
			ProcessInitializeOnLoadAttributes (594ms)
			ProcessInitializeOnLoadMethodAttributes (195ms)
			AfterProcessingInitializeOnLoad (9ms)
			EditorAssembliesLoaded (0ms)
		ExecutionOrderSort2 (0ms)
		AwakeInstancesAfterBackupRestoration (12ms)
Launched and connected shader compiler UnityShaderCompiler.exe after 0.05 seconds
Refreshing native plugins compatible for Editor in 7.09 ms, found 2 plugins.
Preloading 0 native plugins for Editor in 0.00 ms.
Unloading 2737 Unused Serialized files (Serialized files now loaded: 0)
Unloading 62 unused Assets / (69.3 KB). Loaded Objects now: 3177.
Memory consumption went from 112.7 MB to 112.6 MB.
Total: 9.559700 ms (FindLiveObjects: 0.337800 ms CreateObjectMapping: 0.114200 ms MarkObjects: 8.943400 ms  DeleteObjects: 0.162700 ms)

AssetImportParameters requested are different than current active one (requested -> active):
  custom:video-decoder-webm-vp8: 9c59270c3fd7afecdb556c50c9e8de78 -> 
  custom:SearchIndexIgnoredProperties: e643bd26f0fe6173181afceb89e7c659 -> 
  custom:container-demuxer-ogg: 62fdf1f143b41e24485cea50d1cbac27 -> 
  custom:AudioImporter_EditorPlatform: d09bf68614088b80899f8185d706f6e7 -> 
  custom:video-decoder-ogg-theora: a1e56fd34408186e4bbccfd4996cb3dc -> 
  custom:framework-win-MediaFoundation: 216162199b28c13a410421893ffa2e32 -> 
  custom:video-encoder-webm-vp8: eb34c28f22e8b96e1ab97ce403110664 -> 
  custom:audio-decoder-ogg-vorbis: bf7c407c2cedff20999df2af8eb42d56 -> 
  custom:CustomObjectIndexerAttribute: 9a22284fe3817be447336de3de66b15e -> 
  custom:container-demuxer-webm: 4f35f7cbe854078d1ac9338744f61a02 -> 
  custom:audio-encoder-webm-vorbis: bf7c407c2cedff20999df2af8eb42d56 -> 
  custom:container-muxer-webm: aa71ff27fc2769a1b78a27578f13a17b -> 
========================================================================
Received Import Request.
  Time since last request: 8601.538515 seconds.
  path: Assets/Sprites/Standard/Character/ears/female/big_darkelf2.png
  artifactKey: Guid(399cab3e71be154428f82931054de0a7) Importer(2089858483,0ecaa5967403d082aa24f35e1b516d23)
Start importing Assets/Sprites/Standard/Character/ears/female/big_darkelf2.png using Guid(399cab3e71be154428f82931054de0a7) Importer(2089858483,0ecaa5967403d082aa24f35e1b516d23)  -> (artifact id: '4d681f573b3e69f03d3173fde93c3188') in 0.485903 seconds
Number of updated asset objects reloaded before import = 0
Number of asset objects unloaded after import = 180
========================================================================
Received Import Request.
  Time since last request: 0.000038 seconds.
  path: Assets/Sprites/Standard/Character/ears/male/elven_dark2.png
  artifactKey: Guid(f004c343eb5362b48b13482f2f0af48c) Importer(2089858483,0ecaa5967403d082aa24f35e1b516d23)
Start importing Assets/Sprites/Standard/Character/ears/male/elven_dark2.png using Guid(f004c343eb5362b48b13482f2f0af48c) Importer(2089858483,0ecaa5967403d082aa24f35e1b516d23)  -> (artifact id: '482ec0fd5535f45517e27fb24f2a3fde') in 0.325707 seconds
Number of updated asset objects reloaded before import = 0
Number of asset objects unloaded after import = 180
========================================================================
Received Import Request.
  Time since last request: 0.000020 seconds.
  path: Assets/Sprites/Standard/Character/eyes/male/orange.png
  artifactKey: Guid(6e911458cc93a8341b59dbec5470a103) Importer(2089858483,0ecaa5967403d082aa24f35e1b516d23)
Start importing Assets/Sprites/Standard/Character/eyes/male/orange.png using Guid(6e911458cc93a8341b59dbec5470a103) Importer(2089858483,0ecaa5967403d082aa24f35e1b516d23)  -> (artifact id: '0b98c1a2c813ddb73b49d78642b699b5') in 0.327478 seconds
Number of updated asset objects reloaded before import = 0
Number of asset objects unloaded after import = 180
========================================================================
Received Import Request.
  Time since last request: 0.000028 seconds.
  path: Assets/Sprites/Standard/Character/eyes/female/purple.png
  artifactKey: Guid(f9009dc715e1d7e4581c97032cfc6027) Importer(2089858483,0ecaa5967403d082aa24f35e1b516d23)
Start importing Assets/Sprites/Standard/Character/eyes/female/purple.png using Guid(f9009dc715e1d7e4581c97032cfc6027) Importer(2089858483,0ecaa5967403d082aa24f35e1b516d23)  -> (artifact id: '0f696fe77f8871e02ced227582d275c7') in 0.317290 seconds
Number of updated asset objects reloaded before import = 0
Number of asset objects unloaded after import = 180
========================================================================
Received Import Request.
  Time since last request: 0.000021 seconds.
  path: Assets/Sprites/Standard/Character/eyes/female/gray.png
  artifactKey: Guid(3ae13461c3352224e879dadc85241930) Importer(2089858483,0ecaa5967403d082aa24f35e1b516d23)
Start importing Assets/Sprites/Standard/Character/eyes/female/gray.png using Guid(3ae13461c3352224e879dadc85241930) Importer(2089858483,0ecaa5967403d082aa24f35e1b516d23)  -> (artifact id: 'aaa800725b69393957d929eed2209ebf') in 0.302382 seconds
Number of updated asset objects reloaded before import = 0
Number of asset objects unloaded after import = 180
========================================================================
Received Import Request.
  Time since last request: 0.000031 seconds.
  path: Assets/Sprites/Standard/Character/hair/female/loose.png
  artifactKey: Guid(412731fee08553e4692ae9f65355b0f4) Importer(2089858483,0ecaa5967403d082aa24f35e1b516d23)
Start importing Assets/Sprites/Standard/Character/hair/female/loose.png using Guid(412731fee08553e4692ae9f65355b0f4) Importer(2089858483,0ecaa5967403d082aa24f35e1b516d23)  -> (artifact id: 'd8a7a8332bf0404b43c50f2f3a4307a4') in 0.311476 seconds
Number of updated asset objects reloaded before import = 0
Number of asset objects unloaded after import = 180
========================================================================
Received Import Request.
  Time since last request: 0.000022 seconds.
  path: Assets/Sprites/Standard/Character/hair/male/bedhead.png
  artifactKey: Guid(488771a5970bf8d4abdfb7201077544a) Importer(2089858483,0ecaa5967403d082aa24f35e1b516d23)
Start importing Assets/Sprites/Standard/Character/hair/male/bedhead.png using Guid(488771a5970bf8d4abdfb7201077544a) Importer(2089858483,0ecaa5967403d082aa24f35e1b516d23)  -> (artifact id: '48de556e43c5b6b44ee2b08978072d12') in 0.305885 seconds
Number of updated asset objects reloaded before import = 0
Number of asset objects unloaded after import = 180
========================================================================
Received Import Request.
  Time since last request: 0.000032 seconds.
  path: Assets/Scripts/Animation/AtlasManager.cs
  artifactKey: Guid(d00dba97354a72647851f9b131bfa34e) Importer(2089858483,0ecaa5967403d082aa24f35e1b516d23)
Start importing Assets/Scripts/Animation/AtlasManager.cs using Guid(d00dba97354a72647851f9b131bfa34e) Importer(2089858483,0ecaa5967403d082aa24f35e1b516d23)  -> (artifact id: 'd10388d8074918d963a56636facb2b70') in 0.004686 seconds
Number of updated asset objects reloaded before import = 0
Number of asset objects unloaded after import = 1
========================================================================
Received Import Request.
  Time since last request: 0.000018 seconds.
  path: Assets/demo2.unity
  artifactKey: Guid(91846cba73400234c90ba8502750630e) Importer(2089858483,0ecaa5967403d082aa24f35e1b516d23)
Start importing Assets/demo2.unity using Guid(91846cba73400234c90ba8502750630e) Importer(2089858483,0ecaa5967403d082aa24f35e1b516d23)  -> (artifact id: 'ae24603b72ef19a70caed2c0747a01d9') in 0.005174 seconds
Number of updated asset objects reloaded before import = 0
Number of asset objects unloaded after import = 1
========================================================================
Received Import Request.
  Time since last request: 0.000023 seconds.
  path: Assets/Sprites/Standard/Character/ears/female/long_darkelf2.png
  artifactKey: Guid(7b7418604e8918b418a0c839c337279e) Importer(2089858483,0ecaa5967403d082aa24f35e1b516d23)
Start importing Assets/Sprites/Standard/Character/ears/female/long_darkelf2.png using Guid(7b7418604e8918b418a0c839c337279e) Importer(2089858483,0ecaa5967403d082aa24f35e1b516d23)  -> (artifact id: '360d119dc0d776ba6256aca9d4185fd9') in 0.326682 seconds
Number of updated asset objects reloaded before import = 0
Number of asset objects unloaded after import = 180
========================================================================
Received Import Request.
  Time since last request: 0.000021 seconds.
  path: Assets/Sprites/Standard/Character/hair/male/page.png
  artifactKey: Guid(74abc0b6e99b81d4a90b7e726697d30a) Importer(2089858483,0ecaa5967403d082aa24f35e1b516d23)
Start importing Assets/Sprites/Standard/Character/hair/male/page.png using Guid(74abc0b6e99b81d4a90b7e726697d30a) Importer(2089858483,0ecaa5967403d082aa24f35e1b516d23)  -> (artifact id: 'a92efb24469f4eb5cae9195bf34c08f1') in 0.296255 seconds
Number of updated asset objects reloaded before import = 0
Number of asset objects unloaded after import = 180
========================================================================
Received Import Request.
  Time since last request: 0.000037 seconds.
  path: Assets/Sprites/Standard/Character/ears/female/elven_tanned.png
  artifactKey: Guid(cfb3fcf4ff24be7458fdca12343232e1) Importer(2089858483,0ecaa5967403d082aa24f35e1b516d23)
Start importing Assets/Sprites/Standard/Character/ears/female/elven_tanned.png using Guid(cfb3fcf4ff24be7458fdca12343232e1) Importer(2089858483,0ecaa5967403d082aa24f35e1b516d23)  -> (artifact id: 'ac59e3a0d33b6d7e38c7e6d4f08ad7af') in 0.330681 seconds
Number of updated asset objects reloaded before import = 0
Number of asset objects unloaded after import = 180
========================================================================
Received Import Request.
  Time since last request: 0.000022 seconds.
  path: Assets/Sprites/Standard/Character/hair/male/princess.png
  artifactKey: Guid(ec5357cf5f370ea45b61f065e5eac4c0) Importer(2089858483,0ecaa5967403d082aa24f35e1b516d23)
Start importing Assets/Sprites/Standard/Character/hair/male/princess.png using Guid(ec5357cf5f370ea45b61f065e5eac4c0) Importer(2089858483,0ecaa5967403d082aa24f35e1b516d23)  -> (artifact id: '54624369d339b4f4286e699a248e57bd') in 0.309281 seconds
Number of updated asset objects reloaded before import = 0
Number of asset objects unloaded after import = 180
========================================================================
Received Import Request.
  Time since last request: 0.000028 seconds.
  path: Assets/Sprites/Standard/Character/hair/male/parted.png
  artifactKey: Guid(332986caf6524d14599882995b0cf0fa) Importer(2089858483,0ecaa5967403d082aa24f35e1b516d23)
Start importing Assets/Sprites/Standard/Character/hair/male/parted.png using Guid(332986caf6524d14599882995b0cf0fa) Importer(2089858483,0ecaa5967403d082aa24f35e1b516d23)  -> (artifact id: '5cf35ed145deaaf61f638bcccf863e7f') in 0.308921 seconds
Number of updated asset objects reloaded before import = 0
Number of asset objects unloaded after import = 180
========================================================================
Received Import Request.
  Time since last request: 0.000021 seconds.
  path: Assets/Scripts/Animation/ActionAnimations/ShootAction.cs
  artifactKey: Guid(9f6dd6594bab86a4b882301f99d1e5bd) Importer(2089858483,0ecaa5967403d082aa24f35e1b516d23)
Start importing Assets/Scripts/Animation/ActionAnimations/ShootAction.cs using Guid(9f6dd6594bab86a4b882301f99d1e5bd) Importer(2089858483,0ecaa5967403d082aa24f35e1b516d23)  -> (artifact id: 'baded167ad723ab380a9960758f4cf2e') in 0.003711 seconds
Number of updated asset objects reloaded before import = 0
Number of asset objects unloaded after import = 1
========================================================================
Received Import Request.
  Time since last request: 0.000033 seconds.
  path: Assets/Editor/bitcula/LpcSpriteSettings.cs
  artifactKey: Guid(dd5a4ef2f3e5eda438e23732558b1a0c) Importer(2089858483,0ecaa5967403d082aa24f35e1b516d23)
Start importing Assets/Editor/bitcula/LpcSpriteSettings.cs using Guid(dd5a4ef2f3e5eda438e23732558b1a0c) Importer(2089858483,0ecaa5967403d082aa24f35e1b516d23)  -> (artifact id: 'd577c8bdb2960729c4c240d8262a0368') in 0.003871 seconds
Number of updated asset objects reloaded before import = 0
Number of asset objects unloaded after import = 1
========================================================================
Received Import Request.
  Time since last request: 0.000016 seconds.
  path: Assets/Sprites/Standard/Character/facialhair/female/bigstache.png
  artifactKey: Guid(c3e542a009272c044995a827dba178c9) Importer(2089858483,0ecaa5967403d082aa24f35e1b516d23)
Start importing Assets/Sprites/Standard/Character/facialhair/female/bigstache.png using Guid(c3e542a009272c044995a827dba178c9) Importer(2089858483,0ecaa5967403d082aa24f35e1b516d23)  -> (artifact id: '5095d9ef0f22f46a570fab8f58f490cb') in 0.317195 seconds
Number of updated asset objects reloaded before import = 0
Number of asset objects unloaded after import = 180
========================================================================
Received Import Request.
  Time since last request: 0.000021 seconds.
  path: Assets/Sprites/Standard/Character/eyes/female/green.png
  artifactKey: Guid(4dd0342bcd204594485ec719d0cd7c20) Importer(2089858483,0ecaa5967403d082aa24f35e1b516d23)
Start importing Assets/Sprites/Standard/Character/eyes/female/green.png using Guid(4dd0342bcd204594485ec719d0cd7c20) Importer(2089858483,0ecaa5967403d082aa24f35e1b516d23)  -> (artifact id: '41e7021ae1d716e2dd3d9bd82e79b4d4') in 0.299397 seconds
Number of updated asset objects reloaded before import = 0
Number of asset objects unloaded after import = 180
========================================================================
Received Import Request.
  Time since last request: 0.000027 seconds.
  path: Assets/Sprites/Standard/Character/eyes/male/gray.png
  artifactKey: Guid(384dccde0ca20274eae970fdee891fb7) Importer(2089858483,0ecaa5967403d082aa24f35e1b516d23)
Start importing Assets/Sprites/Standard/Character/eyes/male/gray.png using Guid(384dccde0ca20274eae970fdee891fb7) Importer(2089858483,0ecaa5967403d082aa24f35e1b516d23)  -> (artifact id: 'bae461758cb8873b30b7c88b8bd3df6a') in 0.284969 seconds
Number of updated asset objects reloaded before import = 0
Number of asset objects unloaded after import = 180
========================================================================
Received Import Request.
  Time since last request: 0.000019 seconds.
  path: Assets/Sprites/Standard/Character/ears/male/big_tanned.png
  artifactKey: Guid(6ee63a291ae0e3a4e8faba4d4e227ab0) Importer(2089858483,0ecaa5967403d082aa24f35e1b516d23)
Start importing Assets/Sprites/Standard/Character/ears/male/big_tanned.png using Guid(6ee63a291ae0e3a4e8faba4d4e227ab0) Importer(2089858483,0ecaa5967403d082aa24f35e1b516d23)  -> (artifact id: 'e0d9760409cc0491ce1628efef124d27') in 0.308670 seconds
Number of updated asset objects reloaded before import = 0
Number of asset objects unloaded after import = 180
========================================================================
Received Import Request.
  Time since last request: 0.000032 seconds.
  path: Assets/Sprites/Standard/Character/hair/male/long.png
  artifactKey: Guid(378116959745e4149aceaacb2014b481) Importer(2089858483,0ecaa5967403d082aa24f35e1b516d23)
Start importing Assets/Sprites/Standard/Character/hair/male/long.png using Guid(378116959745e4149aceaacb2014b481) Importer(2089858483,0ecaa5967403d082aa24f35e1b516d23)  -> (artifact id: '9849815dc6332b337f3f23f5e7f63c9f') in 0.292662 seconds
Number of updated asset objects reloaded before import = 0
Number of asset objects unloaded after import = 180
========================================================================
Received Import Request.
  Time since last request: 0.000022 seconds.
  path: Assets/Sprites/Standard/Character/body/female/darkelf.png
  artifactKey: Guid(ef3957e81a0c01f4895c3de569289851) Importer(2089858483,0ecaa5967403d082aa24f35e1b516d23)
Start importing Assets/Sprites/Standard/Character/body/female/darkelf.png using Guid(ef3957e81a0c01f4895c3de569289851) Importer(2089858483,0ecaa5967403d082aa24f35e1b516d23)  -> (artifact id: '6716cab3e45b118409e76e5a36b29337') in 0.298762 seconds
Number of updated asset objects reloaded before import = 0
Number of asset objects unloaded after import = 180
========================================================================
Received Import Request.
  Time since last request: 0.000029 seconds.
  path: Assets/Sprites/Standard/Character/body/female/light.png
  artifactKey: Guid(32b7ebe3ff6df244d99b7796528d4d9d) Importer(2089858483,0ecaa5967403d082aa24f35e1b516d23)
Start importing Assets/Sprites/Standard/Character/body/female/light.png using Guid(32b7ebe3ff6df244d99b7796528d4d9d) Importer(2089858483,0ecaa5967403d082aa24f35e1b516d23)  -> (artifact id: '5eaa75568ced03969e35dbca69cb6ef0') in 0.302945 seconds
Number of updated asset objects reloaded before import = 0
Number of asset objects unloaded after import = 180
========================================================================
Received Import Request.
  Time since last request: 0.000019 seconds.
  path: Assets/Sprites/Standard/Character/body/female/tanned.png
  artifactKey: Guid(bc434b6afc42a694ebbb587880ade1c4) Importer(2089858483,0ecaa5967403d082aa24f35e1b516d23)
Start importing Assets/Sprites/Standard/Character/body/female/tanned.png using Guid(bc434b6afc42a694ebbb587880ade1c4) Importer(2089858483,0ecaa5967403d082aa24f35e1b516d23)  -> (artifact id: '9899018dee9c6189ef3f4c0eee651425') in 0.311535 seconds
Number of updated asset objects reloaded before import = 0
Number of asset objects unloaded after import = 180
========================================================================
Received Import Request.
  Time since last request: 0.000028 seconds.
  path: Assets/Sprites/Standard/Character/ears/male/long_tanned.png
  artifactKey: Guid(2ccfefe5b2bd56641b30e49ed2f172a6) Importer(2089858483,0ecaa5967403d082aa24f35e1b516d23)
Start importing Assets/Sprites/Standard/Character/ears/male/long_tanned.png using Guid(2ccfefe5b2bd56641b30e49ed2f172a6) Importer(2089858483,0ecaa5967403d082aa24f35e1b516d23)  -> (artifact id: 'fdcb35a050a5691b0a270d634261b87c') in 0.318887 seconds
Number of updated asset objects reloaded before import = 0
Number of asset objects unloaded after import = 180
========================================================================
Received Import Request.
  Time since last request: 0.000020 seconds.
  path: Assets/Sprites/Standard/Character/hair/female/long.png
  artifactKey: Guid(ce4afdb0d29205849863312caa154efe) Importer(2089858483,0ecaa5967403d082aa24f35e1b516d23)
Start importing Assets/Sprites/Standard/Character/hair/female/long.png using Guid(ce4afdb0d29205849863312caa154efe) Importer(2089858483,0ecaa5967403d082aa24f35e1b516d23)  -> (artifact id: 'f68c16aba9391879a13123b21b8d508d') in 0.291216 seconds
Number of updated asset objects reloaded before import = 0
Number of asset objects unloaded after import = 180
========================================================================
Received Import Request.
  Time since last request: 0.000031 seconds.
  path: Assets/Sprites/Standard/Character/eyes/female/yellow.png
  artifactKey: Guid(0af0fcf1dee557f45b6b72231e7a5836) Importer(2089858483,0ecaa5967403d082aa24f35e1b516d23)
Start importing Assets/Sprites/Standard/Character/eyes/female/yellow.png using Guid(0af0fcf1dee557f45b6b72231e7a5836) Importer(2089858483,0ecaa5967403d082aa24f35e1b516d23)  -> (artifact id: '78b6cce7583ce40b55d89144bbf4f91f') in 0.311195 seconds
Number of updated asset objects reloaded before import = 0
Number of asset objects unloaded after import = 180
========================================================================
Received Import Request.
  Time since last request: 0.000023 seconds.
  path: Assets/Sprites/Standard/Character/eyes/female/brown.png
  artifactKey: Guid(bfddd6082d860be4da31c45a3280a6d0) Importer(2089858483,0ecaa5967403d082aa24f35e1b516d23)
Start importing Assets/Sprites/Standard/Character/eyes/female/brown.png using Guid(bfddd6082d860be4da31c45a3280a6d0) Importer(2089858483,0ecaa5967403d082aa24f35e1b516d23)  -> (artifact id: '74e605cad1077be9ab499dbfcfcf5ef8') in 0.300443 seconds
Number of updated asset objects reloaded before import = 0
Number of asset objects unloaded after import = 180
========================================================================
Received Import Request.
  Time since last request: 0.000027 seconds.
  path: Assets/Editor/bitcula/LpcSpriteProcessor.cs
  artifactKey: Guid(dc7820462a63fe4439962ee8dd08f6bf) Importer(2089858483,0ecaa5967403d082aa24f35e1b516d23)
Start importing Assets/Editor/bitcula/LpcSpriteProcessor.cs using Guid(dc7820462a63fe4439962ee8dd08f6bf) Importer(2089858483,0ecaa5967403d082aa24f35e1b516d23)  -> (artifact id: '028daf4d2028f738fec0b6cabd4edd87') in 0.003107 seconds
Number of updated asset objects reloaded before import = 0
Number of asset objects unloaded after import = 1
========================================================================
Received Import Request.
  Time since last request: 0.000013 seconds.
  path: Assets/Sprites/Standard/Character/hair/female/swoop.png
  artifactKey: Guid(4405aafbca1ca6d44ba2d4059009f425) Importer(2089858483,0ecaa5967403d082aa24f35e1b516d23)
Start importing Assets/Sprites/Standard/Character/hair/female/swoop.png using Guid(4405aafbca1ca6d44ba2d4059009f425) Importer(2089858483,0ecaa5967403d082aa24f35e1b516d23)  -> (artifact id: '12a46557968fd3ce43c90d62c899dee8') in 0.308878 seconds
Number of updated asset objects reloaded before import = 0
Number of asset objects unloaded after import = 180
========================================================================
Received Import Request.
  Time since last request: 0.000022 seconds.
  path: Assets/Sprites/Standard/Character/hair/male/longhawk.png
  artifactKey: Guid(977005e4bfcfd5f4692cdd35d64e6588) Importer(2089858483,0ecaa5967403d082aa24f35e1b516d23)
Start importing Assets/Sprites/Standard/Character/hair/male/longhawk.png using Guid(977005e4bfcfd5f4692cdd35d64e6588) Importer(2089858483,0ecaa5967403d082aa24f35e1b516d23)  -> (artifact id: '4fe3c25cac9ada4ef3328196f9418d3b') in 0.310118 seconds
Number of updated asset objects reloaded before import = 0
Number of asset objects unloaded after import = 180
========================================================================
Received Import Request.
  Time since last request: 0.000027 seconds.
  path: Assets/Sprites/Standard/Character/hair/female/bunches.png
  artifactKey: Guid(e6fbe995b6d709a439cc47507ec1b3c8) Importer(2089858483,0ecaa5967403d082aa24f35e1b516d23)
Start importing Assets/Sprites/Standard/Character/hair/female/bunches.png using Guid(e6fbe995b6d709a439cc47507ec1b3c8) Importer(2089858483,0ecaa5967403d082aa24f35e1b516d23)  -> (artifact id: '84c105bb98e3a599945ad6ea3706c744') in 0.316029 seconds
Number of updated asset objects reloaded before import = 0
Number of asset objects unloaded after import = 180
========================================================================
Received Import Request.
  Time since last request: 0.000022 seconds.
  path: Assets/Sprites/Standard/Character/body/female/darkelf2.png
  artifactKey: Guid(819c4b07395dada458d35ec8eb49229d) Importer(2089858483,0ecaa5967403d082aa24f35e1b516d23)
Start importing Assets/Sprites/Standard/Character/body/female/darkelf2.png using Guid(819c4b07395dada458d35ec8eb49229d) Importer(2089858483,0ecaa5967403d082aa24f35e1b516d23)  -> (artifact id: '13870f2443e4b21831b4a1ecf50189ca') in 0.319085 seconds
Number of updated asset objects reloaded before import = 0
Number of asset objects unloaded after import = 180
========================================================================
Received Import Request.
  Time since last request: 0.000027 seconds.
  path: Assets/Sprites/Standard/Character/ears/female/big_dark.png
  artifactKey: Guid(203387b2efb83704eb30e6c739666c3a) Importer(2089858483,0ecaa5967403d082aa24f35e1b516d23)
Start importing Assets/Sprites/Standard/Character/ears/female/big_dark.png using Guid(203387b2efb83704eb30e6c739666c3a) Importer(2089858483,0ecaa5967403d082aa24f35e1b516d23)  -> (artifact id: '011246993ba1cb90da8e668899a8db71') in 0.323407 seconds
Number of updated asset objects reloaded before import = 0
Number of asset objects unloaded after import = 180
========================================================================
Received Import Request.
  Time since last request: 4.493042 seconds.
  path: Assets/Scripts/Animation/AnimationCache.cs
  artifactKey: Guid(347bae5d4ec027e4f8f68d95f103308f) Importer(2089858483,0ecaa5967403d082aa24f35e1b516d23)
Start importing Assets/Scripts/Animation/AnimationCache.cs using Guid(347bae5d4ec027e4f8f68d95f103308f) Importer(2089858483,0ecaa5967403d082aa24f35e1b516d23)  -> (artifact id: 'e84a56bce7ba8197c127d5f6014a2cdf') in 0.004053 seconds
Number of updated asset objects reloaded before import = 0
Number of asset objects unloaded after import = 1
========================================================================
Received Import Request.
  Time since last request: 0.000017 seconds.
  path: Assets/Sprites/Standard/Character/nose/female/bignose_tanned2.png
  artifactKey: Guid(19173485bc4f2d447ae95b1fd6494528) Importer(2089858483,0ecaa5967403d082aa24f35e1b516d23)
Start importing Assets/Sprites/Standard/Character/nose/female/bignose_tanned2.png using Guid(19173485bc4f2d447ae95b1fd6494528) Importer(2089858483,0ecaa5967403d082aa24f35e1b516d23)  -> (artifact id: '50a7846e1df671f962ae5e61be67f17b') in 0.364910 seconds
Number of updated asset objects reloaded before import = 0
Number of asset objects unloaded after import = 180
========================================================================
Received Import Request.
  Time since last request: 0.000025 seconds.
  path: Assets/Sprites/Standard/Equipment/chest/female/shirt_tanktop.png
  artifactKey: Guid(affeb06c4dd9bdb43a8f20f4eed38897) Importer(2089858483,0ecaa5967403d082aa24f35e1b516d23)
Start importing Assets/Sprites/Standard/Equipment/chest/female/shirt_tanktop.png using Guid(affeb06c4dd9bdb43a8f20f4eed38897) Importer(2089858483,0ecaa5967403d082aa24f35e1b516d23)  -> (artifact id: '6746cd9334e29e2d482443e24f5c7ac7') in 0.370424 seconds
Number of updated asset objects reloaded before import = 0
Number of asset objects unloaded after import = 180
========================================================================
Received Import Request.
  Time since last request: 0.000062 seconds.
  path: Assets/Sprites/Standard/Character/nose/male/buttonnose_tanned2.png
  artifactKey: Guid(33f03ee67b4c7474983f31dc54b1ffa3) Importer(2089858483,0ecaa5967403d082aa24f35e1b516d23)
Start importing Assets/Sprites/Standard/Character/nose/male/buttonnose_tanned2.png using Guid(33f03ee67b4c7474983f31dc54b1ffa3) Importer(2089858483,0ecaa5967403d082aa24f35e1b516d23)  -> (artifact id: 'aa5ff95edf4b23f1ec31c2596936531f') in 0.362506 seconds
Number of updated asset objects reloaded before import = 0
Number of asset objects unloaded after import = 180
========================================================================
Received Import Request.
  Time since last request: 0.000028 seconds.
  path: Assets/Sprites/Standard/Equipment/feet/female/slippers.png
  artifactKey: Guid(f7dd4d36e25490349a76b3faf26def20) Importer(2089858483,0ecaa5967403d082aa24f35e1b516d23)
Start importing Assets/Sprites/Standard/Equipment/feet/female/slippers.png using Guid(f7dd4d36e25490349a76b3faf26def20) Importer(2089858483,0ecaa5967403d082aa24f35e1b516d23)  -> (artifact id: 'bbd310859e015eb0aababe4c38f71d49') in 0.327500 seconds
Number of updated asset objects reloaded before import = 0
Number of asset objects unloaded after import = 180
========================================================================
Received Import Request.
  Time since last request: 0.000037 seconds.
  path: Assets/Sprites/Standard/Character/hair/male/xlong.png
  artifactKey: Guid(520b5da170a81cd4bb67780a5b3f72ac) Importer(2089858483,0ecaa5967403d082aa24f35e1b516d23)
Start importing Assets/Sprites/Standard/Character/hair/male/xlong.png using Guid(520b5da170a81cd4bb67780a5b3f72ac) Importer(2089858483,0ecaa5967403d082aa24f35e1b516d23)  -> (artifact id: '1995e9de9049b70055ebbd921bd2892f') in 0.324981 seconds
Number of updated asset objects reloaded before import = 0
Number of asset objects unloaded after import = 180
========================================================================
Received Import Request.
  Time since last request: 0.000021 seconds.
  path: Assets/Sprites/Standard/Equipment/lefthand/male/shield_male_cutoutforbody.png
  artifactKey: Guid(fde54edb7e1606a49ba10e000b01b7b8) Importer(2089858483,0ecaa5967403d082aa24f35e1b516d23)
Start importing Assets/Sprites/Standard/Equipment/lefthand/male/shield_male_cutoutforbody.png using Guid(fde54edb7e1606a49ba10e000b01b7b8) Importer(2089858483,0ecaa5967403d082aa24f35e1b516d23)  -> (artifact id: '7004d3116c153cad4dd0d2c0086f97f7') in 0.374446 seconds
Number of updated asset objects reloaded before import = 0
Number of asset objects unloaded after import = 180
========================================================================
Received Import Request.
  Time since last request: 0.000036 seconds.
  path: Assets/Sprites/Standard/Character/nose/male/buttonnose_darkelf.png
  artifactKey: Guid(db5496a10b363584eafd5009af0d1836) Importer(2089858483,0ecaa5967403d082aa24f35e1b516d23)
Start importing Assets/Sprites/Standard/Character/nose/male/buttonnose_darkelf.png using Guid(db5496a10b363584eafd5009af0d1836) Importer(2089858483,0ecaa5967403d082aa24f35e1b516d23)  -> (artifact id: 'a1b9d70b6eb48bf1b780cb9f065fee0d') in 0.463949 seconds
Number of updated asset objects reloaded before import = 0
Number of asset objects unloaded after import = 180
========================================================================
Received Import Request.
  Time since last request: 0.000026 seconds.
  path: Assets/Sprites/Standard/Character/nose/female/straightnose_dark2.png
  artifactKey: Guid(edf7dbcb4a46c104085b94094c71f969) Importer(2089858483,0ecaa5967403d082aa24f35e1b516d23)
Start importing Assets/Sprites/Standard/Character/nose/female/straightnose_dark2.png using Guid(edf7dbcb4a46c104085b94094c71f969) Importer(2089858483,0ecaa5967403d082aa24f35e1b516d23)  -> (artifact id: 'e89dfbc1b808f121595de2c670f3badf') in 0.523559 seconds
Number of updated asset objects reloaded before import = 0
Number of asset objects unloaded after import = 180
========================================================================
Received Import Request.
  Time since last request: 0.000037 seconds.
  path: Assets/Sprites/Standard/Equipment/head/male/hood.png
  artifactKey: Guid(f6bbf959581127f4fbf93bef1a49b46a) Importer(2089858483,0ecaa5967403d082aa24f35e1b516d23)
Start importing Assets/Sprites/Standard/Equipment/head/male/hood.png using Guid(f6bbf959581127f4fbf93bef1a49b46a) Importer(2089858483,0ecaa5967403d082aa24f35e1b516d23)  -> (artifact id: '9e41427151ad60fbc8165b677af76ac5') in 0.458711 seconds
Number of updated asset objects reloaded before import = 0
Number of asset objects unloaded after import = 180
========================================================================
Received Import Request.
  Time since last request: 0.000031 seconds.
  path: Assets/Sprites/Standard/Equipment/legs/female/pants.png
  artifactKey: Guid(f0f86a5e170c0544d93cf475670ca91d) Importer(2089858483,0ecaa5967403d082aa24f35e1b516d23)
Start importing Assets/Sprites/Standard/Equipment/legs/female/pants.png using Guid(f0f86a5e170c0544d93cf475670ca91d) Importer(2089858483,0ecaa5967403d082aa24f35e1b516d23)  -> (artifact id: '976e902b6f0a2d0d6eddf61c4b47b439') in 0.468953 seconds
Number of updated asset objects reloaded before import = 0
Number of asset objects unloaded after import = 180
========================================================================
Received Import Request.
  Time since last request: 0.000040 seconds.
  path: Assets/Sprites/Standard/Equipment/chest/female/tunic.png
  artifactKey: Guid(fbd84563576c84a41bf79d11d03b537a) Importer(2089858483,0ecaa5967403d082aa24f35e1b516d23)
Start importing Assets/Sprites/Standard/Equipment/chest/female/tunic.png using Guid(fbd84563576c84a41bf79d11d03b537a) Importer(2089858483,0ecaa5967403d082aa24f35e1b516d23)  -> (artifact id: 'e1314570154961f5eced453204956ba1') in 0.474329 seconds
Number of updated asset objects reloaded before import = 0
Number of asset objects unloaded after import = 180
========================================================================
Received Import Request.
  Time since last request: 0.000029 seconds.
  path: Assets/Sprites/Standard/Equipment/waist/female/cloth.png
  artifactKey: Guid(021644b045c15254295bb3557e4359fb) Importer(2089858483,0ecaa5967403d082aa24f35e1b516d23)
Start importing Assets/Sprites/Standard/Equipment/waist/female/cloth.png using Guid(021644b045c15254295bb3557e4359fb) Importer(2089858483,0ecaa5967403d082aa24f35e1b516d23)  -> (artifact id: 'd467ebf1639a2f1faa26fabd3986f73d') in 0.484146 seconds
Number of updated asset objects reloaded before import = 0
Number of asset objects unloaded after import = 180
========================================================================
Received Import Request.
  Time since last request: 0.000039 seconds.
  path: Assets/Sprites/Standard/Equipment/chest/female/apron.png
  artifactKey: Guid(2dcba4566666f1749a369ecf7a4ff5a8) Importer(2089858483,0ecaa5967403d082aa24f35e1b516d23)
Start importing Assets/Sprites/Standard/Equipment/chest/female/apron.png using Guid(2dcba4566666f1749a369ecf7a4ff5a8) Importer(2089858483,0ecaa5967403d082aa24f35e1b516d23)  -> (artifact id: '56c3237a54b29a9f84ab3c64293be5f5') in 0.457149 seconds
Number of updated asset objects reloaded before import = 0
Number of asset objects unloaded after import = 180
========================================================================
Received Import Request.
  Time since last request: 0.000029 seconds.
  path: Assets/Sprites/Standard/Equipment/chest/male/no_th-sh/bowtie.png
  artifactKey: Guid(e82ba3093f04f49468d940df547d6284) Importer(2089858483,0ecaa5967403d082aa24f35e1b516d23)
Start importing Assets/Sprites/Standard/Equipment/chest/male/no_th-sh/bowtie.png using Guid(e82ba3093f04f49468d940df547d6284) Importer(2089858483,0ecaa5967403d082aa24f35e1b516d23)  -> (artifact id: '0716d2688c5948fc4ed7fb281387ab62') in 0.488924 seconds
Number of updated asset objects reloaded before import = 0
Number of asset objects unloaded after import = 180
========================================================================
Received Import Request.
  Time since last request: 0.000037 seconds.
  path: Assets/Sprites/Standard/Equipment/head/female/tiara.png
  artifactKey: Guid(2384287c00a87f248a0ebf726fff08e9) Importer(2089858483,0ecaa5967403d082aa24f35e1b516d23)
Start importing Assets/Sprites/Standard/Equipment/head/female/tiara.png using Guid(2384287c00a87f248a0ebf726fff08e9) Importer(2089858483,0ecaa5967403d082aa24f35e1b516d23)  -> (artifact id: '613b0ef2aa9842ad978e6a62f7b53e6a') in 0.454262 seconds
Number of updated asset objects reloaded before import = 0
Number of asset objects unloaded after import = 180
========================================================================
Received Import Request.
  Time since last request: 0.000027 seconds.
  path: Assets/Sprites/Standard/Equipment/hands/female/cloth.png
  artifactKey: Guid(c7324f0288d120242b549a717e79cf21) Importer(2089858483,0ecaa5967403d082aa24f35e1b516d23)
Start importing Assets/Sprites/Standard/Equipment/hands/female/cloth.png using Guid(c7324f0288d120242b549a717e79cf21) Importer(2089858483,0ecaa5967403d082aa24f35e1b516d23)  -> (artifact id: '312a5906907ade66606e9b01b18cc9d9') in 0.443666 seconds
Number of updated asset objects reloaded before import = 0
Number of asset objects unloaded after import = 180
========================================================================
Received Import Request.
  Time since last request: 0.000036 seconds.
  path: Assets/Sprites/Standard/Equipment/chest/male/platemail.png
  artifactKey: Guid(77ce003194132b84aa5d03ad05992afe) Importer(2089858483,0ecaa5967403d082aa24f35e1b516d23)
Start importing Assets/Sprites/Standard/Equipment/chest/male/platemail.png using Guid(77ce003194132b84aa5d03ad05992afe) Importer(2089858483,0ecaa5967403d082aa24f35e1b516d23)  -> (artifact id: '895c45dc4cfa86016110410c05f39ea7') in 0.468278 seconds
Number of updated asset objects reloaded before import = 0
Number of asset objects unloaded after import = 180
========================================================================
Received Import Request.
  Time since last request: 0.000028 seconds.
  path: Assets/Sprites/Standard/Equipment/righthand/male/dagger_male.png
  artifactKey: Guid(1d9cd62991a4fc64a8ea6da6b7707f14) Importer(2089858483,0ecaa5967403d082aa24f35e1b516d23)
Start importing Assets/Sprites/Standard/Equipment/righthand/male/dagger_male.png using Guid(1d9cd62991a4fc64a8ea6da6b7707f14) Importer(2089858483,0ecaa5967403d082aa24f35e1b516d23)  -> (artifact id: 'e7016f4fbdce938cd773de4a55dd6df0') in 0.455270 seconds
Number of updated asset objects reloaded before import = 0
Number of asset objects unloaded after import = 180
========================================================================
Received Import Request.
  Time since last request: 2.244399 seconds.
  path: Assets/Sprites/Standard/Character/facialhair/female/fiveoclock.png
  artifactKey: Guid(6c579c4ddc4357542811ae1c90f2b903) Importer(2089858483,0ecaa5967403d082aa24f35e1b516d23)
Start importing Assets/Sprites/Standard/Character/facialhair/female/fiveoclock.png using Guid(6c579c4ddc4357542811ae1c90f2b903) Importer(2089858483,0ecaa5967403d082aa24f35e1b516d23)  -> (artifact id: '27dbd99c537b70f38383d862c4021fbe') in 0.436825 seconds
Number of updated asset objects reloaded before import = 0
Number of asset objects unloaded after import = 180
========================================================================
Received Import Request.
  Time since last request: 0.000033 seconds.
  path: Assets/Sprites/Standard/Character/nose/female/straightnose_tanned.png
  artifactKey: Guid(f409843fc52c4f74ea2d392555239571) Importer(2089858483,0ecaa5967403d082aa24f35e1b516d23)
Start importing Assets/Sprites/Standard/Character/nose/female/straightnose_tanned.png using Guid(f409843fc52c4f74ea2d392555239571) Importer(2089858483,0ecaa5967403d082aa24f35e1b516d23)  -> (artifact id: 'a520b77681b49c819fec84e4333689a8') in 0.567912 seconds
Number of updated asset objects reloaded before import = 0
Number of asset objects unloaded after import = 180
========================================================================
Received Import Request.
  Time since last request: 0.000064 seconds.
  path: Assets/Sprites/Standard/Equipment/chest/female/overskirt.png
  artifactKey: Guid(f531d1f418778fd4b9ad2f1013fecc97) Importer(2089858483,0ecaa5967403d082aa24f35e1b516d23)
Start importing Assets/Sprites/Standard/Equipment/chest/female/overskirt.png using Guid(f531d1f418778fd4b9ad2f1013fecc97) Importer(2089858483,0ecaa5967403d082aa24f35e1b516d23)  -> (artifact id: '4fb581a7aeb7fce546c3727061417739') in 0.717525 seconds
Number of updated asset objects reloaded before import = 0
Number of asset objects unloaded after import = 180
========================================================================
Received Import Request.
  Time since last request: 0.000039 seconds.
  path: Assets/Sprites/Standard/Equipment/lefthand/male/shield_male_cutoutforhat.png
  artifactKey: Guid(c7d46996aeba9f740bdffc03eda0d459) Importer(2089858483,0ecaa5967403d082aa24f35e1b516d23)
Start importing Assets/Sprites/Standard/Equipment/lefthand/male/shield_male_cutoutforhat.png using Guid(c7d46996aeba9f740bdffc03eda0d459) Importer(2089858483,0ecaa5967403d082aa24f35e1b516d23)  -> (artifact id: '2ac1dcf86b0028dfcb808b7a0079ed2e') in 0.794458 seconds
Number of updated asset objects reloaded before import = 0
Number of asset objects unloaded after import = 180
========================================================================
Received Import Request.
  Time since last request: 0.000052 seconds.
  path: Assets/Sprites/Standard/Character/nose/male/straightnose_dark.png
  artifactKey: Guid(ded6a1c9b23923242b95b7f8974350a4) Importer(2089858483,0ecaa5967403d082aa24f35e1b516d23)
Start importing Assets/Sprites/Standard/Character/nose/male/straightnose_dark.png using Guid(ded6a1c9b23923242b95b7f8974350a4) Importer(2089858483,0ecaa5967403d082aa24f35e1b516d23)  -> (artifact id: '9c0d071e369b5c63646a3488992e4de5') in 0.698463 seconds
Number of updated asset objects reloaded before import = 0
Number of asset objects unloaded after import = 180
========================================================================
Received Import Request.
  Time since last request: 0.000041 seconds.
  path: Assets/Sprites/Standard/Character/nose/male/bignose_light.png
  artifactKey: Guid(103c039aea9a2d44e9382a1fc95d9b49) Importer(2089858483,0ecaa5967403d082aa24f35e1b516d23)
Start importing Assets/Sprites/Standard/Character/nose/male/bignose_light.png using Guid(103c039aea9a2d44e9382a1fc95d9b49) Importer(2089858483,0ecaa5967403d082aa24f35e1b516d23)  -> (artifact id: '75ec20137892755b461abf3639ecccdd') in 0.652354 seconds
Number of updated asset objects reloaded before import = 0
Number of asset objects unloaded after import = 180
========================================================================
Received Import Request.
  Time since last request: 0.000046 seconds.
  path: Assets/Sprites/Standard/Character/nose/female/buttonnose_dark.png
  artifactKey: Guid(2cf220d6483b8f344826e4aac2599ea9) Importer(2089858483,0ecaa5967403d082aa24f35e1b516d23)
Start importing Assets/Sprites/Standard/Character/nose/female/buttonnose_dark.png using Guid(2cf220d6483b8f344826e4aac2599ea9) Importer(2089858483,0ecaa5967403d082aa24f35e1b516d23)  -> (artifact id: '3f8c00b00a76c94af083db3a2349f78a') in 0.609860 seconds
Number of updated asset objects reloaded before import = 0
Number of asset objects unloaded after import = 180
========================================================================
Received Import Request.
  Time since last request: 0.000033 seconds.
  path: Assets/Sprites/Standard/Equipment/lefthand/either/arrow.png
  artifactKey: Guid(e8e42045a12ea3d4dbf031e8befebc86) Importer(2089858483,0ecaa5967403d082aa24f35e1b516d23)
Start importing Assets/Sprites/Standard/Equipment/lefthand/either/arrow.png using Guid(e8e42045a12ea3d4dbf031e8befebc86) Importer(2089858483,0ecaa5967403d082aa24f35e1b516d23)  -> (artifact id: 'bd00dd821e486917dd5ffc3329f3f2f4') in 0.555331 seconds
Number of updated asset objects reloaded before import = 0
Number of asset objects unloaded after import = 180
========================================================================
Received Import Request.
  Time since last request: 0.000044 seconds.
  path: Assets/Sprites/Standard/Equipment/chest/male/no_th-sh/shirt.png
  artifactKey: Guid(78d32f44dbf71a24c936f0d9c040ed11) Importer(2089858483,0ecaa5967403d082aa24f35e1b516d23)
Start importing Assets/Sprites/Standard/Equipment/chest/male/no_th-sh/shirt.png using Guid(78d32f44dbf71a24c936f0d9c040ed11) Importer(2089858483,0ecaa5967403d082aa24f35e1b516d23)  -> (artifact id: 'f959cdaebb03f49089d4b7d9a8726709') in 0.572265 seconds
Number of updated asset objects reloaded before import = 0
Number of asset objects unloaded after import = 180
========================================================================
Received Import Request.
  Time since last request: 0.000045 seconds.
  path: Assets/Sprites/Standard/Equipment/legs/female/overskirt.png
  artifactKey: Guid(08902668f1e7e944e99643fd26d02280) Importer(2089858483,0ecaa5967403d082aa24f35e1b516d23)
Start importing Assets/Sprites/Standard/Equipment/legs/female/overskirt.png using Guid(08902668f1e7e944e99643fd26d02280) Importer(2089858483,0ecaa5967403d082aa24f35e1b516d23)  -> (artifact id: 'f823baaa7a11df1b33f3065c1c907407') in 0.557507 seconds
Number of updated asset objects reloaded before import = 0
Number of asset objects unloaded after import = 180
========================================================================
Received Import Request.
  Time since last request: 0.000052 seconds.
  path: Assets/Sprites/Standard/Equipment/wrists/male/leather.png
  artifactKey: Guid(494d2283795300e488f113bb7cc6dcab) Importer(2089858483,0ecaa5967403d082aa24f35e1b516d23)
Start importing Assets/Sprites/Standard/Equipment/wrists/male/leather.png using Guid(494d2283795300e488f113bb7cc6dcab) Importer(2089858483,0ecaa5967403d082aa24f35e1b516d23)  -> (artifact id: '64989cd60a77eca573ad8a0617b8040c') in 0.569663 seconds
Number of updated asset objects reloaded before import = 0
Number of asset objects unloaded after import = 180
========================================================================
Received Import Request.
  Time since last request: 0.000035 seconds.
  path: Assets/Sprites/Standard/Equipment/legs/male/skirt.png
  artifactKey: Guid(02a9a829f69bd0a40b464f6dbb2e1648) Importer(2089858483,0ecaa5967403d082aa24f35e1b516d23)
Start importing Assets/Sprites/Standard/Equipment/legs/male/skirt.png using Guid(02a9a829f69bd0a40b464f6dbb2e1648) Importer(2089858483,0ecaa5967403d082aa24f35e1b516d23)  -> (artifact id: '06fe5ea72f0c8101306d5d1c27080c34') in 0.626483 seconds
Number of updated asset objects reloaded before import = 0
Number of asset objects unloaded after import = 180
========================================================================
Received Import Request.
  Time since last request: 0.000056 seconds.
  path: Assets/Sprites/Standard/Equipment/waist/female/platemail.png
  artifactKey: Guid(98cb5d2ea5d4a2c45800bf5576870355) Importer(2089858483,0ecaa5967403d082aa24f35e1b516d23)
Start importing Assets/Sprites/Standard/Equipment/waist/female/platemail.png using Guid(98cb5d2ea5d4a2c45800bf5576870355) Importer(2089858483,0ecaa5967403d082aa24f35e1b516d23)  -> (artifact id: '09fa2b88a410c09d62b5d8c04593ab6c') in 0.739526 seconds
Number of updated asset objects reloaded before import = 0
Number of asset objects unloaded after import = 180
========================================================================
Received Import Request.
  Time since last request: 0.000042 seconds.
  path: Assets/Sprites/Standard/Equipment/hands/female/platemail.png
  artifactKey: Guid(82d539b9d4980334cb8358cb236e0028) Importer(2089858483,0ecaa5967403d082aa24f35e1b516d23)
Start importing Assets/Sprites/Standard/Equipment/hands/female/platemail.png using Guid(82d539b9d4980334cb8358cb236e0028) Importer(2089858483,0ecaa5967403d082aa24f35e1b516d23)  -> (artifact id: '8a29448e0995866c7b8efa73c715bb7a') in 0.787878 seconds
Number of updated asset objects reloaded before import = 0
Number of asset objects unloaded after import = 180
========================================================================
Received Import Request.
  Time since last request: 0.000068 seconds.
  path: Assets/Sprites/Standard/Character/nose/male/straightnose_tanned.png
  artifactKey: Guid(f411cf7c26b3d0e4eaf9ae4bd5fd811c) Importer(2089858483,0ecaa5967403d082aa24f35e1b516d23)
Start importing Assets/Sprites/Standard/Character/nose/male/straightnose_tanned.png using Guid(f411cf7c26b3d0e4eaf9ae4bd5fd811c) Importer(2089858483,0ecaa5967403d082aa24f35e1b516d23)  -> (artifact id: 'c2527d623664d63fdee487689d295ab5') in 0.738969 seconds
Number of updated asset objects reloaded before import = 0
Number of asset objects unloaded after import = 180
========================================================================
Received Import Request.
  Time since last request: 0.000045 seconds.
  path: Assets/Sprites/Standard/Equipment/back/both/no_th-sh/wings.png
  artifactKey: Guid(5b27f148661f9d34e9586852d416f711) Importer(2089858483,0ecaa5967403d082aa24f35e1b516d23)
Start importing Assets/Sprites/Standard/Equipment/back/both/no_th-sh/wings.png using Guid(5b27f148661f9d34e9586852d416f711) Importer(2089858483,0ecaa5967403d082aa24f35e1b516d23)  -> (artifact id: 'c55db35c7f525bfbae2b94863bb4b880') in 1.024220 seconds
Number of updated asset objects reloaded before import = 0
Number of asset objects unloaded after import = 180
========================================================================
Received Import Request.
  Time since last request: 0.000057 seconds.
  path: Assets/Sprites/Standard/Character/nose/male/bignose_dark2.png
  artifactKey: Guid(dc9ba555977c72a47ad68e30dc4d737d) Importer(2089858483,0ecaa5967403d082aa24f35e1b516d23)
Start importing Assets/Sprites/Standard/Character/nose/male/bignose_dark2.png using Guid(dc9ba555977c72a47ad68e30dc4d737d) Importer(2089858483,0ecaa5967403d082aa24f35e1b516d23)  -> (artifact id: '72f00bf0a5f08fef42edaa0307870330') in 0.697855 seconds
Number of updated asset objects reloaded before import = 0
Number of asset objects unloaded after import = 180
========================================================================
Received Prepare
Begin MonoManager ReloadAssembly
Symbol file LoadedFromMemory is not a mono symbol file
- Loaded All Assemblies, in  0.924 seconds
Refreshing native plugins compatible for Editor in 10.27 ms, found 2 plugins.
Native extension for WindowsStandalone target not found
[Package Manager] Server::EnsureServerProcessIsRunning -- launch failed, reason: Unity was launched with the -noUpm command-line argument
[Package Manager] UpmClient::Send -- Unable to send message (not connected to UPM process).
[Package Manager] Cannot connect to Unity Package Manager local server
Mono: successfully reloaded assembly
- Finished resetting the current domain, in  2.006 seconds
Domain Reload Profiling: 2926ms
	BeginReloadAssembly (273ms)
		ExecutionOrderSort (0ms)
		DisableScriptedObjects (11ms)
		BackupInstance (0ms)
		ReleaseScriptingObjects (0ms)
		CreateAndSetChildDomain (62ms)
	RebuildCommonClasses (55ms)
	RebuildNativeTypeToScriptingClass (21ms)
	initialDomainReloadingComplete (55ms)
	LoadAllAssembliesAndSetupDomain (517ms)
		LoadAssemblies (532ms)
		RebuildTransferFunctionScriptingTraits (0ms)
		AnalyzeDomain (143ms)
			TypeCache.Refresh (97ms)
				TypeCache.ScanAssembly (81ms)
			ScanForSourceGeneratedMonoScriptInfo (38ms)
			ResolveRequiredComponents (6ms)
	FinalizeReload (2007ms)
		ReleaseScriptCaches (0ms)
		RebuildScriptCaches (0ms)
		SetupLoadedEditorAssemblies (1083ms)
			LogAssemblyErrors (0ms)
			InitializePlatformSupportModulesInManaged (14ms)
			SetLoadedEditorAssemblies (7ms)
			RefreshPlugins (0ms)
			BeforeProcessingInitializeOnLoad (97ms)
			ProcessInitializeOnLoadAttributes (685ms)
			ProcessInitializeOnLoadMethodAttributes (268ms)
			AfterProcessingInitializeOnLoad (13ms)
			EditorAssembliesLoaded (0ms)
		ExecutionOrderSort2 (0ms)
		AwakeInstancesAfterBackupRestoration (19ms)
Refreshing native plugins compatible for Editor in 9.20 ms, found 2 plugins.
Preloading 0 native plugins for Editor in 0.00 ms.
Unloading 2730 Unused Serialized files (Serialized files now loaded: 0)
Unloading 51 unused Assets / (43.6 KB). Loaded Objects now: 3180.
Memory consumption went from 115.0 MB to 114.9 MB.
Total: 12.931600 ms (FindLiveObjects: 0.262300 ms CreateObjectMapping: 0.113500 ms MarkObjects: 12.453800 ms  DeleteObjects: 0.100000 ms)

Prepare: number of updated asset objects reloaded= 0
AssetImportParameters requested are different than current active one (requested -> active):
  custom:video-decoder-webm-vp8: 9c59270c3fd7afecdb556c50c9e8de78 -> 
  custom:SearchIndexIgnoredProperties: e643bd26f0fe6173181afceb89e7c659 -> 
  custom:container-demuxer-ogg: 62fdf1f143b41e24485cea50d1cbac27 -> 
  custom:AudioImporter_EditorPlatform: d09bf68614088b80899f8185d706f6e7 -> 
  custom:video-decoder-ogg-theora: a1e56fd34408186e4bbccfd4996cb3dc -> 
  custom:framework-win-MediaFoundation: 216162199b28c13a410421893ffa2e32 -> 
  custom:video-encoder-webm-vp8: eb34c28f22e8b96e1ab97ce403110664 -> 
  custom:audio-decoder-ogg-vorbis: bf7c407c2cedff20999df2af8eb42d56 -> 
  custom:CustomObjectIndexerAttribute: 9a22284fe3817be447336de3de66b15e -> 
  custom:container-demuxer-webm: 4f35f7cbe854078d1ac9338744f61a02 -> 
  custom:audio-encoder-webm-vorbis: bf7c407c2cedff20999df2af8eb42d56 -> 
  custom:container-muxer-webm: aa71ff27fc2769a1b78a27578f13a17b -> 
========================================================================
Received Prepare
Begin MonoManager ReloadAssembly
Symbol file LoadedFromMemory is not a mono symbol file
- Loaded All Assemblies, in  0.787 seconds
Refreshing native plugins compatible for Editor in 9.30 ms, found 2 plugins.
Native extension for WindowsStandalone target not found
[Package Manager] Server::EnsureServerProcessIsRunning -- launch failed, reason: Unity was launched with the -noUpm command-line argument
[Package Manager] UpmClient::Send -- Unable to send message (not connected to UPM process).
[Package Manager] Cannot connect to Unity Package Manager local server
Mono: successfully reloaded assembly
- Finished resetting the current domain, in  2.257 seconds
Domain Reload Profiling: 3039ms
	BeginReloadAssembly (244ms)
		ExecutionOrderSort (0ms)
		DisableScriptedObjects (9ms)
		BackupInstance (0ms)
		ReleaseScriptingObjects (0ms)
		CreateAndSetChildDomain (48ms)
	RebuildCommonClasses (58ms)
	RebuildNativeTypeToScriptingClass (21ms)
	initialDomainReloadingComplete (58ms)
	LoadAllAssembliesAndSetupDomain (400ms)
		LoadAssemblies (526ms)
		RebuildTransferFunctionScriptingTraits (0ms)
		AnalyzeDomain (22ms)
			TypeCache.Refresh (13ms)
				TypeCache.ScanAssembly (0ms)
			ScanForSourceGeneratedMonoScriptInfo (0ms)
			ResolveRequiredComponents (7ms)
	FinalizeReload (2257ms)
		ReleaseScriptCaches (0ms)
		RebuildScriptCaches (0ms)
		SetupLoadedEditorAssemblies (1515ms)
			LogAssemblyErrors (0ms)
			InitializePlatformSupportModulesInManaged (14ms)
			SetLoadedEditorAssemblies (7ms)
			RefreshPlugins (0ms)
			BeforeProcessingInitializeOnLoad (142ms)
			ProcessInitializeOnLoadAttributes (965ms)
			ProcessInitializeOnLoadMethodAttributes (370ms)
			AfterProcessingInitializeOnLoad (17ms)
			EditorAssembliesLoaded (1ms)
		ExecutionOrderSort2 (0ms)
		AwakeInstancesAfterBackupRestoration (23ms)
Refreshing native plugins compatible for Editor in 10.35 ms, found 2 plugins.
Preloading 0 native plugins for Editor in 0.00 ms.
Unloading 2731 Unused Serialized files (Serialized files now loaded: 0)
Unloading 51 unused Assets / (43.5 KB). Loaded Objects now: 3183.
Memory consumption went from 117.2 MB to 117.1 MB.
Total: 13.222400 ms (FindLiveObjects: 0.422800 ms CreateObjectMapping: 0.184600 ms MarkObjects: 12.499400 ms  DeleteObjects: 0.113000 ms)

Prepare: number of updated asset objects reloaded= 0
AssetImportParameters requested are different than current active one (requested -> active):
  custom:video-decoder-webm-vp8: 9c59270c3fd7afecdb556c50c9e8de78 -> 
  custom:SearchIndexIgnoredProperties: e643bd26f0fe6173181afceb89e7c659 -> 
  custom:container-demuxer-ogg: 62fdf1f143b41e24485cea50d1cbac27 -> 
  custom:AudioImporter_EditorPlatform: d09bf68614088b80899f8185d706f6e7 -> 
  custom:video-decoder-ogg-theora: a1e56fd34408186e4bbccfd4996cb3dc -> 
  custom:framework-win-MediaFoundation: 216162199b28c13a410421893ffa2e32 -> 
  custom:video-encoder-webm-vp8: eb34c28f22e8b96e1ab97ce403110664 -> 
  custom:audio-decoder-ogg-vorbis: bf7c407c2cedff20999df2af8eb42d56 -> 
  custom:CustomObjectIndexerAttribute: 9a22284fe3817be447336de3de66b15e -> 
  custom:container-demuxer-webm: 4f35f7cbe854078d1ac9338744f61a02 -> 
  custom:audio-encoder-webm-vorbis: bf7c407c2cedff20999df2af8eb42d56 -> 
  custom:container-muxer-webm: aa71ff27fc2769a1b78a27578f13a17b -> 
========================================================================
Received Import Request.
  Time since last request: 62.175129 seconds.
  path: Assets/Sprites/Standard/Character/eyes
  artifactKey: Guid(113c95d44db35e644832667fde496330) Importer(815301076,1909f56bfc062723c751e8b465ee728b)
Start importing Assets/Sprites/Standard/Character/eyes using Guid(113c95d44db35e644832667fde496330) Importer(815301076,1909f56bfc062723c751e8b465ee728b)  -> (artifact id: 'c756b6f0f54845db23a8789b3165f0ca') in 0.002426 seconds
Number of updated asset objects reloaded before import = 0
Number of asset objects unloaded after import = 0
========================================================================
Received Import Request.
  Time since last request: 1.045548 seconds.
  path: Assets/Sprites/Standard/Character/eyes/female
  artifactKey: Guid(553607dba58ffa8448db2a2db74f6948) Importer(815301076,1909f56bfc062723c751e8b465ee728b)
Start importing Assets/Sprites/Standard/Character/eyes/female using Guid(553607dba58ffa8448db2a2db74f6948) Importer(815301076,1909f56bfc062723c751e8b465ee728b)  -> (artifact id: '542403c22321aa4d08bdabfe739b66eb') in 0.000813 seconds
Number of updated asset objects reloaded before import = 0
Number of asset objects unloaded after import = 0
========================================================================
Received Import Request.
  Time since last request: 0.078267 seconds.
  path: Assets/Sprites/Standard/Character/eyes/female/blue.png
  artifactKey: Guid(d50073f7bfb5ec442a84e4efcfe875df) Importer(815301076,1909f56bfc062723c751e8b465ee728b)
Start importing Assets/Sprites/Standard/Character/eyes/female/blue.png using Guid(d50073f7bfb5ec442a84e4efcfe875df) Importer(815301076,1909f56bfc062723c751e8b465ee728b)  -> (artifact id: 'ee6c6b5dc7883f9f9e2e0a4b4f5cbb31') in 0.861683 seconds
Number of updated asset objects reloaded before import = 0
Number of asset objects unloaded after import = 180
========================================================================
Received Import Request.
  Time since last request: 0.000042 seconds.
  path: Assets/Sprites/Standard/Character/eyes/female/green.png
  artifactKey: Guid(4dd0342bcd204594485ec719d0cd7c20) Importer(815301076,1909f56bfc062723c751e8b465ee728b)
Start importing Assets/Sprites/Standard/Character/eyes/female/green.png using Guid(4dd0342bcd204594485ec719d0cd7c20) Importer(815301076,1909f56bfc062723c751e8b465ee728b)  -> (artifact id: '4fcd8ee9c6cdcf14a60c3aab638010c4') in 0.778181 seconds
Number of updated asset objects reloaded before import = 0
Number of asset objects unloaded after import = 180
========================================================================
Received Import Request.
  Time since last request: 0.000050 seconds.
  path: Assets/Sprites/Standard/Character/eyes/female/orange.png
  artifactKey: Guid(fccff7607cc80f04fb4e2182a0775be5) Importer(815301076,1909f56bfc062723c751e8b465ee728b)
Start importing Assets/Sprites/Standard/Character/eyes/female/orange.png using Guid(fccff7607cc80f04fb4e2182a0775be5) Importer(815301076,1909f56bfc062723c751e8b465ee728b)  -> (artifact id: '807190a4c2675af15fdcf3c1feb32d07') in 0.781715 seconds
Number of updated asset objects reloaded before import = 0
Number of asset objects unloaded after import = 180
Editor requested this worker to shutdown with reason: Scaling down because of idle timeout
TcpMessagingSession - receive error: operation aborted. errorcode: 995, details: The I/O operation has been aborted because of either a thread exit or an application request.
AssetImportWorker is now disconnected from the server
Process exiting
Exiting without the bug reporter. Application will terminate with return code 0